1:
3.81871003558
3.52771003558
3.45971003558
4.89571003558
3.88271003558
4.07071003558
3.57071003558
3.85371003558
4.21571003558
3.75271003558
2.75971003558
3.72471003558
4.32371003558
4.17971003558
2.96471003558
4.41371003558
3.98771003558
4.43871003558
4.31471003558
4.36471003558
3.25871003558
5.23771003558
3.65871003558
10:
2.98071003558
2.71571003558
1000:
3.25271003558
2.94171003558
2.70671003558
4.70671003558
3.63771003558
3.50571003558
3.32671003558
3.99371003558
3.14171003558
2.85571003558
3.34871003558
3.63771003558
3.30371003558
4.35871003558
3.98171003558
3.10171003558
3.06771003558
3.09471003558
3.25671003558
3.70671003558
3.70671003558
3.98071003558
2.40371003558
3.11371003558
4.12071003558
3.15471003558
3.67871003558
10000:
3.79571003558
3.98971003558
10001:
3.65771003558
4.36071003558
3.94271003558
2.79271003558
4.19971003558
3.41971003558
3.51471003558
4.01471003558
4.02571003558
2.84671003558
4.21671003558
4.23171003558
2.99971003558
4.26771003558
3.85271003558
4.00771003558
4.46771003558
10002:
4.53071003558
3.56571003558
4.97771003558
4.07471003558
10003:
1.93271003558
10004:
5.16871003558
4.18071003558
4.41571003558
4.01571003558
4.78071003558
4.42171003558
4.54471003558
4.33071003558
4.38471003558
4.20071003558
4.19571003558
3.93671003558
4.36871003558
3.87971003558
5.62471003558
4.68571003558
4.53071003558
4.52471003558
4.71571003558
5.12471003558
4.35371003558
4.11871003558
3.87271003558
4.24471003558
5.41071003558
3.92071003558
4.26571003558
4.45771003558
3.29671003558
4.71971003558
4.64871003558
10005:
3.62071003558
4.08371003558
3.19871003558
3.06271003558
3.65371003558
10006:
3.99771003558
3.42271003558
4.18571003558
2.91171003558
10007:
2.17971003558
2.81971003558
2.49571003558
2.36771003558
2.05771003558
2.63971003558
2.22371003558
2.97271003558
2.49871003558
2.87871003558
2.36271003558
2.84571003558
2.54671003558
10008:
4.89471003558
3.56071003558
3.69771003558
3.17171003558
4.41871003558
4.17971003558
4.15671003558
10009:
3.86871003558
3.63271003558
4.79171003558
2.82071003558
2.65771003558
3.53571003558
1001:
3.23271003558
3.55071003558
3.89671003558
3.04371003558
4.17071003558
4.02171003558
3.74771003558
3.70571003558
2.67771003558
3.69471003558
3.64171003558
4.13671003558
2.87771003558
3.73271003558
3.41271003558
3.31971003558
4.01871003558
3.81871003558
2.93671003558
3.23471003558
3.23271003558
3.70271003558
3.32571003558
2.77371003558
3.54971003558
2.88271003558
3.61871003558
3.67571003558
4.00571003558
4.10571003558
3.68071003558
4.73271003558
2.97271003558
3.47671003558
3.31571003558
3.50771003558
4.08971003558
2.73271003558
3.39971003558
3.73671003558
3.97871003558
3.02871003558
3.64571003558
4.01471003558
4.10571003558
3.84971003558
3.44071003558
3.05671003558
3.21071003558
4.08571003558
3.18271003558
2.20771003558
2.53271003558
3.56571003558
4.13271003558
4.17871003558
3.58171003558
3.31071003558
3.49071003558
3.16771003558
3.42371003558
3.13271003558
2.93871003558
2.88571003558
4.10771003558
3.16171003558
2.76371003558
3.00371003558
4.00571003558
3.46071003558
2.88671003558
3.29871003558
3.54371003558
3.01871003558
2.23271003558
3.74571003558
2.62771003558
2.45671003558
3.65171003558
3.53871003558
4.23271003558
3.97671003558
2.53671003558
2.84371003558
3.51371003558
3.20871003558
3.36771003558
4.20171003558
3.36871003558
2.98271003558
4.06571003558
3.45271003558
3.37571003558
3.80671003558
3.12171003558
2.65271003558
3.12771003558
4.73271003558
3.30871003558
3.98271003558
3.49771003558
3.73271003558
3.06771003558
3.04571003558
3.17271003558
3.45171003558
3.68271003558
3.93971003558
3.67071003558
2.65571003558
3.05371003558
3.36671003558
3.39971003558
3.01171003558
3.39971003558
2.39971003558
3.02571003558
4.20771003558
3.77571003558
3.06871003558
3.30371003558
3.48371003558
3.57871003558
3.48271003558
3.23571003558
3.27571003558
3.06571003558
3.61471003558
3.65471003558
3.33871003558
3.46571003558
3.74371003558
3.62171003558
3.36871003558
10010:
2.30171003558
2.09471003558
2.13571003558
2.97071003558
2.53871003558
2.15271003558
2.41271003558
2.17371003558
1.83271003558
2.51071003558
2.10071003558
1.88871003558
2.22771003558
1.72371003558
2.88471003558
2.09771003558
1.91971003558
2.65271003558
1.26471003558
2.26271003558
1.90271003558
1.74971003558
2.20671003558
10011:
4.55171003558
4.19171003558
10012:
3.41071003558
4.33171003558
3.37671003558
3.40571003558
4.00071003558
4.08071003558
2.78371003558
2.80271003558
3.31971003558
3.65371003558
4.05771003558
3.34871003558
3.44671003558
10013:
3.59471003558
3.11971003558
3.40371003558
3.68271003558
3.38471003558
3.51071003558
3.03471003558
3.64171003558
3.36271003558
3.85471003558
2.75571003558
4.17471003558
3.66271003558
3.43271003558
3.10171003558
3.29571003558
2.80271003558
3.16971003558
3.28071003558
2.79171003558
3.06471003558
2.92471003558
3.24771003558
3.86271003558
3.76271003558
3.12171003558
3.29971003558
2.63371003558
3.10171003558
3.45371003558
2.91871003558
3.16671003558
2.99971003558
3.84671003558
3.25271003558
2.99571003558
3.35771003558
4.03371003558
4.05971003558
2.80771003558
4.20371003558
3.30771003558
3.73471003558
3.87771003558
3.23871003558
2.79371003558
3.28871003558
3.49271003558
3.17471003558
3.62771003558
3.05771003558
3.13271003558
3.61171003558
3.75871003558
3.20771003558
2.54271003558
3.87071003558
10014:
2.76071003558
3.69371003558
2.54271003558
3.87871003558
3.16071003558
10015:
3.85171003558
3.33971003558
2.95571003558
3.61671003558
4.01371003558
3.55671003558
4.13071003558
3.90871003558
4.02771003558
3.76771003558
4.02971003558
3.70571003558
3.46071003558
4.17471003558
4.17471003558
3.60371003558
3.74171003558
4.21671003558
3.53971003558
4.12771003558
5.22671003558
4.19271003558
4.69371003558
3.90871003558
3.24171003558
3.37171003558
4.43371003558
3.75071003558
10016:
1.69871003558
1.89571003558
2.28171003558
2.55071003558
3.62571003558
10017:
2.70371003558
3.26271003558
3.28771003558
10018:
4.68071003558
4.35971003558
2.88571003558
3.22471003558
3.62071003558
3.96071003558
3.81971003558
3.36771003558
2.58571003558
4.26271003558
3.49971003558
4.14671003558
3.21371003558
3.96971003558
3.25171003558
4.01371003558
3.76171003558
3.81371003558
3.24771003558
3.81371003558
4.56171003558
3.21371003558
4.25971003558
4.37771003558
3.58171003558
4.22971003558
4.07071003558
3.90371003558
4.24771003558
4.28971003558
10019:
3.52471003558
1.69871003558
3.83871003558
3.09371003558
4.44871003558
4.32571003558
3.60271003558
2.67971003558
3.88671003558
3.63771003558
4.55871003558
3.02171003558
3.05871003558
3.29671003558
3.85271003558
3.66771003558
3.94171003558
3.72771003558
3.44671003558
4.50671003558
3.85271003558
3.87871003558
3.86271003558
3.64071003558
4.01771003558
3.71371003558
3.16571003558
3.33671003558
3.51971003558
3.85271003558
3.80671003558
2.83671003558
3.85271003558
4.09071003558
3.32371003558
4.11271003558
2.44371003558
3.98471003558
4.03671003558
4.21671003558
4.08371003558
4.30771003558
4.19471003558
3.93871003558
4.30271003558
3.01071003558
3.88271003558
4.25971003558
3.55271003558
3.62171003558
3.21971003558
3.41871003558
4.04571003558
3.35571003558
0.83671003558
2.45671003558
2.73271003558
3.27471003558
4.45871003558
3.37871003558
3.03271003558
3.46271003558
4.74171003558
3.45071003558
4.11971003558
4.85271003558
3.41971003558
4.77571003558
3.65471003558
1002:
3.59471003558
2.73571003558
3.40171003558
3.61471003558
2.87471003558
3.67471003558
4.26171003558
2.47471003558
3.58171003558
3.72571003558
4.23971003558
3.48871003558
3.37471003558
3.09671003558
10020:
4.14971003558
4.22571003558
3.93971003558
4.35171003558
3.99871003558
3.78271003558
3.92071003558
4.38271003558
4.25371003558
4.08971003558
4.03171003558
5.03971003558
4.25371003558
3.69771003558
4.08571003558
4.03671003558
4.38371003558
3.55871003558
4.29171003558
3.69771003558
4.51671003558
3.47471003558
3.90071003558
3.92071003558
3.38671003558
2.58671003558
4.33571003558
10021:
2.44171003558
2.80471003558
2.96271003558
1.85271003558
10022:
2.27971003558
3.41071003558
2.96071003558
2.91071003558
3.59871003558
3.41871003558
2.52371003558
2.55571003558
10023:
4.01471003558
3.96271003558
4.00571003558
3.65271003558
4.90871003558
3.65671003558
3.49471003558
3.92771003558
3.58171003558
4.04271003558
4.51071003558
10024:
3.52771003558
4.02071003558
3.59771003558
3.90271003558
3.63671003558
3.67671003558
3.09271003558
3.28271003558
3.76971003558
3.78871003558
10025:
2.87371003558
10027:
4.69571003558
4.17171003558
3.89371003558
3.84471003558
3.14671003558
3.83971003558
3.51571003558
5.03071003558
3.24071003558
4.66171003558
3.91671003558
4.02771003558
4.28071003558
3.64271003558
4.02971003558
4.78071003558
3.67471003558
4.21271003558
4.33671003558
4.25971003558
3.45071003558
3.86571003558
3.95171003558
4.16971003558
4.40271003558
4.19471003558
4.51971003558
4.64871003558
5.28071003558
4.66571003558
4.71971003558
4.36371003558
3.42271003558
3.95971003558
4.57171003558
4.37171003558
4.92071003558
4.20171003558
4.25171003558
3.70471003558
4.56671003558
4.64071003558
5.19571003558
3.88171003558
3.79771003558
4.63871003558
4.18371003558
4.08371003558
4.38071003558
4.48071003558
4.03571003558
4.43771003558
3.82771003558
3.74871003558
3.62571003558
4.05871003558
3.67371003558
3.71971003558
4.54471003558
4.36571003558
3.85171003558
3.49771003558
4.69571003558
3.43071003558
4.67971003558
5.22971003558
3.58071003558
4.29171003558
3.44771003558
4.41271003558
4.33471003558
4.30171003558
4.55371003558
4.33971003558
4.68871003558
4.12771003558
4.42471003558
3.85071003558
3.06971003558
3.82471003558
4.90871003558
5.01871003558
3.57371003558
4.12371003558
4.20371003558
4.46271003558
3.94771003558
4.23371003558
10028:
3.42371003558
3.66871003558
3.41271003558
4.42571003558
4.91271003558
3.34271003558
4.73371003558
10029:
3.17671003558
4.08971003558
4.06571003558
2.83971003558
10031:
3.30871003558
2.80671003558
3.70171003558
2.38271003558
3.87071003558
3.00471003558
2.66671003558
2.18271003558
2.74471003558
10032:
3.22471003558
4.89271003558
4.25971003558
4.36971003558
4.16071003558
2.86571003558
3.61271003558
3.43471003558
3.89571003558
2.61771003558
3.16071003558
4.29871003558
4.79271003558
3.53071003558
4.26471003558
2.81371003558
3.69871003558
3.51771003558
3.43471003558
3.74271003558
3.26471003558
3.63371003558
3.36371003558
3.51171003558
3.92371003558
3.12271003558
3.00471003558
3.57671003558
4.55971003558
3.27671003558
3.65571003558
3.86771003558
4.23871003558
3.84571003558
2.65971003558
4.08271003558
3.77871003558
3.33871003558
3.48371003558
3.67871003558
3.58571003558
3.70771003558
3.56571003558
3.07371003558
3.44471003558
3.68971003558
4.03271003558
10033:
4.14971003558
3.58671003558
2.88571003558
3.90071003558
3.17871003558
3.06471003558
3.40471003558
3.33571003558
3.97171003558
3.35871003558
4.05371003558
3.68971003558
4.97171003558
4.20971003558
10034:
1.40771003558
3.32871003558
10035:
2.69771003558
4.80071003558
4.64771003558
4.52271003558
4.56771003558
4.56171003558
4.20571003558
3.79571003558
3.67271003558
3.85071003558
4.14471003558
4.02971003558
4.15371003558
4.27871003558
3.99371003558
4.02071003558
4.20971003558
4.47671003558
4.37771003558
5.34071003558
10036:
4.25671003558
3.50671003558
3.69471003558
3.42371003558
4.03471003558
4.05071003558
3.14071003558
3.87371003558
2.97071003558
3.20171003558
3.26071003558
3.77371003558
4.18271003558
4.06971003558
4.75671003558
4.15671003558
3.79671003558
4.12471003558
2.72371003558
3.20971003558
3.89971003558
3.50671003558
5.12371003558
4.07471003558
3.75671003558
4.35671003558
3.94471003558
4.17871003558
4.17171003558
3.13371003558
3.70671003558
3.16871003558
3.12171003558
3.44071003558
3.05671003558
3.63371003558
3.91571003558
3.87171003558
3.65571003558
4.14471003558
3.52671003558
3.75671003558
4.41371003558
3.90271003558
4.10671003558
4.32371003558
4.64471003558
5.25671003558
3.29271003558
4.21971003558
3.43571003558
3.93271003558
3.72471003558
3.06871003558
3.76271003558
3.92371003558
3.73671003558
4.96871003558
3.60771003558
4.20771003558
3.90971003558
4.49571003558
3.38371003558
4.59771003558
3.18971003558
4.65371003558
3.94671003558
3.75671003558
3.98371003558
4.15271003558
4.82171003558
4.25671003558
4.06171003558
3.46171003558
3.98771003558
4.33371003558
4.35971003558
3.30771003558
4.29071003558
4.26671003558
3.92371003558
3.84471003558
4.69171003558
4.19871003558
2.92371003558
3.94671003558
3.62771003558
4.04571003558
4.08971003558
3.47871003558
2.75671003558
4.39571003558
3.67471003558
4.29771003558
3.70871003558
3.41471003558
3.31571003558
4.05871003558
3.61471003558
4.28671003558
4.27371003558
2.97071003558
3.66571003558
4.53971003558
3.71871003558
3.05471003558
5.00171003558
3.27771003558
3.82671003558
4.01071003558
3.95571003558
3.51771003558
3.55071003558
3.75671003558
3.60471003558
3.75971003558
4.75671003558
3.53471003558
3.71171003558
4.08371003558
3.86071003558
3.96571003558
4.12671003558
3.76371003558
4.00671003558
3.36771003558
3.98371003558
4.67371003558
3.75671003558
3.48271003558
4.38271003558
3.31071003558
3.39971003558
5.25671003558
3.79771003558
3.38871003558
4.14771003558
3.86171003558
4.33371003558
3.09871003558
4.63871003558
4.35671003558
3.92371003558
3.81271003558
3.23271003558
4.85671003558
3.47671003558
3.94771003558
3.56671003558
3.52971003558
4.43071003558
3.99271003558
4.25671003558
3.73271003558
3.68571003558
3.58971003558
4.96271003558
4.01571003558
3.72471003558
4.55771003558
4.23471003558
3.75671003558
4.06871003558
4.21171003558
3.83071003558
3.83471003558
4.20271003558
4.51771003558
4.28471003558
3.64571003558
3.45671003558
3.66471003558
4.31071003558
3.78471003558
4.08871003558
4.07071003558
3.68771003558
4.15871003558
4.06271003558
4.54871003558
3.82371003558
4.54171003558
3.36971003558
3.96971003558
4.85171003558
3.73371003558
3.81971003558
3.45671003558
4.16271003558
3.78871003558
3.67971003558
3.34971003558
4.05671003558
4.77571003558
4.23371003558
3.17271003558
3.82371003558
4.38271003558
3.27971003558
3.93471003558
3.87071003558
3.91671003558
3.57071003558
4.12371003558
3.04971003558
5.00071003558
3.88471003558
4.65671003558
4.25671003558
3.72371003558
3.69271003558
3.57471003558
4.51771003558
3.75671003558
3.59471003558
10037:
4.17871003558
3.13071003558
3.51871003558
4.02771003558
3.86371003558
3.93671003558
3.40871003558
2.83071003558
3.56171003558
3.94371003558
3.57971003558
3.52271003558
3.02171003558
3.55671003558
10038:
4.43071003558
3.11771003558
3.29971003558
3.10271003558
3.28971003558
3.76871003558
3.77071003558
3.08771003558
10039:
1.57171003558
1004:
2.32871003558
1.97971003558
3.01671003558
2.63671003558
3.00171003558
2.96271003558
2.41671003558
3.58671003558
2.13071003558
2.91671003558
3.08371003558
3.31671003558
3.32571003558
3.41671003558
2.56671003558
2.13071003558
2.79871003558
3.05471003558
2.67171003558
2.88371003558
2.95971003558
3.41671003558
3.41671003558
1.51671003558
2.47171003558
2.03071003558
2.85471003558
2.89171003558
2.56971003558
2.95671003558
2.41671003558
10040:
2.97071003558
3.31671003558
4.05571003558
10041:
4.20871003558
2.95371003558
3.31471003558
2.74571003558
3.10171003558
3.03071003558
3.80271003558
3.05071003558
1.04171003558
2.78071003558
0.54171003558
3.40271003558
3.83871003558
2.34171003558
3.24371003558
3.34171003558
3.15671003558
2.65071003558
2.93171003558
2.44471003558
2.89971003558
3.27671003558
2.92771003558
3.11471003558
3.39471003558
2.39671003558
3.25071003558
2.44271003558
3.17771003558
2.48871003558
3.33171003558
10042:
4.75171003558
4.02471003558
4.65271003558
4.20471003558
4.59771003558
5.63371003558
5.21671003558
4.46071003558
5.23171003558
4.38071003558
4.79671003558
4.38371003558
4.99071003558
4.55771003558
4.68771003558
4.95171003558
3.90771003558
5.38371003558
5.17671003558
4.74471003558
5.88371003558
5.06171003558
3.74771003558
4.57971003558
4.72071003558
5.25371003558
5.12171003558
3.54171003558
4.87171003558
4.75071003558
4.92471003558
4.85771003558
4.66671003558
5.00871003558
4.88371003558
5.33571003558
4.68371003558
5.38371003558
4.47571003558
4.00371003558
4.78771003558
4.47471003558
4.44971003558
4.28471003558
5.38371003558
5.11371003558
4.69471003558
4.22571003558
4.68571003558
4.16271003558
4.35271003558
5.02671003558
5.24371003558
2.88371003558
5.59171003558
5.14471003558
3.97471003558
4.80971003558
4.05471003558
4.47971003558
4.65171003558
4.83571003558
4.71271003558
4.68671003558
3.79371003558
4.00571003558
4.42171003558
5.61671003558
4.78271003558
4.30071003558
4.31571003558
4.73171003558
4.70571003558
4.35971003558
3.88371003558
5.22471003558
5.04371003558
4.57871003558
4.62771003558
4.88371003558
4.12271003558
5.28371003558
4.76571003558
4.62971003558
5.12171003558
4.33871003558
5.25171003558
4.86371003558
4.01071003558
5.23871003558
4.35471003558
4.76871003558
5.83871003558
4.52371003558
4.58371003558
4.48371003558
4.31471003558
4.69271003558
4.69171003558
4.39471003558
4.95771003558
5.00871003558
4.05071003558
5.43371003558
4.93771003558
4.49871003558
4.60571003558
4.64371003558
5.40871003558
4.81671003558
5.21771003558
4.68271003558
4.78371003558
4.98271003558
4.51171003558
4.67271003558
4.70471003558
4.23371003558
4.75071003558
5.29271003558
4.14471003558
5.26271003558
4.55371003558
5.38371003558
4.88371003558
5.61571003558
4.01971003558
4.35271003558
4.75171003558
4.22971003558
4.33871003558
4.71671003558
4.61271003558
2.78371003558
4.52971003558
4.66371003558
5.35471003558
5.62171003558
4.26271003558
5.88371003558
4.51971003558
5.43971003558
4.57671003558
3.98371003558
4.78671003558
4.48371003558
4.78371003558
3.81471003558
4.28071003558
4.98171003558
4.35571003558
4.81771003558
5.59171003558
4.66671003558
4.94371003558
3.99471003558
4.41771003558
3.87371003558
4.11771003558
4.88371003558
3.99271003558
5.14771003558
4.67571003558
4.78071003558
4.13371003558
5.09371003558
4.41371003558
4.35671003558
4.53971003558
4.66071003558
5.08371003558
5.08671003558
4.21271003558
4.70171003558
5.05471003558
4.39371003558
4.89971003558
5.27171003558
5.53771003558
4.40971003558
4.64271003558
5.88371003558
5.71671003558
4.39171003558
4.72271003558
5.28071003558
4.31771003558
3.96671003558
4.49371003558
5.05771003558
4.33071003558
4.61671003558
4.95571003558
4.13371003558
5.06971003558
5.34871003558
5.09771003558
4.59671003558
4.68771003558
4.64571003558
4.88371003558
5.05471003558
4.75871003558
4.88371003558
4.85471003558
3.28371003558
4.88371003558
4.76271003558
4.78171003558
4.44171003558
4.29671003558
4.45071003558
5.22971003558
5.16771003558
5.30571003558
5.03671003558
5.63371003558
4.88371003558
4.61571003558
4.90871003558
4.60871003558
4.92071003558
5.16371003558
5.03971003558
4.74071003558
4.85771003558
5.05671003558
4.34671003558
5.38371003558
4.71071003558
4.69871003558
4.72271003558
5.07371003558
5.88371003558
5.24271003558
4.57471003558
5.88371003558
4.29171003558
5.18171003558
4.66671003558
4.31571003558
5.38871003558
5.21671003558
4.99871003558
4.88971003558
5.66171003558
5.44271003558
4.98571003558
4.61071003558
4.82471003558
3.93271003558
4.72871003558
5.43671003558
4.55071003558
4.30071003558
5.59771003558
4.33671003558
4.93171003558
4.91471003558
4.11571003558
4.58371003558
4.88371003558
4.40971003558
5.27171003558
3.86371003558
4.51171003558
5.24071003558
4.96371003558
4.74071003558
4.40871003558
4.65371003558
5.12471003558
4.57771003558
4.31971003558
5.48371003558
4.23071003558
4.68371003558
4.61471003558
5.30071003558
4.93771003558
4.62471003558
4.33671003558
4.96671003558
4.42871003558
4.85071003558
4.45271003558
4.52971003558
5.08371003558
4.40071003558
4.83371003558
4.84071003558
4.13371003558
4.89971003558
4.31571003558
4.28371003558
4.19371003558
4.48271003558
4.95271003558
4.45771003558
4.51271003558
4.94671003558
4.74071003558
4.76571003558
4.77171003558
4.06971003558
4.67371003558
4.59571003558
5.17771003558
4.87771003558
4.42171003558
4.67671003558
4.77071003558
5.88371003558
4.83571003558
4.60171003558
5.26871003558
4.88371003558
5.10571003558
5.03871003558
4.40471003558
4.89371003558
4.45471003558
5.05371003558
4.91271003558
5.15271003558
4.96571003558
5.06571003558
4.74171003558
5.18371003558
4.63371003558
5.08871003558
5.90771003558
4.02471003558
4.99071003558
4.38771003558
4.95171003558
5.16971003558
5.55971003558
4.40371003558
5.13871003558
5.10371003558
5.34571003558
5.09671003558
5.75571003558
4.29071003558
4.87471003558
4.92271003558
5.25871003558
4.36071003558
5.13871003558
5.30671003558
4.38071003558
5.00571003558
4.78671003558
4.19471003558
4.81471003558
5.11471003558
5.00471003558
4.42371003558
4.88371003558
4.36071003558
4.37071003558
4.61271003558
4.75571003558
4.65671003558
4.42171003558
4.15071003558
4.38371003558
5.38371003558
5.55071003558
5.47971003558
4.62671003558
4.57571003558
4.44171003558
4.82471003558
5.40171003558
4.00271003558
3.82871003558
4.80271003558
4.90771003558
4.65071003558
4.72471003558
4.07271003558
4.60671003558
4.40771003558
5.03571003558
4.71671003558
4.45471003558
4.20771003558
4.66771003558
4.69371003558
4.39371003558
4.67171003558
4.08371003558
4.28471003558
5.42071003558
4.69671003558
4.35471003558
4.57071003558
4.60971003558
4.55071003558
4.51671003558
4.22871003558
4.37271003558
4.61471003558
4.67571003558
4.88371003558
4.56471003558
3.88371003558
4.98371003558
5.13971003558
4.20771003558
4.77871003558
4.59171003558
5.88371003558
4.79971003558
4.20671003558
5.28371003558
4.68771003558
4.04171003558
5.59771003558
4.67071003558
4.84071003558
5.26671003558
4.76171003558
4.40371003558
5.05071003558
5.36971003558
5.13371003558
4.59771003558
4.41671003558
5.08971003558
4.16171003558
4.71471003558
5.55071003558
4.03171003558
4.53071003558
3.37971003558
4.38371003558
5.88371003558
5.88371003558
5.15871003558
4.68771003558
4.67771003558
5.27471003558
5.36271003558
5.32171003558
4.97471003558
4.47371003558
4.18171003558
4.43671003558
5.14671003558
5.21671003558
5.02671003558
5.22371003558
5.11471003558
4.25171003558
4.82671003558
4.19271003558
5.05071003558
4.75271003558
4.63371003558
4.55071003558
4.18571003558
5.68371003558
4.67471003558
5.41171003558
5.25871003558
4.86271003558
5.40471003558
4.97471003558
4.59971003558
4.32671003558
5.19171003558
5.05071003558
5.05571003558
4.83271003558
5.28171003558
4.29371003558
4.06671003558
4.75371003558
4.85671003558
4.47971003558
4.17671003558
5.88371003558
4.39771003558
5.90771003558
4.66471003558
4.91971003558
4.33071003558
4.61671003558
4.39871003558
4.11071003558
4.69671003558
4.60771003558
4.94471003558
4.50271003558
4.73971003558
4.68571003558
4.29371003558
4.59171003558
4.19471003558
4.59771003558
4.18971003558
4.21171003558
5.21371003558
4.82871003558
4.97071003558
4.11071003558
4.73471003558
4.64371003558
5.00971003558
4.76371003558
4.51371003558
4.98171003558
5.03471003558
5.45371003558
5.77871003558
4.30771003558
4.57471003558
4.97171003558
4.32771003558
4.23571003558
4.54071003558
5.45071003558
4.90771003558
4.59771003558
3.83271003558
3.88971003558
5.33771003558
4.98671003558
4.20371003558
4.74771003558
4.92371003558
5.25871003558
4.43671003558
5.44271003558
5.42871003558
5.04671003558
4.63371003558
4.23371003558
5.07171003558
4.91771003558
4.67671003558
5.13171003558
5.88371003558
3.93271003558
5.48371003558
5.60571003558
4.66671003558
4.43971003558
3.57971003558
5.19371003558
1.88371003558
4.50071003558
4.98671003558
4.67671003558
4.37871003558
4.26171003558
5.35771003558
4.62171003558
4.12971003558
4.93171003558
4.60471003558
4.90671003558
5.12171003558
4.47171003558
4.16271003558
4.67471003558
3.90771003558
4.74071003558
3.33871003558
4.07471003558
5.14371003558
4.24271003558
5.26571003558
4.64271003558
3.88371003558
4.61071003558
4.63971003558
5.55071003558
4.24071003558
4.56371003558
4.35771003558
4.80071003558
4.88371003558
5.30771003558
5.50871003558
5.16971003558
4.48371003558
4.47971003558
4.69271003558
4.22271003558
4.34771003558
3.90571003558
4.60371003558
4.81571003558
4.87671003558
4.45471003558
4.17671003558
4.71471003558
5.17571003558
4.67271003558
4.50471003558
3.85571003558
4.84571003558
4.49271003558
4.53371003558
5.24071003558
4.10571003558
4.36971003558
4.25071003558
5.88371003558
4.94671003558
4.27571003558
4.45271003558
3.88371003558
5.45471003558
4.98371003558
4.28471003558
4.12771003558
4.59871003558
4.84071003558
4.35771003558
4.03171003558
4.68971003558
3.97071003558
3.87871003558
4.78971003558
4.50771003558
4.72171003558
4.92671003558
4.73871003558
4.40171003558
4.60771003558
4.20271003558
5.44771003558
4.69271003558
4.53071003558
5.43971003558
4.56971003558
4.16971003558
4.83371003558
4.77571003558
4.98871003558
4.94771003558
5.42171003558
4.47871003558
4.56671003558
4.48071003558
4.63871003558
4.64171003558
4.68371003558
4.90671003558
5.09671003558
4.92671003558
4.54271003558
5.38371003558
4.48871003558
4.80371003558
3.68871003558
5.25871003558
3.92371003558
4.42871003558
4.92671003558
5.10271003558
4.56871003558
4.18371003558
4.50871003558
4.74771003558
4.63071003558
4.36071003558
4.99871003558
5.18171003558
5.42671003558
4.82571003558
4.08871003558
4.74371003558
4.63371003558
4.36471003558
5.18071003558
4.43871003558
4.92371003558
4.11471003558
4.59171003558
4.44071003558
4.49271003558
5.88371003558
4.44071003558
4.52271003558
4.42571003558
5.16671003558
4.62071003558
4.51271003558
4.65871003558
4.81071003558
4.86071003558
5.00671003558
4.65571003558
4.62871003558
5.43971003558
3.43971003558
4.88371003558
4.82871003558
4.88371003558
5.00371003558
4.55071003558
4.34871003558
4.33271003558
4.62771003558
4.56171003558
4.25871003558
4.73571003558
5.04871003558
4.80071003558
5.09271003558
4.87871003558
4.88371003558
5.44271003558
4.82771003558
4.18971003558
5.10271003558
5.30871003558
4.82771003558
4.07371003558
4.32671003558
4.77171003558
3.55071003558
4.15771003558
4.21171003558
4.71071003558
4.45071003558
5.20071003558
4.29771003558
5.17371003558
4.97471003558
4.46971003558
4.55971003558
5.88371003558
4.38371003558
4.62871003558
4.60671003558
3.96671003558
4.92971003558
4.71671003558
4.62471003558
5.07171003558
4.92071003558
4.90571003558
5.30071003558
4.29371003558
5.17971003558
5.21271003558
4.78371003558
4.79471003558
5.38371003558
0.87
