10040:
3.2794499999999998
3.27375
3.5904
17001:
3.7253499999999997
3.45355
3.29605
10004:
4.3633500000000005
3.92265
4.0239
3.8393999999999995
4.18815
4.0266
4.08315
4.00725
4.00995
3.9631499999999997
4.0116
3.83985
4.00755
3.8097000000000003
4.23465
4.0689
4.07565
4.07295
4.1589
4.04235
3.9954
3.89025
3.86655
3.94545
4.4716499999999995
3.80115
3.9549000000000003
4.0428
3.60375
4.2168
4.12875
2043:
3.6794499999999997
3.568
3.78505
3.6565
3.4779999999999998
3.6536500000000003
3.89965
3.63205
3.8287
3.6724
3.7762
3.70375
3.9537999999999998
3.5734
3.89845
3.7979499999999997
3.5929
4.0276
15335:
3.45175
3.9758500000000003
3.5480500000000004
3.8492500000000005
3.73585
3.63295
3.57205
3.6290500000000003
3.6388000000000003
3.691
3.9211
3.8278000000000003
3.99385
3.8365
3.45355
3.79915
3.6982
3.9250000000000007
3.5275000000000003
3.2596000000000003
3.76255
3.78085
3.80575
3.6716500000000005
3.8156499999999998
3.53245
3.6743500000000004
3.79945
3.63445
3.89935
3.7225
3.544
3.7516000000000003
3.3959500000000005
3.7711
3.33955
3.7195
4.0069
3.73015
3.8737000000000004
3.62125
4.151800000000001
3.5131
3.8876500000000003
3.8674
3.8381499999999997
3.50395
3.7996000000000003
3.6253
3.8809000000000005
3.6223
1001:
3.7665500000000005
3.5172500000000007
3.4491500000000004
3.365
3.7848500000000005
3.7574000000000005
3.6341
3.5399000000000003
3.1595000000000004
3.6102500000000006
3.5864000000000003
3.7338500000000003
3.263
3.5886500000000003
3.4833500000000006
3.4415000000000004
3.75605
3.6660500000000003
3.2673500000000004
3.3789500000000006
3.3165500000000003
3.62885
3.4457000000000004
3.1958
3.5426
3.2955500000000004
3.5760500000000004
3.5915
3.6683000000000003
3.8186
3.60395
4.07735
3.28535
3.51215
3.4808000000000003
3.5168
3.7880000000000003
3.17735
3.293
3.62915
3.7380500000000003
3.31055
3.5882000000000005
3.7542500000000008
3.7952000000000004
3.6320000000000006
3.47555
3.35255
3.39065
3.7862
3.3798500000000002
2.9843
3.08735
3.5897000000000006
3.7098500000000003
3.8274500000000007
3.3587000000000007
3.48245
3.5409500000000005
3.3728000000000007
3.4901
3.3573500000000003
3.32195
3.2669
3.7667
3.3023
3.2093000000000003
3.2981000000000003
3.7502000000000004
3.51635
3.2772500000000004
3.38795
3.5423
3.29495
3.2166500000000005
3.6332000000000004
3.1301000000000005
3.12305
3.5561000000000007
3.54305
3.70235
3.7470500000000007
3.09755
3.4652000000000003
3.5081000000000007
3.42755
3.4631
3.7991
3.45845
3.25775
3.7772000000000006
3.5139500000000004
3.5522
3.6576500000000003
3.3524000000000003
3.16535
3.3503
3.61055
3.4365500000000004
3.5790500000000005
3.5420000000000007
3.55175
3.3275000000000006
3.3134000000000006
3.4647500000000004
3.5009000000000006
3.6048500000000008
3.6683000000000003
3.59945
3.1634
3.3137
3.46265
3.4781000000000004
3.3029
3.4775
3.1160000000000005
3.3092000000000006
3.7355
3.6299
3.32855
3.4343000000000004
3.5153000000000008
3.45275
3.51485
3.4118000000000004
3.4493
3.3272000000000004
3.63605
3.5238500000000004
3.41015
3.5072
3.6323000000000008
3.5774
3.41315
10010:
2.8976
2.8044499999999997
2.8228999999999997
3.1986499999999998
3.04805
2.86475
2.9475499999999997
2.8463000000000003
2.65685
3.00005
2.74865
2.71175
2.8043
2.6374999999999997
3.15695
2.8346
2.7257
3.05555
2.43095
2.8800499999999998
2.65685
2.6852
2.77715
10013:
3.5702499999999997
3.3982
3.5296000000000003
3.6164500000000004
3.4547500000000007
3.5150500000000005
3.38185
3.574
3.43255
3.67255
3.2332
3.7799500000000004
3.47365
3.5588500000000005
3.3310000000000004
3.4183000000000003
3.24115
3.3616
3.4532499999999997
3.2167000000000003
3.31435
3.1967499999999998
3.3967
3.62005
3.6095500000000005
3.3762999999999996
3.4519
3.1195000000000004
3.2629
3.4618
3.32395
3.2573499999999997
3.2851
3.66625
3.36925
3.2896
3.4714
3.7459
3.694
3.1987
3.7992999999999997
3.4288
3.5501500000000004
3.5416
3.47455
3.1924
3.4151499999999997
3.50695
3.3119500000000004
3.5677000000000003
3.3112000000000004
3.35665
3.5605
3.65845
3.4201000000000006
3.1313500000000003
3.6770500000000004
10021:
2.8019999999999996
2.99205
3.03495
2.74755
10022:
2.9413
3.42805
3.27175
3.19855
3.46645
3.43735
3.0889
3.1033
10044:
3.83235
3.6555
3.45945
3.6303
3.7196999999999996
3.99105
3.66465
3.7143
3.41865
3.576
3.5949
3.26055
3.41955
3.825
3.82065
4.0479
3.8884499999999997
3.30705
4.0941
3.84915
3.58155
3.80295
3.6144
3.83475
3.50955
3.5568
3.36705
3.6774
3.75705
3.7944000000000004
3.54735
3.8064
3.96915
3.49605
3.8211
3.60615
3.7008
3.68715
3.58515
3.5401499999999997
3.67305
4.15425
3.5598
3.3111
3.9528
3.5454
3.6495
3.3795
3.6864
3.65985
3.5838
3.5019
3.46965
3.6558
3.5322
3.7340999999999998
3.6711
3.6351
3.53385
3.5685000000000002
3.8493000000000004
3.6796499999999996
3.8736
3.5817
10097:
3.1617
3.02475
2.6436
2.8398
2.70045
2.95545
2.80185
2.7666
3.09735
2.91525
2.8233
2.799
2.73915
3.0138
3.4781999999999997
3.4473
3.1908
2.6931000000000003
2.8452
3.1887000000000003
2.73135
3.28665
3.3212999999999995
3.40635
3.0117
3.21825
3.3554999999999997
3.1248
2.9217
2.94645
10138:
3.3446499999999997
2.977
3.3401500000000004
10140:
3.9467499999999998
4.0051
3.55525
3.91345
3.6182499999999997
4.3142499999999995
3.7676499999999997
3.6681999999999997
4.3204
3.75985
3.5075499999999997
3.74155
3.6325
3.5134
3.5519499999999997
3.6646
3.5349999999999997
3.7997499999999995
3.622
3.43585
4.0669
3.7772499999999996
3.8554
3.4621
3.6041499999999997
3.53275
3.85135
3.7752999999999997
3.3559
4.16455
3.90175
3.42985
3.8536
3.93595
4.06465
3.6706
3.6169000000000002
3.6263499999999995
4.0741
3.6007
3.9684999999999997
3.86575
3.7059999999999995
3.94855
4.09525
3.8093500000000002
3.66625
3.5875
4.104699999999999
3.7815999999999996
4.027
4.212249999999999
4.16605
4.0969
4.1074
10141:
4.01275
4.074999999999999
4.06855
4.21075
4.2219999999999995
3.8640999999999996
4.14415
4.1823999999999995
3.9483999999999995
3.8234500000000002
3.9364
4.299849999999999
3.9404500000000002
4.4758
3.93835
4.17085
4.18555
3.7465
3.7989999999999995
3.8125
3.8190999999999997
4.15705
3.7905999999999995
4.088799999999999
4.2494499999999995
4.0051
4.0678
4.04005
4.06825
4.133649999999999
3.9560499999999994
3.9365499999999995
4.0153
4.25275
4.4551
4.349349999999999
3.7455999999999996
3.7730499999999996
4.0470999999999995
3.9627999999999997
4.1697999999999995
3.50695
3.9738999999999995
4.3639
3.7423
4.20865
4.05295
4.0516
4.356999999999999
4.242999999999999
3.82555
3.8106999999999998
4.0177
4.4891499999999995
4.2067
4.1632
3.7576
4.2565
4.2652
3.9113499999999997
4.16695
4.1522499999999996
4.13425
3.88195
3.9898
3.9538
4.3633
4.247649999999999
3.8408499999999997
3.7702
3.6963999999999997
4.327
4.05505
4.01725
3.79315
4.0055499999999995
4.20805
4.0039
3.928
3.65665
3.9857499999999995
4.3948
10142:
3.6532999999999998
3.6385999999999994
3.4424
3.74735
3.76145
3.511399999999999
3.4699999999999998
3.5045
3.76145
3.401
3.3160999999999996
3.87005
3.42725
3.43175
4.0211
3.67955
4.00355
3.3551
3.6964999999999995
3.3956
3.2616499999999995
3.6002
3.9087499999999995
3.5404999999999998
10143:
4.0652
3.73085
3.4847
4.0319
3.9139999999999997
3.7187
3.7803500000000003
3.61265
3.8807
3.23315
3.9482
3.8851999999999998
3.9636499999999995
3.68615
3.7679
3.77975
3.91535
3.7313
3.7226
3.9797000000000002
3.64475
3.94025
3.7524499999999996
3.61385
3.8354
3.58955
3.81245
3.97565
4.0382
3.78125
3.8703499999999997
3.70835
4.298299999999999
3.6806
3.6651499999999997
3.9204499999999998
4.1285
3.8061499999999997
4.319
4.09085
3.7981999999999996
3.2888
4.10675
3.7474999999999996
4.10585
4.01435
3.72785
4.155200000000001
4.0412
3.95315
3.8798
3.8689999999999998
3.9720500000000003
4.0067
3.7771999999999997
3.72095
3.875
3.87125
3.7511
3.8018
3.905
3.61745
3.85685
3.8108
3.7039999999999997
3.80255
3.7298
3.67865
3.4297999999999997
3.8429
3.842
3.8050999999999995
3.9423499999999994
3.9257
3.88835
3.83615
3.7877
3.6611
3.26795
3.97265
4.13585
3.7289
3.6488
3.7907
4.0718
3.88115
3.79805
3.66815
3.8402
3.7284499999999996
3.758
10159:
3.9017
3.776
4.2902
3.5451499999999996
3.7775
3.9185
4.0694
3.9583999999999997
3.74105
3.8444
3.7076
3.8893999999999997
3.68525
3.7929499999999994
3.78095
3.8137999999999996
3.6992
3.93545
4.11275
3.99125
3.78545
3.8601499999999995
4.0838
3.99335
3.6058999999999997
3.8401999999999994
3.8147
3.80075
3.9143
3.83885
3.68945
3.7593499999999995
3.8723
3.53435
3.8217499999999998
3.6058999999999997
3.7086499999999996
4.13255
3.9235999999999995
3.6729499999999997
3.74615
3.9246499999999997
3.7554499999999997
3.5431999999999997
3.5562499999999995
3.8749999999999996
3.75305
3.98435
3.77975
3.7066999999999997
4.02305
1016:
2.3746500000000004
10160:
3.3326000000000002
3.15545
10161:
3.31975
3.58075
3.5477499999999997
4.03585
3.7369
10179:
3.4853
3.8636
3.8409500000000003
3.72305
3.9377
3.14615
3.7556000000000003
4.05425
3.8805500000000004
3.9431000000000003
3.90425
3.7752499999999998
3.7295
3.7676
3.80225
3.7133000000000003
3.8063000000000002
3.76175
4.00295
3.97535
3.75455
3.6494
3.6393500000000003
3.87035
3.88415
3.51065
3.6156500000000005
3.5520500000000004
3.5624000000000002
3.7428500000000007
4.0106
1018:
3.6831499999999995
2.76785
3.6757999999999997
3.4986499999999996
3.609349999999999
3.6286999999999994
3.4951999999999996
3.7650499999999996
10181:
3.29045
2.87045
3.4303999999999997
3.24035
3.02045
3.02315
10182:
3.0568999999999997
3.50495
3.3269
3.44435
3.59915
3.44705
3.0734
3.40655
3.605
3.3858499999999996
3.1418
3.41915
3.4258999999999995
3.09875
3.5283499999999997
3.1985
10183:
2.9307499999999997
10184:
3.2556
2.8299
3.3125999999999998
2.7661499999999997
2.74245
10185:
3.82165
3.6163
3.6439
3.5113
3.8318499999999998
3.7648
3.5494
3.8131
3.9889
3.7951
3.61315
3.74275
4.0238499999999995
3.6022
3.89425
3.7359999999999998
3.9339999999999997
3.6628000000000003
3.60775
4.33
10253:
3.0356500000000004
3.0802000000000005
3.48865
3.2053000000000003
3.2387499999999996
3.2674000000000003
3.1342
3.50275
3.4312000000000005
3.3865
3.3457
3.4383999999999997
3.5896
3.3312999999999997
2.8306
3.3173500000000002
3.12505
3.24805
3.4680999999999997
3.3418
3.1536999999999997
3.47515
3.0034
3.1939
3.2909499999999996
3.4707999999999997
3.4068999999999994
3.3438999999999997
3.4615
2.9371
3.02245
3.1220499999999998
3.28765
3.52855
3.4350999999999994
3.3331
3.04045
3.1951
3.5462499999999997
3.0393999999999997
3.62005
3.2421999999999995
3.3193
3.4707999999999997
3.3344499999999995
3.3164499999999997
3.5157999999999996
3.39745
3.42685
3.3537999999999997
3.47755
3.1170999999999998
3.0442
3.0878499999999995
10254:
3.9235499999999996
3.59715
3.4473000000000003
4.0035
3.73665
3.84915
3.7249499999999998
4.0173000000000005
3.6774
3.8653500000000003
3.7389
3.9724500000000003
3.6494999999999997
3.5774999999999997
3.7283999999999997
4.14975
3.74835
3.69555
3.91125
3.95085
4.0390500000000005
3.4761
3.6875999999999998
4.0539000000000005
3.91995
3.7159500000000003
3.51165
3.60675
3.8442
3.5763
3.6327
3.9021
4.22715
3.9067499999999997
3.82245
3.738
3.5877
3.71805
3.69465
3.4218
3.9566999999999997
3.57765
3.75465
4.20135
3.4840500000000003
3.67995
4.009650000000001
4.1349
3.45045
3.9616499999999997
4.0149
3.9111000000000002
3.4627499999999998
3.63195
3.9205499999999995
3.65745
3.63765
3.9675000000000002
3.7416
3.7464000000000004
3.7449
4.0100999999999996
3.88665
4.0083
3.97695
3.8091
4.1968499999999995
3.8502
3.9153
3.69
3.6561
3.5331
10255:
3.818
3.9227
3.90335
4.07435
3.91055
3.9543500000000003
3.6296
3.7625
3.7274000000000003
3.6923000000000004
3.9899000000000004
3.6317000000000004
3.8790500000000003
4.0217
3.7916
4.00445
4.1261
3.94475
3.8201
3.84605
3.68825
4.045850000000001
3.8396
3.7563500000000003
4.04645
3.9227
3.7647500000000003
3.7980500000000004
4.04495
3.57845
3.5364500000000003
3.86405
3.69815
3.8088500000000005
3.8156
3.90665
3.80075
3.6338
3.947
3.9695
4.36955
4.0907
3.4091
4.1786
3.7805
4.0379000000000005
3.9182
4.2395
4.0568
3.8340500000000004
3.749
3.8345000000000002
4.0496
3.8048
3.7202
3.8367500000000003
3.89705
3.7274000000000003
3.7871
3.94025
3.7649
3.81965
3.5604500000000003
3.89705
3.5208500000000003
3.5447
3.8525
3.63605
3.59105
3.75875
3.8655500000000003
4.09325
3.7238
3.96455
4.1153
3.91745
3.9344
4.0937
3.8909000000000002
3.9324500000000002
3.9008000000000003
3.88205
4.119350000000001
4.0811
3.7706
3.95615
3.87725
3.67505
4.0004
4.14935
3.9032
3.7532000000000005
3.75605
4.24085
3.8115500000000004
3.9564500000000002
3.857
4.0496
3.7917500000000004
3.9552500000000004
3.86165
3.5534
3.7319
3.8120000000000003
4.0406
3.81965
4.12655
3.9182
3.9227
3.97445
3.9953000000000003
3.15545
3.8546000000000005
11114:
3.6262499999999998
3.59685
3.3666
3.78015
3.8502
3.3880500000000002
3.65715
3.6297
4.0302
3.7169999999999996
3.84945
3.79575
3.6746999999999996
3.12525
3.76965
3.50085
3.6096
3.7417499999999997
3.5004
3.7962
3.57615
3.6306000000000003
3.312
3.7333499999999997
3.5739
3.5481
3.70665
3.7340999999999998
3.41685
3.30075
4.1391
3.4893
3.7566
3.2445
3.5274
3.5811
3.65715
4.18815
3.2182500000000003
3.7809
3.71835
3.5505
3.9225000000000003
3.8052
3.6297
3.3672
3.7035
3.5875500000000002
3.8970000000000002
3.6738
3.8676
3.09765
3.4542
3.9123
3.81105
3.7701000000000002
3.6207000000000003
3.5481
3.8583
3.59895
3.5460000000000003
3.6441
3.47445
11115:
3.32195
3.35735
11116:
3.71195
3.2456
11117:
3.32555
3.6389
11118:
3.6171
3.7720499999999997
3.6195
11119:
3.5773
3.7055500000000006
3.9850000000000003
3.7807000000000004
3.6698500000000003
3.61735
4.02955
3.7024
3.6394
4.0732
3.9116500000000007
3.7334500000000004
3.90055
3.5237500000000006
11121:
3.4987500000000002
3.4688999999999997
3.37545
3.40875
3.5111999999999997
3.5709
3.6529499999999997
3.5541
3.6479999999999997
3.5588999999999995
11122:
3.9264
3.70995
3.05415
4.01595
4.0741499999999995
3.78795
11123:
3.3339499999999997
3.55715
3.28445
3.1733000000000002
3.4662499999999996
3.1216999999999997
3.0288500000000003
3.5728999999999997
3.32585
3.2344999999999997
3.317
3.2177
2.91125
3.6426499999999997
3.31535
2.9375
3.1607000000000003
3.33515
3.35195
3.0416
3.3564499999999997
3.48875
3.1125499999999997
3.0427999999999997
3.47405
3.6990499999999997
3.2009
3.4469000000000003
2.9771
3.4742
3.1795999999999998
3.2826500000000003
3.3962000000000003
3.1971499999999997
3.6926
3.00455
2.72885
3.47075
3.1881500000000003
3.09905
3.67955
2.9831
3.35765
3.3657500000000002
3.3937999999999997
3.3728
3.10475
3.3855500000000003
3.2428999999999997
3.2054
3.5426
2.7521
3.07625
3.31775
3.06485
3.32105
3.23405
3.01745
3.1506499999999997
3.347
3.12635
3.5772500000000003
3.4115
2.7201500000000003
3.01385
3.1487
2.97275
3.1125499999999997
3.19775
3.18605
3.23495
3.28805
3.4676
3.6539
3.08165
3.30905
3.2639
3.4370000000000003
3.317
3.32705
3.5985500000000004
3.0833
3.1307
2.8830500000000003
3.18905
2.87765
3.0134
3.10265
3.152
3.50345
3.61085
3.35105
2.9711
2.72405
3.2916499999999997
3.2403500000000003
3.00725
3.1926500000000004
3.27905
2.78195
2.9909
3.1433
3.31145
3.19745
3.2303
3.61145
3.24695
3.2276000000000002
3.46385
3.30425
3.1614500000000003
2.99765
3.1121
3.5261
3.3122
3.50285
3.25115
3.1106
3.13535
3.1313
2.92805
3.37595
3.76595
3.7838000000000003
3.5827999999999998
3.36065
3.33695
3.19895
3.17105
3.16115
3.3959
2.99285
2.8178
3.18695
3.1313
3.6163999999999996
3.17915
3.3866
3.04955
11124:
4.0623499999999995
3.3534499999999996
3.8607500000000003
3.99425
3.74315
3.9658999999999995
3.7531999999999996
4.1243
4.0163
3.9626
4.0496
3.8268500000000003
3.8033
3.8550500000000003
3.8953999999999995
3.8324
3.8956999999999997
3.9614000000000003
3.84485
2.8112
4.04735
3.8516000000000004
3.8493500000000003
3.8577500000000002
3.7098500000000003
3.9497
3.5473999999999997
4.2104
3.7337
3.65585
3.7432999999999996
3.8390000000000004
3.9194000000000004
3.63875
3.83165
3.7197500000000003
3.9052999999999995
3.54845
3.95
4.22255
3.9953000000000003
4.0878499999999995
3.8434999999999997
3.8973500000000003
3.72785
3.7184
3.596
3.9452
3.8045
3.8444000000000003
3.7756999999999996
3.8666
3.7543999999999995
3.4142
4.0865
3.59375
11125:
3.55715
3.7922000000000002
3.86045
3.8853500000000007
4.0295000000000005
4.20575
3.82475
3.7916
3.6182000000000007
11126:
4.266
3.9010500000000006
3.9549000000000003
3.7246499999999996
3.9450000000000003
4.1535
4.02555
3.9393000000000002
4.11345
3.98445
4.0176
4.08675
4.3329
3.8767500000000004
4.2192
4.0839
4.2322500000000005
4.25535
3.8757
3.8819999999999997
4.029
3.9957000000000003
3.8278499999999998
4.39035
4.1214
3.9768
4.21965
4.1421
3.68385
3.92535
3.9739500000000003
3.9780000000000006
3.6477000000000004
3.7029
3.7794
4.3509
3.7953
4.0518
4.33065
4.31445
4.20105
4.14465
4.296600000000001
4.248
3.9780000000000006
4.1508
4.0782
3.9582000000000006
4.24305
4.164
3.9189
3.8655
4.30785
4.051200000000001
4.032900000000001
3.97485
4.0311
3.9447
3.8205
3.97935
4.1172
3.9571500000000004
4.2918
4.0314000000000005
3.7386
3.98745
4.44195
3.8683500000000004
3.8769
4.0593
4.1496
4.177350000000001
4.266900000000001
3.9586500000000004
4.383
4.0053
3.8370000000000006
4.2312
4.0101
3.9720000000000004
4.1103000000000005
4.14105
4.2066
4.1139
3.9834000000000005
3.5949
3.85365
3.8668500000000003
4.119
4.03215
3.9532499999999997
4.0374
4.089
4.15965
3.8841
4.3272
3.9349500000000006
4.0504500000000005
4.1598
4.131
3.8139000000000003
3.4854000000000003
3.774
4.072500000000001
4.0108500000000005
3.9162
4.20915
3.6822
4.2705
4.308
3.9316500000000003
3.9885
4.1805
4.099950000000001
4.43235
3.8587500000000006
3.92865
4.16655
3.8280000000000003
3.97035
4.20345
3.8908500000000004
3.558
4.39515
4.3722
3.5289
4.1763
4.0254
3.8520000000000003
4.22595
4.0899
3.8045999999999998
4.0614
4.2186
3.94965
3.9567000000000005
4.05405
4.08045
4.2624
3.9852
3.9217500000000003
4.1727
3.4218
4.158
4.0263
4.128
4.0827
3.8455500000000002
3.7758000000000003
11132:
3.297
3.3721500000000004
3.17685
3.747
3.627
3.44505
3.6967499999999998
3.25935
3.4911
3.7249499999999998
3.07605
3.42795
3.6123000000000003
2.80125
3.7592999999999996
3.19785
3.7003499999999994
3.34845
3.64245
3.41955
3.345
3.4505999999999997
3.3956999999999997
3.6586499999999997
3.07755
3.52965
3.6494999999999997
3.2592
3.55215
2.80965
3.27735
3.3699
3.73815
3.4910999999999994
2.9739
3.4324500000000002
3.3807
3.70845
3.5382
3.7908
3.3276000000000003
3.3111
3.52575
3.3384
3.12435
3.1319999999999997
3.38115
3.6021
3.39315
3.71385
3.46005
3.5328
3.5808
3.4901999999999997
3.61965
3.65625
3.4627499999999998
3.5622
3.2962499999999997
3.59715
3.68235
3.3402000000000003
3.6422999999999996
3.7653
3.45675
3.4105499999999997
3.3822
3.5919
3.69855
3.54885
3.7775999999999996
3.9204
3.4758000000000004
3.6643499999999998
3.3681
3.5292000000000003
3.4089
3.4008000000000003
3.285
3.54465
3.26445
3.291
3.49245
3.6234
3.4191000000000003
3.30225
3.38115
3.7199999999999998
3.2862
3.5937
3.1990499999999997
3.31395
3.67155
3.3711
3.4143
3.3367499999999994
3.4528499999999998
3.35745
3.5317499999999997
3.3453
3.25965
3.22635
3.25935
3.4745999999999997
3.3612
3.1693499999999997
3.4938000000000002
3.5841000000000003
3.09165
3.46185
3.7466999999999997
3.56925
3.2721
3.4888500000000002
3.1971
3.81195
3.4908
3.3327
3.3363
3.4491
3.5039999999999996
3.21645
3.492
3.98355
3.7125000000000004
3.60405
3.60135
3.51105
3.73695
3.3412499999999996
3.6702000000000004
3.6301500000000004
3.516
3.59235
3.6234
3.38265
3.6838499999999996
3.63105
3.7340999999999998
3.3721500000000004
3.36465
3.5846999999999998
3.6369
3.61935
3.56445
3.9195
3.4216499999999996
3.5247
3.3513
3.7432499999999997
3.5595
3.7728
3.9126000000000003
3.6615
2.89935
3.5118
3.47895
3.61935
3.79905
3.16425
4.03305
3.6395999999999997
3.4983
3.50265
3.22035
3.0919499999999998
3.8277
3.84915
3.65325
3.4608
3.10215
11279:
3.8466499999999995
3.6126500000000004
3.9593
3.9373999999999993
3.75575
3.6450499999999995
3.7004
3.5424499999999997
3.8034499999999998
3.6653000000000002
3.45575
3.79805
3.5290999999999997
3.78515
4.0532
3.70535
3.6856999999999998
3.78815
3.7949
3.8308999999999997
3.6341
3.7661
3.7786999999999997
3.6633499999999994
3.8625499999999997
3.92945
3.85565
3.8790500000000003
3.98255
3.5100499999999997
3.9636500000000003
3.752
4.03295
3.73055
3.6841999999999997
3.7125500000000002
3.6742999999999997
3.4934
3.6621499999999996
4.02575
3.7215499999999997
3.78125
3.848
3.6693499999999997
4.046
3.5429000000000004
3.82235
3.65735
3.4578499999999996
3.9483499999999996
3.5589500000000003
3.81065
3.9883999999999995
3.89795
3.74915
4.07855
3.9609499999999995
3.5679499999999997
4.21205
3.65855
3.7638499999999997
3.3617
3.8740999999999994
3.74735
3.90515
3.7922000000000002
3.69275
3.9082999999999997
3.8013500000000002
3.73055
3.72875
3.80075
3.80255
3.8167999999999997
3.8219000000000003
3.9371
3.5302999999999995
3.5073499999999997
3.6710000000000003
3.6666499999999997
3.7989499999999996
3.6633499999999994
3.77555
3.5287999999999995
4.0523
3.8723
3.9218
3.6423499999999995
3.5280499999999995
3.68795
3.36785
3.3113
3.49955
3.6346999999999996
3.6506
3.4493
4.0127
3.47045
3.1169000000000002
3.5381
3.9460999999999995
3.6252500000000003
3.569
3.28235
3.6102499999999997
3.8260999999999994
4.00085
3.31025
3.6198499999999996
3.7949
3.6324499999999995
3.7138999999999998
4.050949999999999
3.5618
3.8552
3.58925
3.7188499999999998
4.0131499999999996
4.1324
3.5852000000000004
3.23015
3.5928499999999994
3.7818500000000004
3.8401999999999994
3.5481499999999997
3.4052
3.5267
3.6316999999999995
3.77105
3.8228
3.9829999999999997
3.6975499999999997
3.6636499999999996
4.04285
3.71675
3.4745
4.0511
3.8102
3.71525
3.71345
3.64445
3.6576500000000003
3.3920000000000003
3.6418999999999997
3.8070500000000003
3.5812999999999997
4.0208
3.6111499999999994
3.5621
3.66395
3.9131
3.6126500000000004
3.7165999999999997
3.36815
3.9987500000000002
3.7013
3.8183
3.7553
3.7845500000000003
3.7687999999999997
3.8122999999999996
3.74735
3.7169
3.9029
4.07585
3.9047
3.7288999999999994
3.8552
3.6004999999999994
3.77825
3.9911000000000003
3.7679
3.7058
3.7874
3.4013
3.78005
3.5146999999999995
3.7893499999999998
3.7244
3.2201
3.572
3.9928999999999997
3.78695
3.8491999999999997
3.8835499999999996
3.52445
3.6472999999999995
3.9384499999999996
3.3183499999999997
3.6698000000000004
3.6111499999999994
3.83045
3.7817
3.5433499999999993
3.3515
3.90785
3.9289999999999994
3.91625
4.09955
3.8070500000000003
3.23015
3.89405
3.6769999999999996
3.99245
4.00085
3.7256
3.9307999999999996
3.665
3.6153500000000003
3.74585
3.7546999999999997
3.7885999999999997
4.19225
3.7832
3.9416
3.8552
3.57515
3.7078999999999995
3.9551
3.7058
3.9619999999999997
3.90515
3.4734499999999997
3.758
3.9053000000000004
4.0097
3.3197
3.9959
3.4637000000000002
4.02395
3.4558999999999997
4.043
3.8255
3.7949
3.3719
3.9101
3.7301
3.8849
3.8583499999999997
3.7499000000000002
3.73595
3.5980999999999996
3.9411499999999995
3.9166999999999996
3.686
4.0994
3.8807
3.4699999999999998
3.61475
3.875
3.7204999999999995
0.98
