10063:
4.106
3.7790000000000004
3.89
3.9335
4.334
4.0945
4.3294999999999995
4.2805
3.336
3.8425000000000002
3.9805
4.2505
4.1514999999999995
3.8930000000000002
10064:
2.9570000000000003
3.2760000000000002
3.4385
10065:
3.4715000000000003
3.493
3.3145000000000002
3.092
3.6505
3.6715
3.101
3.4215
2.588
3.1374999999999997
2.9395000000000002
9323:
3.4835
3.5695
3.8605
3.7304999999999997
3.6919999999999997
3.7435
16453:
3.478
3.8875
3.6605000000000003
3.7775000000000003
7418:
3.1755
3.0654999999999997
2.7319999999999998
3.1875000000000004
2.8240000000000003
3.461
11222:
3.7325000000000004
3.81
4.079
3.8515
4.163
3.878
7713:
3.6335
3.8545000000000003
4.0055
3.2855000000000003
3.4305
3.826
1330:
3.6380000000000003
3.6854999999999998
3.734
1002:
3.6995
3.27
3.603
3.7095000000000002
3.3395
3.7395
4.0329999999999995
3.1395000000000004
3.693
3.765
4.022
3.6465
3.5895
3.4505000000000003
10020:
3.977
4.015
3.8720000000000003
4.077999999999999
3.9015
3.7935000000000003
3.8625000000000003
4.0935
4.029
3.947
3.918
4.422
4.029
3.751
3.945
3.9205
4.093999999999999
3.6815
4.048
3.751
4.1605
3.6395000000000004
3.8525
3.8625000000000003
3.5955
3.1955000000000005
4.069999999999999
10021:
3.1229999999999998
3.3045
3.3835
10033:
3.977
3.6955000000000005
3.345
3.8525
3.4915
3.4345000000000003
3.6045000000000003
3.57
3.8880000000000003
3.5815
3.929
3.7470000000000003
4.388
4.007
10034:
2.6060000000000003
3.5665
10035:
3.251
4.3025
4.225999999999999
4.163499999999999
4.186
4.183
4.005
3.8000000000000003
3.7385
3.8275
3.9745000000000004
3.9170000000000003
3.979
4.0415
3.899
3.9125
4.007
4.140499999999999
4.090999999999999
4.5725
10036:
4.0305
3.6555000000000004
3.7495000000000003
3.6140000000000003
3.9195
3.9275
3.4725
3.839
3.3875
3.503
3.5325
3.789
3.9935
3.9370000000000003
4.2805
3.9805
3.8005
3.9645
3.2640000000000002
3.507
3.852
3.6555000000000004
4.4639999999999995
3.9395000000000002
3.7805000000000004
4.0805
3.8745
3.9915000000000003
3.988
3.469
3.7555
3.4865
3.4630000000000005
3.6225
3.4305
3.719
3.86
3.8380000000000005
3.73
3.9745000000000004
3.6655
3.7805000000000004
4.109
3.8535
3.9555000000000002
4.064
4.224499999999999
4.5305
3.5485
4.012
3.62
3.8685
3.7645000000000004
3.4365
3.7835
3.8640000000000003
3.7705
4.3865
3.706
4.006
3.857
4.1499999999999995
3.594
4.201
3.4970000000000003
4.229
3.8755
3.7805000000000004
3.894
3.9785
4.313
4.0305
3.9330000000000003
3.6330000000000005
3.8960000000000004
4.069
4.082
3.556
4.047499999999999
4.0355
3.8640000000000003
3.8245
4.247999999999999
4.0015
3.3640000000000003
3.8755
3.716
3.9250000000000003
3.9470000000000005
3.6415
3.2805000000000004
4.1
3.7395
4.051
3.7565000000000004
3.6095
3.56
3.9315
3.7095000000000002
4.0455
4.039
3.3875
3.735
4.172
3.7615000000000003
3.4295000000000004
4.403
3.541
3.8155
3.9075
3.8800000000000003
3.661
3.6775
3.7805000000000004
3.7045
3.782
4.2805
3.6695
3.7580000000000005
3.9440000000000004
3.8325
3.8850000000000002
3.9655
3.7840000000000003
3.9055
3.5860000000000003
3.894
4.239
3.7805000000000004
3.6435
4.0935
3.5575
3.602
4.5305
3.801
3.5965000000000003
3.9760000000000004
3.833
4.069
3.4515000000000002
4.2215
4.0805
3.8640000000000003
3.8085
3.5185
4.3305
3.6405000000000003
3.876
3.6855
3.6670000000000003
4.1175
3.8985
4.0305
3.7685
3.745
3.6970000000000005
4.3835
3.91
3.7645
4.181
4.0195
3.7805000000000004
3.9365
4.008
3.8175000000000003
3.8195
4.0035
4.161
4.044499999999999
3.725
3.6305
3.7345
4.0575
3.7945
3.9465
3.9375000000000004
3.746
3.9815
3.9335
4.1765
3.8140000000000005
4.173
3.587
3.887
4.327999999999999
3.769
3.8120000000000003
3.6305
3.9835000000000003
3.7965
3.7420000000000004
3.577
3.9305
4.29
4.019
3.4885
3.8140000000000005
4.0935
3.5420000000000003
3.8695
3.8375
3.8605000000000005
3.6875000000000004
3.964
3.427
4.4025
3.8445000000000005
4.2305
4.0305
3.7640000000000002
3.7485000000000004
15833:
3.4310000000000005
2.975
3.6235000000000004
3.4635000000000002
6588:
3.286
3.432
3.326
3.484
3.649
3.595
12125:
4.4445
4.002
4.502
4.252
3.5865000000000005
4.144
14928:
4.0625
3.9945
3.796
3.7335
3.8355
3.904
12042:
3.7125
3.9225
3.4415
3.8795
3.8649999999999998
6085:
3.4970000000000003
3.7885
3.9739999999999998
3.831
3.976
3.9875000000000003
5536:
3.4415
3.6665
3.3960000000000004
13706:
3.227
3.9055000000000004
3.6345
3.39
3.6575
3.759
10064:
2.9570000000000003
3.2760000000000002
3.4385
10065:
3.4715000000000003
3.493
3.3145000000000002
3.092
3.6505
3.6715
3.101
3.4215
2.588
3.1374999999999997
2.9395000000000002
3.5425
3.3935
3.838
3.6365000000000003
3.4490000000000003
3.281
10066:
2.5875
3.5405
3.19
3.3670000000000004
3.5195000000000003
10067:
3.4890000000000003
3.603
4.042
3.7655
3.6425
10072:
4.221
4.121499999999999
4.182499999999999
4.1845
3.7325000000000004
3.8190000000000004
3.7335
3.9395000000000002
4.247999999999999
3.7635
4.132499999999999
4.432499999999999
4.289
3.7595
4.178
4.176
3.954
4.111
4.077
3.9425000000000003
3.5325
4.1815
4.384499999999999
4.0525
3.8395
3.8075
4.101999999999999
3.7595
3.777
4.188
3.894
4.432499999999999
4.237
10075:
3.1069999999999998
10078:
3.5205
3.1045000000000003
3.1275
10079:
4.207
3.8569999999999998
4.023499999999999
4.1365
4.2265
4.05
1008:
4.491499999999999
3.971
3.8235
3.2955
4.303999999999999
4.236999999999999
3.6665
3.839
3.5740000000000003
3.764
3.6805
3.657
4.138999999999999
3.7015
4.1575
4.451499999999999
3.9570000000000003
3.514
4.513999999999999
3.871
4.2245
4.039
3.9915
3.7885
3.7790000000000004
3.642
3.693
3.8515
3.3794999999999997
3.962
3.8265
3.4475000000000002
3.6475
3.871
3.7005000000000003
3.8995
3.0615
3.6915
4.206499999999999
3.8405
10080:
4.2535
4.075
4.162
3.9680000000000004
4.158499999999999
4.297
4.326499999999999
4.6605
4.1785
3.9525
4.321
4.4155
4.1945
4.172
4.194
4.047
3.985
3.954
4.547
4.297
4.079
4.039499999999999
4.262499999999999
4.797
4.223
4.302499999999999
3.8865000000000003
4.667
3.9970000000000003
3.9305
4.314
4.297
3.9895
3.7075
3.987
3.7415
4.445499999999999
4.103
4.478
3.922
4.547
4.0285
4.1034999999999995
3.951
4.3805
4.442
4.285
4.3325
4.297
4.138999999999999
4.2115
3.908
4.275499999999999
4.4635
3.9685
4.018
4.4014999999999995
3.713
4.141
4.4895
4.3025
4.106999999999999
4.369999999999999
3.7745
3.8425000000000002
4.061
3.5755000000000003
3.9385
3.672
3.846
4.0675
4.218
4.4885
4.016
4.1865
4.14
4.2545
3.9275
4.265
4.125
4.4635
4.5
4.5245
4.269
4.023
3.947
3.922
4.1305
3.8850000000000002
4.2135
4.043
4.297
4.297
4.1075
4.0565
4.138
4.047
4.2455
10081:
3.7655
3.7505
3.6955
3.8605
4.039
3.5725000000000002
3.631
10082:
3.423
3.003
3.5124999999999997
3.7624999999999997
3.39
3.6195
3.0265
3.419
3.1555
3.5245
2.8095000000000003
3.9410000000000003
3.5565
3.1910000000000003
1.941
3.3409999999999997
3.0575
3.929
3.219
3.639
3.1910000000000003
3.0020000000000002
3.52
2.8575000000000004
3.103
2.8355
2.6229999999999998
3.6810000000000005
3.033
3.9410000000000003
2.9410000000000003
3.2985
3.259
3.1575
3.5509999999999997
3.3265
2.8409999999999997
3.1175
3.429
2.729
3.2745
2.6910000000000003
2.929
3.3885
3.4410000000000003
3.196
3.1765000000000003
3.2125
3.329
2.929
3.6075000000000004
3.1910000000000003
2.4410000000000003
3.015
10076:
3.5655
3.799
4.083
3.8735
3.8725
3.62
2204:
3.8925
3.9055
3.5345
759:
3.3975000000000004
3.5450000000000004
3.4615
3.469
3.8430000000000004
3.6555000000000004
13231:
2.972
3.1985
3.298
2.0885
2.8825
4639:
3.0595000000000003
3.5245
3.1495
3.1945
3.2035000000000005
3.3990000000000005
16788:
4.093
3.4985000000000004
3.553
3.7465
3.801
3.647
14720:
3.8325
3.5655
4.372
3.6235000000000004
10062:
3.3655000000000004
3.573
10063:
4.106
3.7790000000000004
3.89
3.9335
4.334
4.0945
4.3294999999999995
4.2805
3.336
3.8425000000000002
3.9805
4.2505
4.1514999999999995
3.8930000000000002
10064:
2.9570000000000003
3.2760000000000002
3.4385
10065:
3.4715000000000003
3.493
3.3145000000000002
3.092
3.6505
3.6715
3.101
3.4215
2.588
3.1374999999999997
2.9395000000000002
3.5425
3.3935
3.838
3.6365000000000003
3.4490000000000003
3.281
3.38
3.683
3.665
3.1845
3.1715
3.134
3.1715
3.7715
3.505
3.1405
3.57
2.9715000000000003
3.524
2.956
2.9525
3.35
3.179
3.1755
3.6715
10064:
2.9570000000000003
3.2760000000000002
3.4385
10065:
3.4715000000000003
3.493
3.3145000000000002
3.092
3.6505
3.6715
3.101
3.4215
2.588
3.1374999999999997
2.9395000000000002
3.5425
3.3935
3.838
3.6365000000000003
3.4490000000000003
3.281
10066:
2.5875
3.5405
3.19
3.3670000000000004
3.5195000000000003
10067:
3.4890000000000003
3.603
4.042
3.7655
3.6425
10072:
4.221
4.121499999999999
4.182499999999999
4.1845
3.7325000000000004
3.8190000000000004
3.7335
3.9395000000000002
4.247999999999999
3.7635
4.132499999999999
4.432499999999999
4.289
3.7595
4.178
4.176
3.954
4.111
4.077
3.9425000000000003
3.5325
4.1815
4.384499999999999
4.0525
3.8395
3.8075
4.101999999999999
3.7595
3.777
4.188
3.894
4.432499999999999
4.237
10075:
3.1069999999999998
10078:
3.5205
3.1045000000000003
3.1275
10079:
4.207
3.8569999999999998
4.023499999999999
4.1365
4.2265
4.05
1008:
4.491499999999999
3.971
3.8235
3.2955
4.303999999999999
4.236999999999999
3.6665
3.839
3.5740000000000003
3.764
3.6805
3.657
4.138999999999999
3.7015
4.1575
4.451499999999999
3.9570000000000003
3.514
4.513999999999999
3.871
4.2245
4.039
3.9915
3.7885
3.7790000000000004
3.642
3.693
3.8515
3.3794999999999997
3.962
3.8265
3.4475000000000002
3.6475
3.871
3.7005000000000003
3.8995
3.0615
3.6915
4.206499999999999
3.8405
10080:
4.2535
4.075
4.162
3.9680000000000004
4.158499999999999
4.297
4.326499999999999
4.6605
4.1785
3.9525
4.321
4.4155
4.1945
4.172
4.194
4.047
3.985
3.954
4.547
4.297
4.079
4.039499999999999
4.262499999999999
4.797
4.223
4.302499999999999
3.8865000000000003
4.667
3.9970000000000003
3.9305
4.314
4.297
3.9895
3.7075
3.987
3.7415
4.445499999999999
4.103
4.478
3.922
4.547
4.0285
4.1034999999999995
3.951
4.3805
4.442
4.285
4.3325
4.297
4.138999999999999
4.2115
3.908
4.275499999999999
4.4635
3.9685
4.018
4.4014999999999995
3.713
4.141
4.4895
4.3025
4.106999999999999
4.369999999999999
3.7745
3.8425000000000002
4.061
3.5755000000000003
3.9385
3.672
3.846
4.0675
4.218
4.4885
4.016
4.1865
4.14
4.2545
3.9275
4.265
4.125
4.4635
4.5
4.5245
4.269
4.023
3.947
3.922
4.1305
3.8850000000000002
4.2135
4.043
4.297
4.297
4.1075
4.0565
4.138
4.047
4.2455
10081:
3.7655
3.7505
3.6955
3.8605
4.039
3.5725000000000002
3.631
10082:
3.423
3.003
3.5124999999999997
3.7624999999999997
3.39
3.6195
3.0265
3.419
3.1555
3.5245
2.8095000000000003
3.9410000000000003
3.5565
3.1910000000000003
1.941
3.3409999999999997
3.0575
3.929
3.219
3.639
3.1910000000000003
3.0020000000000002
3.52
2.8575000000000004
3.103
2.8355
2.6229999999999998
3.6810000000000005
3.033
3.9410000000000003
2.9410000000000003
3.2985
3.259
3.1575
3.5509999999999997
3.3265
2.8409999999999997
3.1175
3.429
2.729
3.2745
2.6910000000000003
2.929
13212:
3.577
3.0415
3.608
2.9595
3.6065
3.5315
12980:
3.9135
3.4955000000000003
3.148
4.012
3.7795
3.5885000000000002
13138:
3.4090000000000003
3570:
3.963
3.8725
3.6805
3.932
4.031499999999999
3.9315
231:
3.4075
3.405
3.304
3.3665
3.6679999999999997
2.799
8691:
3.6065
3.6300000000000003
4.063999999999999
3.546
4.095
4.1209999999999996
8335:
3.6625
12810:
3.2600000000000002
3.429
3.6945
3.8625000000000003
3.572
3.4010000000000002
1452:
3.0545
3.0005
2.854
2.86
2.6685000000000003
3.243
17585:
3.7965
4.1819999999999995
4.217
3.4010000000000002
4.252
3.5675000000000003
12627:
3.779
3.6585
3.7765
3.617
3.9125
3.8329999999999997
467:
4.096
3.802
4.02
3.825
4.1015
3.5180000000000002
13220:
3.3155
3.2425
3.1255
3.5785000000000005
2.9915
3.169
9029:
3.682
3.6375
2.7500000000000004
3.578
1.00
>>> 