10040:
3.312
3.3505
3.70675
7096:
3.46775
3.2882499999999997
3.3282499999999997
3.68775
3.3714999999999997
3.17375
10791:
3.7880000000000003
3.448
3.4965
6585:
3.376
3.70125
3.371
3.56275
3.03125
3.6512499999999997
3.32775
2.6325
3.3569999999999998
9931:
14771:
3.65925
3.6675
3.65675
3.80425
3.7902500000000003
3.56875
3.54375
3.64275
3.66875
3.55125
3.5182499999999997
3.62975
4.10225
3.4379999999999997
3.4324999999999997
3.4352500000000004
3.43975
5252:
3.9715000000000003
3.6100000000000003
3.66875
3.6605
3.966
4.0272499999999996
3.478
4.051500000000001
4.04725
4.0405
866:
3.2030000000000003
3.7375000000000003
3.6675
4.104
3.414
3.57925
3.458
3.1875
3.6075
4.132
3.5440000000000005
3.2984999999999998
3.333
3.507
3.3609999999999998
3.446
3.4532499999999997
3.50225
3.3040000000000003
3.5445
3.9375
6688:
3.6375
3.28175
3.5429999999999997
3.154
3.5942499999999997
3.5629999999999997
3.65975
2.8092499999999996
3.292
3.21625
3.37025
3.48625
3.3765
3.1445
3.30475
1831:
2.8752500000000003
2.6567499999999997
3.14175
3.3045
2.79575
2.9137500000000003
3.4955
3.0607499999999996
3.1102499999999997
3.4167500000000004
7415:
4.08775
3.6965
4.256
3.8237499999999995
3.89725
3.9135
3.8880000000000003
3.8939999999999997
3.696
12852:
3.3465000000000003
3.715
3.4965
3.7889999999999997
3.7632499999999998
3.875
3.9989999999999997
3.43925
3.62825
3.55925
3.6995000000000005
3.7645
3.5157499999999997
3.65075
3.56875
3.8547499999999997
3.63125
3.78275
3.1087499999999997
3.93525
3.8275
3.6624999999999996
4.201499999999999
3.74475
3.5832499999999996
3.31225
3.8387499999999997
3.60425
3.72175
3.8185000000000002
3.59375
3.63375
3.63225
3.6847499999999997
3.9204999999999997
3.53375
3.37975
3.373
3.639
3.77125
3.542
3.7247500000000002
3.31875
3.5557499999999997
3.3215
3.4285
3.87875
3.19
3.4665
3.5715
3.4105000000000003
3.654
3.79125
3.6815
3.8907499999999997
3.4604999999999997
2.46725
3.3497500000000002
3.8419999999999996
2.94075
3.67875
3.8949999999999996
3.6062499999999997
3.41425
3.65875
3.93375
3.592
3.70025
3.3495
3.4570000000000003
3.73875
3.6995000000000005
3.39525
3.617
3.55675
17372:
2.89525
2.3432500000000003
2.8077500000000004
3.5512499999999996
3.032
3.2855
2.7135
2.72675
3.0734999999999997
2.6919999999999997
3.311
3.1835
3.34525
2.94825
3.5992499999999996
2.97325
2.86875
3.12125
880:
4.05325
3.8937500000000003
3.75575
3.83075
3.90925
3.92025
3.74825
4.1345
3.91525
3.5865
3.86525
3.8040000000000003
3.973
3.68425
3.77725
3.95975
3.9217500000000003
4.045
3.59825
3.947
3.673
3.6532500000000003
3.92875
3.64725
3.56475
3.6925
3.738
3.7625
3.9720000000000004
3.6295
383:
3.2775
2.8112500000000002
3.164
2.884
3.6399999999999997
15505:
3.13725
3.08725
15714:
3.9137500000000003
3.23025
3.6664999999999996
15678:
3.1637500000000003
3.2405
2.7912500000000002
3.1592499999999997
3.25075
3.4137500000000003
2.8674999999999997
2.097
3.0504999999999995
3.6777499999999996
3.176
3.1252499999999994
13685:
3.69175
3.604
3.3712500000000003
3.67975
3.7127499999999998
3.19025
3.6454999999999997
3.4440000000000004
3.6955
3.5255
3.69425
3.5147500000000003
3.6464999999999996
3.23225
3.74625
3.78225
3.4225000000000003
14451:
3.3645
3.104
3.1012500000000003
2.798
3.1849999999999996
2.8587499999999997
2.7615
2.9515000000000002
3.04075
2.9655
3.2055000000000002
2.6835
2.879
3.195
2.811
3119:
3.89575
3.7087499999999998
3.57925
3.7302500000000003
3.97575
3.89075
3.59725
3.7625
3.45875
3.3542499999999995
3.6497499999999996
4.024249999999999
3.61325
3.74575
3.6390000000000002
3.45275
3.7012500000000004
3.8475
4.30425
3.63775
3.7422500000000003
3.7042499999999996
3.73575
3.94225
3.75275
3.7505
3.8294999999999995
3.6092500000000003
4.0207500000000005
3.4684999999999997
11139:
4.12125
3.8280000000000003
3.2720000000000002
3.6902500000000003
3.5447499999999996
3.4280000000000004
3.5550000000000006
3.91
3.767
3.242
3.9145000000000003
3.79925
3.51425
3.409
3.8455000000000004
3.607
3.3855
3.45975
3.9792499999999995
3.4237500000000005
3.697
3.5137500000000004
3.8200000000000003
3.6435
3.67125
3.5335
3.7560000000000002
3.44275
3.822
3.5927499999999997
3.5580000000000003
3.6262499999999998
3.8155
3.5585
3.6235000000000004
3.6475
3.89975
3.4197500000000005
3.7052500000000004
3.7969999999999997
3.4165000000000005
3.7845
4.2255
4.028
3.8880000000000003
4.042
3.6875
3.95625
3.7765
3.8735
3.7489999999999997
3.4339999999999997
4.173
3.6085000000000003
3.68
3.4765
3.6849999999999996
3.7275
3.5185000000000004
4.03275
3.46575
3.709
3.7235
3.7765
3.8077500000000004
3.89025
3.37625
3.687
3.6060000000000003
3.7405
3.36525
4.00225
3.64375
3.69125
3.3817500000000003
4.171
3.5580000000000003
4.06
3.71875
3.6410000000000005
3.8040000000000003
3.9012499999999997
3.5010000000000003
3.3274999999999997
3.8129999999999997
3.4735
3.67875
3.8369999999999997
3.7025000000000006
3.58725
4.2135
3.5675
3.5087499999999996
4.1135
3.479
3.6355
3.4197500000000005
3.4735
3.459
3.5625
3.8525
3.989
3.8395
3.6032499999999996
3.74
3.7340000000000004
4.0645
3.8594999999999997
3.4982499999999996
3.64025
3.3710000000000004
3.6194999999999995
3.7015000000000002
3.66275
3.5280000000000005
3.8145
3.7965
3.5602500000000004
3.767
3.5500000000000003
3.396
3.65175
3.4985
3.56875
3.4970000000000003
3.643
3.3632500000000003
3.4007500000000004
3.877
3.642
3.471
3.2835
4.0344999999999995
16323:
3.65125
3.5732500000000003
3.2665
15474:
3.3259999999999996
3.78075
3.11075
3.5355
3.6157500000000002
3.3465
3.6285
3.4405
3.8754999999999997
3.5452500000000002
3.7327500000000002
3.4985
3.71775
3.3445
3.27075
3.7422500000000003
3.40475
3.1725
3.5925
3.4799999999999995
3.401
3.835
3.272
3.2995
3.2165
3.4875
3.5484999999999998
3.3009999999999997
3.3299999999999996
3.3365
3.57475
3.4052499999999997
3.621
3.714
3.4
3.47325
3.2539999999999996
3.55925
3.46725
3.5999999999999996
3.5557499999999997
3.362
3.4274999999999998
3.30225
3.6107500000000003
3.42225
3.9265
3.3765
3.5945
3.37875
3.6614999999999998
3.46775
3.31875
3.606
3.5145
3.607
3.4475000000000002
3.393
3.4565
3.674
3.0915
3.4747500000000002
3.2915
3.484
3.276
3.573
3.386
3.2315
3.38125
3.57
3.2975
3.4585
3.474
3.40975
3.4915000000000003
3.412
5203:
3.2897499999999997
3.41275
3.2119999999999997
3.17425
3.5604999999999998
3.1422499999999998
3.4334999999999996
3.13925
3.33125
3.7662500000000003
13502:
3.05425
3.1382499999999998
3.135
3.17
3.29375
3.1405000000000003
3.17825
2.984
3.22375
3.2377499999999997
2.8295000000000003
3.1765
2635:
3.55925
3.745
3.3497500000000002
3.5490000000000004
3.6824999999999997
3.9027499999999997
3.37225
3.61125
3.2915
3.3175
16605:
4.016
4.2145
3.60575
3.774
4.1645
3.51325
3.8375000000000004
3.7407500000000002
3.697
4.077500000000001
3.869
3.78325
3.93475
3.75
4.0305
3.78275
3.899
3.7055000000000002
3.8925
3.8285
3.6835000000000004
4.1265
3.819
3.785
3.9305000000000003
4.055
4.46075
3.7190000000000003
3.66725
4.4052500000000006
3.354
3.50775
3.9590000000000005
3.806
4.065
3.6765
4.2405
3.84425
3.71875
4.202
4.02375
3.3875
3.551
3.64
3.888
3.7700000000000005
4.0765
3.8095
3.767
3.9085
3.7115
3.8207500000000003
3.9410000000000003
3.94625
3.81225
3.6900000000000004
3.874
3.732
3.6025
3.7807500000000003
3.8465
3.84525
3.7205000000000004
3.93325
3.6255
4.034
3.8805
3.8689999999999998
3.9635
3.713
3.816
4.00925
3.776
3.7875
3.85975
3.98375
3.55825
3.995
3.6814999999999998
3.6745
3.7965
3.577
4.072
3.9715
3.9825
3.8129999999999997
3.9425
3.734
4.21525
3.857
4.0155
3.847
3.565
3.6825
2.9535
3.5045
3.7145
3.34075
3.89325
3.612
4.0040000000000004
4.205
3.86725
3.7607500000000003
3.626
3.66075
4.0705
3.3087500000000003
3.47525
4.072500000000001
3.6690000000000005
3.98625
3.85025
3.7640000000000002
3.82775
3.68975
3.4945000000000004
3.9335000000000004
3.89725
4.113
3.7885
4.05525
4.0545
4.088
3.6485000000000003
3.93725
4.03275
3.4275
3.87225
3.65025
3.9805
4.083
3.9400000000000004
3.9495000000000005
5391:
3.5500000000000003
3.3190000000000004
3.84125
4.0265
3.5852500000000003
3.7592499999999998
3.78475
3.499
3.53575
3.5272499999999996
3.745
3.90425
3.70875
3.841
4.17375
3.56475
3.509
3.39325
3.52675
3.5065
3.7325
3.4545
3.4705
3.79875
3.6125
3.46175
3.8032499999999994
3.45725
3.8892499999999997
3.8322499999999997
3.9537500000000003
3.6855
3.839
3.6102499999999997
3.81025
3.7102500000000003
3.59725
3.49425
4.00625
3.65275
3.6502499999999998
3.7225
3.4905
3.31025
3.46925
3.6587500000000004
3.717
3.6297500000000005
3.6232499999999996
3.5635
3.8794999999999997
3.8157500000000004
3.87275
3.7677500000000004
3.6697500000000005
3.33875
3.91075
3.85975
3.8805
3.81175
3.30525
3.7435
3.6485
4.0112499999999995
3.54125
3.3605
3.73125
3.5012499999999998
3.88575
3.632
3.71
3.5637499999999998
3.5572500000000002
3.82775
3.5897499999999996
3.6957500000000003
3.314
3.6232499999999996
3.6705
3.981
3.60625
3.68325
3.761
3.8905000000000003
3.7699999999999996
14135:
3.0855
3.253
3.4795
3.1790000000000003
3.3440000000000003
3.42275
3.1460000000000004
3.1157500000000002
3.452
3.4570000000000003
3.3390000000000004
3.2002500000000005
3.145
3.33325
3.63725
3.17275
3.20075
3.2155
3.4595000000000002
3.2255000000000003
3.1945
3.2715
3.3360000000000003
3.1662500000000002
3.4302500000000005
3.4552500000000004
3.0285
3.0355000000000003
3.3890000000000002
3.2510000000000003
3.285
3.442
3.1189999999999998
3.1632500000000006
3.0360000000000005
3.1965000000000003
3.31025
3.9017500000000003
3.6065000000000005
3.5595
3.466
3.3232500000000003
3.362
3.3045
3.628
3.14825
3.414
3.665
3.64225
3.35575
3.504
3.3970000000000002
3.04075
3.58275
3.1940000000000004
3.076
3.091
3.5475000000000003
3.3355
3.357
3.0965
3.342
3.2990000000000004
2.9827500000000002
3.73375
3.1310000000000002
3.371
3.4770000000000003
3.6345
3.5275000000000003
3.32125
3.2687500000000003
3.13275
3.47025
3.46
3.011
3.37175
2.9295
3.2975000000000003
3.3495
3.5745000000000005
3.249
3.2955
3.3755
3.2279999999999998
3.1570000000000005
3.17475
3.36
3.56375
3.4775
3.3652500000000005
3.28025
3.0832500000000005
3.3120000000000003
3.226
3.16275
3.1310000000000002
3.084
3.1590000000000003
3.54
3.274
2.9365
3.45025
3.3985
3.2350000000000003
3.2492500000000004
3.5785
3.39625
3.635
3.4745
3.335
2.91775
3.08025
3.1445
3.2865
3.2735000000000003
3.1795
3.0875000000000004
3.1335
3.428
3.3287500000000003
3.4640000000000004
3.52
3.14275
3.2407500000000002
3.3635
3.3230000000000004
3.6029999999999998
3.439
3.327
2.8840000000000003
2.85525
3.4215000000000004
3.223
3.003
3.303
3.5095
3.4625000000000004
3.2685000000000004
3.2105
3.8600000000000003
3.238
3.4850000000000003
3.319
3.153
3.38
3.1942500000000003
3.4555
3.38475
3.4947500000000002
3.419
3.407
3.0700000000000003
3.2635
3.758
2.88125
3.7157500000000003
2.96525
3.2077500000000003
3.785
3.688
3.607
3.6235
3.633
3.2455
3.4952500000000004
3.0564999999999998
3.0715000000000003
3.35
3.439
3.5675
3.1420000000000003
3.54225
3.1347500000000004
3.483
3.43
3.177
2.8520000000000003
3.25025
3.146
3.3285
3.2195
3.1420000000000003
3.2880000000000003
3.5532500000000002
2.7932500000000005
3.4375
3.0025
2.91025
3.047
3.5475000000000003
3.1475
3.2190000000000003
3.1660000000000004
3.0255
3.4675000000000002
3.7569999999999997
3.849
3.34375
3.5530000000000004
3.44675
3.043
3.367
3.3575
2.9705000000000004
3.3355
3.1995
3.4425
3.2140000000000004
2.87275
3.5315000000000003
3.7504999999999997
3.39
3.5945
3.559
3.136
3.556
3.265
3.19125
3.5860000000000003
3.3977500000000003
3.17575
3.47
3.0164999999999997
3.4555
2.93
3.419
3.6029999999999998
3.5365
3.7775000000000003
3.1252500000000003
3.19525
3.27725
3.5145
3.149
3.4125
3.4435000000000002
3.0685000000000002
3.4035
3.6590000000000003
3.459
3.428
3.51525
3.5890000000000004
2.9565
3.45225
3.2065
3.32225
3.374
3.6180000000000003
3.3920000000000003
2.489
3.3
3.1202500000000004
3.1795
3.769
3.4045
3.18075
3.1500000000000004
3.0995
3.2965
3.07275
3.3205
3.4567500000000004
3.4287500000000004
3.3920000000000003
2.93525
3.5330000000000004
3.3125000000000004
2.8975
3.233
3.2735000000000003
3.5890000000000004
3.2542500000000003
3.5507500000000003
2.725
3.1705
3.30325
3.3245000000000005
3.763
3.6740000000000004
3.5895
3.305
3.3765
3.68075
3.1307500000000004
3.5
3.386
3.211
2.7475
3.3280000000000003
3.16125
3.287
2.44425
3.70975
2.809
3.5774999999999997
3.19675
3.369
3.06025
3.3385
3.0525
3.4865000000000004
3.52325
3.23775
2.8785000000000003
3.0475000000000003
3.4975
3.3865000000000003
2.97875
3.13375
3.575
3.4405
3.1785
2.88875
3.2350000000000003
3.265
3.1875
3.13625
3.3945000000000003
3.05825
3.27825
3.438
3.5755
3.004
3.6975
3.5285
3.36125
2.82575
3.7620000000000005
3.189
3.261
3.6455
3.0385000000000004
3.1905
3.3832500000000003
3.395
3.57125
2.66875
3.2255000000000003
3.176
3.56475
3.729
3.3655
3.07625
3.5050000000000003
3.2905
3.3545
3.03575
3.245
3.38375
3.5975
3.5482500000000003
3.4945000000000004
3.33
3.2350000000000003
2.8975000000000004
3.4365
3.5572500000000002
3.22
3.33175
2.9725
3.378
3.3202499999999997
3.47225
3.1515000000000004
3.1555
3.1875
3.4850000000000003
3.3415
3.5752500000000005
3.2027500000000004
3.487
3.0042500000000003
3.1125
3.3635
3.5442500000000003
3.4552500000000004
3.3475
3.1865
3.3142500000000004
3.226
3.1265
3.13375
3.3167500000000003
3.5685000000000002
3.294
3.374
3.0922500000000004
3.6574999999999998
3.377
3.0472500000000005
3.1475
3.2325
3.46825
3.2405
2.7292500000000004
3.01
3.3165
3.0825
3.3785
3.5620000000000003
2.918
3.4595000000000002
3.0595000000000003
3.1842500000000005
3.2455
2.96275
3.19125
3.8755
3.4515000000000002
3.169
3.7375
3.28925
3.112
3.409
3.227
3.202
3.5062500000000005
3.36775
3.055
3.33925
3.1610000000000005
3.5475000000000003
3.2142500000000003
3.8775000000000004
3.67
3.6475
3.4859999999999998
3.0745
3.603
3.3975
3.24425
3.6165000000000003
2.467
3.41975
3.5045
3.475
3.274
3.29225
3.26175
3.0825
3.12075
3.2207500000000002
3.46175
3.1605
3.0095
3.364
3.4205
3.1975
3.21
3.53825
3.2235000000000005
3.1115000000000004
3.257
3.3005000000000004
3.643
3.3095
3.548
3.3390000000000004
3.575
3.1595000000000004
2.805
3.105
3.294
3.4425
3.3440000000000003
3.2435
3.36525
3.3537500000000002
3.2822500000000003
3.532
3.50375
3.6030000000000006
3.23425
3.1807499999999997
3.38925
3.6562500000000004
3.5060000000000002
2.96725
3.1905
3.4865000000000004
3.0890000000000004
3.2205000000000004
3.1390000000000002
3.1415
3.19675
3.3105
3.0735
3.683
3.164
3.2645
3.16325
3.4415
3.6
3.5055
3.088
3.0965
3.0985
3.3735
3.342
3.0815
3.3655
3.6319999999999997
3.3715
3.0810000000000004
3.7430000000000003
3.1702500000000002
3.338
3.4705000000000004
3.3475
3.7235000000000005
3.56725
3.5295
3.6050000000000004
3.4015000000000004
3.258
3.4690000000000003
2.9705000000000004
3.6530000000000005
3.0047500000000005
3.4055
3.2225
3.593
2.9290000000000003
3.6555
3.223
3.434
3.7199999999999998
3.4367500000000004
3.1010000000000004
3.1970000000000005
3.10925
3.354
3.4305
3.38775
3.55
3.2735000000000003
3.1985
3.229
3.1585
3.30625
3.2485
3.3965
2.8895
3.045
3.2140000000000004
3.3395
3.5827500000000003
3.56975
3.5140000000000002
3.35
3.419
3.6775
3.7215
3.3070000000000004
3.1100000000000003
3.3955
2.6445
3.2750000000000004
3.354
3.136
3.2425
2.9275
3.3810000000000002
3.10475
3.3415
2.976
3.47175
3.0882500000000004
3.4385000000000003
3.38375
2.99625
3.10625
3.5032500000000004
3.2807500000000003
2.93025
3.6385000000000005
2.88275
3.4290000000000003
3.2
2.9210000000000003
3.349
3.1355000000000004
3.1662500000000002
3.1905
3.3480000000000003
3.6065000000000005
3.2435
3.075
3.4720000000000004
3.3609999999999998
3.122
3.17875
3.5655
3.2315
3.351
3.2865
3.476
3.58775
3.2670000000000003
2.8712500000000003
3.2815000000000003
3.456
3.7010000000000005
3.3725
3.36425
3.564
3.487
3.314
3.27
3.6225
3.35175
2.82475
3.189
3.5475000000000003
3.462
3.276
3.1665
3.2439999999999998
3.1612500000000003
3.5475000000000003
3.4530000000000003
3.0475000000000003
3.0475000000000003
3.5940000000000003
3.3355
3.4885
3.19725
3.21375
3.1985
3.0685000000000002
3.3237500000000004
3.5140000000000002
2.89325
3.279
3.262
3.584
3.4075
3.559
3.001
3.4345
3.2785
3.24675
3.332
3.161
4.0475
3.29875
2.873
3.1077500000000002
3.623
3.3495
2.8754999999999997
3.3952500000000003
3.1780000000000004
3.2277500000000003
3.428
3.1475
3.17125
3.281
3.2960000000000003
3.43
3.1575
3.446
3.6050000000000004
3.012
3.5475000000000003
2.9675000000000002
3.6897500000000005
3.17425
3.156
3.1902500000000003
3.0892500000000003
3.5005
3.5895
3.6645000000000003
2.94375
3.6130000000000004
3.7590000000000003
3.511
3.7350000000000003
3.07575
3.332
3.1925
3.258
3.5965
3.301
3.5815
3.4095000000000004
3.5612500000000002
3.593
2.9445
3.13075
3.3520000000000003
3.4880000000000004
3.585
3.1500000000000004
3.5685000000000002
3.1310000000000002
3.4745
3.125
3.5330000000000004
3.457
3.1117500000000002
3.043
3.575
3.4255
3.099
2.6100000000000003
3.59675
3.351
3.3360000000000003
3.2125000000000004
3.6125
3.4945000000000004
3.1815
3.0244999999999997
3.083
3.3215
3.4145000000000003
3.2322500000000005
3.2997500000000004
3.14275
3.1725000000000003
3.7015000000000002
3.1875
3.5730000000000004
3.51375
3.5890000000000004
3.2662500000000003
3.5385
3.3512500000000003
3.083
3.281
3.375
3.6470000000000002
3.303
3.6020000000000003
3.3277500000000004
3.6029999999999998
3.62325
3.4985
2.9025000000000003
3.80175
3.341
2.97725
3.4305000000000003
2.79575
2.93475
3.4105
3.34175
3.3405
3.2975000000000003
3.262
3.112
3.5125
3.4225000000000003
3.3505000000000003
3.22625
3.22625
3.9737500000000003
3.234
3.8034999999999997
3.3325
3.2555000000000005
3.52575
3.2525000000000004
3.5475000000000003
3.442
3.3440000000000003
3.1822500000000002
3.8745000000000003
3.0707500000000003
3.329
3.481
3.3475
3.0780000000000003
3.59025
3.29
3.27975
2.7695
3.8255
3.5767500000000005
2.9225000000000003
3.6745
3.415
3.4257500000000003
3.3225000000000002
3.633
2.7765000000000004
2.9865
3.0730000000000004
3.34475
3.25
4.0475
3.1955
3.49325
2.9450000000000003
3.89325
3.3237500000000004
3.4895
3.12875
3.598
3.208
3.4365
3.233
3.4535
3.2920000000000003
3.2482500000000005
3.2365000000000004
3.31625
3.401
3.1157500000000002
3.1872500000000006
2.473
3.3955
3.66425
3.3565
3.4465000000000003
3.1995
3.532
2.9805
3.05575
3.5185000000000004
3.32325
3.6865
3.56625
3.246
3.3505000000000003
3.12625
3.19925
2.8845
8278:
3.307
3.13375
3.323
3.4507499999999998
2.76925
3.612
3.3805
3.0404999999999998
3.862
3.051
3.794
2.987
3.2315
3.217
2.891
3.309
2.9685
3.3695
2.8797499999999996
3.22975
3.6435000000000004
3.1415
2.6959999999999997
3.4125
3.426
3.2895
3.14375
2.97325
3.3634999999999997
13357:
3.6925
3.679
4.16275
3.9610000000000003
3.85525
3.88875
3.6922500000000005
3.4535
3.6415
4.11975
3.6985
4.01825
3.9617500000000003
3.6107500000000003
3.62025
6959:
3.773
3.59675
3.7675
3.2885
3.56375
3.4669999999999996
3.6165000000000003
4.08525
3.54375
3.581
3.42775
3.3445
3.417
3.13625
3.66275
3.5570000000000004
3.5315000000000003
3.766
3.943
3.5875000000000004
3.68675
3.4219999999999997
3.7085
3.907
3.5547500000000003
3.27325
3.5622499999999997
3.57075
3.572
3.47975
3.7015000000000002
3.39225
3.4682500000000003
1793:
3.5577499999999995
4.29825
4.20775
3.4505
4.29725
4.361
3.9047500000000004
3.5797499999999998
7358:
3.01675
3.44175
3.7184999999999997
3.8705
15463:
4.07625
3.71575
3.767
3.7089999999999996
3.6254999999999997
3.832
3.946
3.88975
3.7795
3.758
3.579
3.67575
3.9909999999999997
4.061
4.26525
4.0575
3.823
4.1385000000000005
3.33875
3543:
2.5675
5857:
3.58175
3.16975
3.5214999999999996
114:
3.7385
4.0925
3.6745
3.376
3.46
3.6715
4.14725
3.62325
3.2542500000000003
3.75
13095:
3.59175
3.266
3.34775
3.73825
3.5825000000000005
3.6175
3.3935000000000004
3.38825
3.15525
3.26025
3.61975
3.6157500000000002
3.41075
4.08225
3.72675
3.4987500000000002
3.578
3.2865
3.33125
3.2627500000000005
3.5460000000000003
4854:
3.6165
3.613
15075:
2.9579999999999997
3.2990000000000004
3.5435
3.673
3.1505
3.4905
3.4705000000000004
3.3655
3.3605
3.5234999999999994
3.3162499999999997
3.324
3.6282500000000004
3.0614999999999997
3.31525
3.5065
3.37225
3.081
3.349
3.2569999999999997
3.3067499999999996
3.5
3.742
2.71975
3.476
3.4055
3.3185000000000002
3.4379999999999997
3.54625
3.77825
3.423
3.1144999999999996
3.4135
3.397
3.15925
3.4154999999999998
3.575
3.386
3.3175
3.3074999999999997
2.9437499999999996
3.4817500000000003
3.59925
3.40075
3.3739999999999997
3.2515
3.6155
3.60825
3.4705
3.505
3.36475
3.515
3.5475000000000003
3.4775
2.98225
3.2619999999999996
3.2319999999999998
3.5300000000000002
3.14175
3.8344999999999994
2.94275
3.4935
3.39975
3.2024999999999997
3.1555
3.0125
3.37825
3.40175
3.307
3.48975
3.1610000000000005
3.36975
3.6369999999999996
3.62225
3.3495
3.2129999999999996
3.347
2.9415000000000004
3.6745
3.476
3.2887500000000003
3.26775
3.2545
3.6295
3.49825
3.35525
3.75225
3.7487500000000002
3.49125
3.5825
3.5220000000000002
3.7112499999999997
3.5955
3.2714999999999996
3.5932500000000003
3.44725
3.67125
3.51225
3.12825
3.2952500000000002
3.21525
3.7565
3.202
3.6769999999999996
3.6402499999999995
3.7909999999999995
3.338
3.71375
3.2634999999999996
16281:
3.656
3.722
4.2335
3.68825
3.6522500000000004
3.585
3.801
3.859
3.8085
3.912
3.9425
3.7055000000000002
3.2605
3.7655000000000003
3.47975
3.8675
3.80175
3.928
3.9347499999999997
3.5045
3.72975
3.6105
3.7335
3.5917499999999998
3.77775
3.449
3.2215
3.6725000000000003
3.7185
4.3405000000000005
3.6515
3.8105
3.78875
3.689
3.6242500000000004
3.847
3.81575
3.56725
3.6477500000000003
3.766
3.6395
3.5992500000000005
3.471
3.3695000000000004
3.23775
3.50225
1.06
