10044:
4.12
3.72
3.29
3.77
3.87
4.48
3.70
3.86
3.21
3.59
3.61
2.79
3.21
4.11
3.79
4.55
4.15
2.96
4.71
4.10
3.56
4.06
3.64
4.12
3.41
3.52
3.13
3.78
3.96
4.04
3.44
4.06
4.42
3.37
4.03
3.55
3.83
3.72
3.57
3.43
3.68
4.78
3.51
2.97
4.39
3.47
3.72
3.12
3.80
3.73
3.57
3.39
3.40
3.74
3.46
3.91
3.77
3.68
3.46
3.54
4.16
3.79
4.22
3.62
10045:
3.57
10046:
2.69
2.40
2.08
10047:
3.98
4.54
4.10
4.28
4.51
3.37
4.24
3.96
10048:
2.93
3.35
3.13
2.91
3.55
3.99
3.32
10049:
2.16
1.74
1.94
1005:
3.20
3.07
2.81
2.57
3.10
3.35
3.10
2.65
3.43
3.05
3.00
2.68
2.78
10050:
2.76
2.62
3.15
2.66
3.26
2.25
10051:
3.11
3.01
2.83
3.81
3.19
3.37
3.09
4.14
3.51
1.91
3.29
4.16
3.45
3.79
3.50
4.32
3.24
3.12
3.43
4.31
3.14
10052:
3.30
3.30
3.44
2.78
3.10
10053:
3.59
3.90
3.38
3.40
4.27
3.77
3.68
4.21
3.94
5.04
4.20
3.71
4.02
3.98
4.37
3.54
3.82
3.17
4.00
3.43
3.32
3.71
4.11
4.24
3.69
4.03
3.73
4.54
4.62
4.04
3.37
3.21
4.97
3.54
3.74
4.10
4.04
3.83
3.72
3.92
3.04
3.82
3.85
4.47
4.04
3.60
4.43
3.62
4.20
4.53
3.36
3.54
4.38
3.87
4.09
3.88
3.52
3.94
3.48
3.43
4.59
3.53
3.51
3.92
4.30
3.62
4.13
3.42
10054:
2.95
2.95
2.75
2.79
2.46
2.92
1.87
3.07
3.18
3.55
2.28
2.92
10055:
3.93
3.50
3.65
3.88
3.85
3.69
4.08
3.60
3.46
3.16
3.97
2.82
3.25
3.84
3.11
2.40
3.04
3.71
3.74
2.93
3.61
3.16
3.50
3.41
3.67
3.70
3.26
3.50
2.99
4.03
3.63
3.58
3.19
3.52
3.50
3.16
3.62
3.40
4.03
3.64
3.79
2.68
3.31
3.75
2.44
3.81
3.63
3.24
2.63
2.97
3.13
3.64
3.29
2.70
3.25
3.47
3.64
2.71
3.37
3.68
3.27
2.61
3.75
3.77
3.31
3.28
3.31
2.99
3.31
3.60
3.05
2.86
3.61
3.89
2.72
3.05
3.33
3.23
3.47
10056:
1.68
3.27
3.51
3.83
2.90
3.49
3.59
10057:
2.68
2.87
2.66
3.41
3.24
2.72
10058:
2.87
3.35
10059:
1.19
1006:
4.22
4.37
3.61
4.51
4.37
4.27
4.20
5.18
4.18
4.11
3.82
3.81
4.24
4.51
4.72
3.89
4.82
5.34
4.77
4.71
3.86
3.29
4.10
3.87
3.87
4.35
3.92
3.95
4.20
5.01
10060:
2.76
2.63
4.00
2.81
2.51
2.62
3.18
3.45
3.86
10063:
3.71
3.69
3.91
4.08
4.74
4.43
4.79
4.69
2.80
3.82
4.09
4.66
4.42
4.10
10064:
2.13
2.81
3.23
10065:
3.13
3.21
2.88
2.18
3.49
3.53
2.39
2.40
2.12
2.65
2.14
2.54
2.99
3.87
3.49
3.13
2.75
3.24
3.56
3.40
2.56
2.94
2.46
2.53
3.59
3.20
2.77
3.44
2.21
2.84
2.41
2.02
2.89
2.55
2.37
3.60
10066:
2.72
3.21
2.73
2.63
2.89
10067:
3.13
3.45
4.31
3.56
3.51
3.35
3.17
10068:
3.76
4.27
3.62
4.15
2.96
4.11
10069:
2.57
1.88
2.26
1007:
3.10
2.80
4.15
3.05
3.42
10070:
2.41
1.50
1.26
10071:
3.81
3.96
3.87
4.84
4.33
3.95
4.16
4.14
4.41
4.40
4.02
4.56
3.91
4.20
3.54
4.43
4.02
4.40
3.66
4.31
4.14
10072:
4.18
4.38
4.34
4.70
3.72
4.33
3.75
4.43
4.84
3.54
4.52
5.12
4.89
3.87
4.63
4.53
4.16
4.35
4.44
4.14
3.20
4.38
5.02
4.64
4.03
3.79
4.46
3.77
3.81
4.71
4.07
4.73
4.46
4.48
3.99
4.99
3.69
4.89
4.18
4.77
4.29
3.93
4.26
5.15
4.15
3.65
3.93
4.14
4.52
4.10
3.97
4.60
3.94
4.53
3.95
3.78
3.67
5.40
3.88
3.71
4.37
4.29
5.00
4.36
4.50
3.45
4.12
5.19
5.15
4.82
4.37
4.36
3.71
4.43
10073:
3.44
3.25
3.08
3.40
3.46
3.74
3.06
2.67
2.76
2.39
3.33
4.39
3.40
3.01
4.13
3.47
3.56
10074:
4.53
3.91
4.03
3.90
4.36
3.66
3.67
4.28
4.36
3.84
4.58
4.50
3.63
4.81
3.47
10075:
2.13
10076:
3.87
3.79
3.35
4.55
3.92
3.36
4.36
10077:
4.62
4.29
3.78
3.38
4.12
3.45
4.06
3.94
4.14
4.15
2.58
4.33
3.94
10078:
3.18
2.34
3.21
3.40
3.15
3.16
3.21
3.57
3.75
3.36
3.90
3.61
3.70
3.76
3.61
3.00
3.94
3.98
2.99
2.58
2.85
3.15
3.67
3.40
3.52
3.70
2.47
3.07
3.31
3.83
3.67
3.20
3.20
3.21
3.38
3.32
10079:
4.76
4.06
4.70
4.54
4.80
4.19
4.08
4.01
4.75
3.92
4.09
5.35
5.00
3.84
4.47
4.75
4.08
4.25
5.25
4.62
5.19
1008:
4.32
4.01
3.79
2.91
4.61
4.64
3.50
3.51
3.32
3.66
3.53
3.72
4.42
3.57
4.49
4.45
4.08
3.57
5.06
3.90
4.70
4.25
4.20
3.74
3.74
3.45
3.48
3.86
2.93
4.20
3.91
3.66
3.39
3.39
3.65
3.97
2.29
3.56
4.58
3.77
10080:
4.73
4.37
4.55
4.15
4.61
4.50
4.88
5.14
4.58
4.29
4.33
5.05
4.61
4.57
4.05
3.99
4.19
4.59
5.32
4.91
4.43
4.30
4.79
4.58
4.67
4.82
4.00
4.77
4.35
4.08
4.87
4.82
4.44
3.64
4.20
4.20
5.11
4.21
5.17
4.28
4.29
4.29
4.43
4.48
4.89
5.04
4.63
4.98
4.51
4.50
4.65
4.02
4.71
4.50
3.81
3.51
4.79
3.80
4.52
4.78
4.99
4.32
4.97
3.77
4.18
4.04
3.37
3.95
3.49
3.91
4.36
4.60
5.20
4.25
4.60
4.50
4.82
4.08
4.75
4.40
4.70
5.20
5.13
4.76
4.27
4.12
4.26
4.48
3.59
4.68
4.31
4.49
4.79
4.78
4.42
4.30
4.66
4.53
4.79
4.23
4.61
5.21
5.16
4.12
5.10
4.53
4.73
4.73
4.73
4.87
5.09
4.50
4.61
4.37
3.87
5.82
4.65
4.17
4.31
4.34
4.48
4.98
4.18
4.82
3.82
4.60
4.87
4.15
3.97
4.03
4.70
5.34
4.79
4.70
4.05
4.54
4.38
3.96
4.59
4.73
5.33
4.34
4.42
4.29
4.22
4.53
4.64
4.33
4.39
5.35
4.80
4.92
4.20
5.23
3.82
4.44
3.98
3.97
4.91
4.29
4.90
4.77
3.90
4.34
4.09
5.05
4.07
4.28
5.01
4.38
4.62
4.77
5.17
4.30
4.80
4.54
4.39
4.57
4.89
4.74
3.76
4.67
4.93
4.27
5.10
4.62
4.51
4.19
4.11
4.90
4.86
4.04
3.99
4.61
3.87
4.87
4.82
3.81
4.96
4.57
4.74
4.81
3.99
4.32
4.26
4.21
4.46
5.43
4.57
4.34
5.00
4.14
4.14
3.83
3.77
4.41
4.74
4.26
4.36
3.87
4.59
4.73
4.58
3.69
5.07
4.82
4.16
4.35
5.05
4.46
5.02
4.80
4.75
3.92
4.52
5.35
4.65
4.07
4.54
4.63
4.24
4.58
4.72
3.64
5.02
4.75
5.28
5.07
4.25
3.92
4.80
3.74
4.59
4.32
5.12
4.46
4.94
4.40
4.06
4.07
4.71
4.45
4.31
4.82
4.44
4.63
3.91
3.99
4.62
4.91
4.29
4.48
4.56
4.31
4.62
4.47
4.50
5.15
4.55
4.46
4.03
3.80
4.81
4.56
4.23
5.16
4.75
4.36
3.89
4.02
4.51
4.46
3.74
4.70
4.16
5.12
4.34
3.88
4.35
4.29
3.93
4.50
4.43
4.29
4.23
3.72
4.40
4.91
4.59
4.28
4.97
4.83
5.03
4.68
4.51
4.27
4.66
4.69
4.54
4.28
4.64
4.69
4.38
5.10
5.09
5.01
4.88
4.05
4.62
4.57
4.62
3.88
3.71
4.91
4.35
4.51
4.65
3.76
4.86
4.19
3.96
4.64
4.19
4.36
4.10
4.21
4.26
5.02
4.42
4.43
4.23
5.26
4.46
4.52
4.75
4.07
3.56
4.59
4.39
4.59
4.38
4.86
4.24
4.77
3.95
4.92
5.02
5.21
4.67
3.83
4.62
4.30
4.92
2.87
4.51
4.90
4.48
4.44
4.17
4.70
5.24
4.56
5.32
4.66
4.84
4.96
5.31
3.93
4.38
4.01
4.68
4.78
3.87
4.80
3.97
4.44
4.52
4.88
4.20
4.63
4.18
5.05
4.83
4.57
4.12
4.47
4.21
3.84
4.42
0.87
