1
3.682257992884
3.5440579928839995
3.5918579928840004
4.102457992884
3.697257992884
3.7756579928839997
3.572457992884
3.691257992884
3.830457992884
3.635257992884
3.3260579928840004
3.6436579928840005
3.8402579928839997
3.816057992884
3.330057992884
3.852257992884
3.6954579928839997
3.9704579928840005
3.870057992884
3.8900579928839996
3.4476579928840003
4.239257992884
3.617457992884
10
3.3558579928839998
3.252057992884
1000
3.4684579928840003
3.344457992884
3.239857992884
4.039857992884
3.651457992884
3.551057992884
3.4888579928840002
3.754657992884
3.3960579928840007
3.2412579928840004
3.496657992884
3.603857992884
3.478657992884
3.9070579928840004
3.7498579928840003
3.397857992884
3.384257992884
3.395057992884
3.4598579928840003
3.639857992884
3.586457992884
3.7494579928840004
3.1262579928839997
3.402657992884
3.805457992884
3.4190579928840004
3.628657992884
10000
3.6624579928839998
3.6720579928839996
10001
3.5924579928840004
3.9124579928839998
3.7122579928839996
3.279657992884
3.885257992884
3.550257992884
3.572857992884
3.780457992884
3.772857992884
3.457257992884
3.849257992884
3.8552579928840003
3.362457992884
3.8696579928839996
3.674057992884
3.675257992884
3.949657992884
10002
3.9376579928839996
3.5516579928839995
4.1164579928839995
3.7924579928840005
10003
3.044457992884
10004
4.226457992884
3.8338579928840004
3.924857992884
3.761857992884
4.070857992883999
3.9272579928840003
3.9772579928839997
3.9052579928839997
3.9124579928839998
3.862857992884
3.8946579928840004
3.754257992884
3.9092579928839997
3.7284579928839996
4.186257992884
3.981857992884
3.9708579928840004
3.9684579928840003
4.044857992884
4.008057992884
3.899657992884
3.806057992884
3.7656579928840004
3.855457992884
4.322857992884001
3.7268579928839998
3.8638579928839993
3.941657992884
3.532857992884
4.083857992884
4.018057992884001
10005
3.6082579928840004
3.793457992884
3.461057992884
3.3656579928840005
3.505057992884
10006
3.7238579928839997
3.493857992884
3.799057992884
3.2894579928839995
10007
3.0268579928839996
3.276057992884
3.125857992884
3.1020579928839997
2.994457992884
3.2082579928839996
3.050257992884
3.3440579928839993
3.1674579928839997
3.306457992884
3.100057992884
3.2574579928839995
3.152057992884
10008
4.0912579928840005
3.5318579928840004
3.612457992884
3.3470579928840003
3.900857992884
3.8052579928840005
3.7960579928840006
10009
3.5448579928840003
3.580457992884
4.044057992884
3.268257992884
3.217057992884
3.541657992884
1001
3.694457992884
3.5600579928840004
3.5492579928840002
3.407857992884
3.800457992884
3.767257992884
3.6576579928840003
3.590657992884
3.2342579928840003
3.636457992884
3.6152579928839996
3.763057992884
3.3232579928840003
3.625857992884
3.523657992884
3.486457992884
3.766057992884
3.6860579928840003
3.3320579928839997
3.436257992884
3.394457992884
3.6496579928840007
3.489857992884
3.2680579928840006
3.576857992884
3.3454579928840005
3.6060579928839998
3.6220579928839998
3.7062579928840003
3.8164579928840006
3.6308579928840006
4.051657992884
3.3476579928840002
3.5492579928840002
3.5122579928840003
3.5554579928840004
3.794457992884
3.251657992884
3.3954579928840003
3.653257992884
3.7500579928840003
3.370057992884
3.6168579928840003
3.764457992884
3.8008579928840005
3.6664579928840006
3.521257992884
3.400857992884
3.441657992884
3.792857992884
3.431657992884
3.070457992884
3.1716579928840005
3.609857992884
3.7466579928840007
3.8296579928839996
3.457457992884
3.5128579928840002
3.5698579928840006
3.425457992884
3.5292579928839998
3.4116579928840003
3.3686579928840006
3.3266579928840003
3.7820579928840004
3.3778579928840005
3.276057992884
3.3592579928840003
3.760857992884
3.550457992884
3.3336579928840004
3.448657992884
3.5760579928840004
3.3586579928840004
3.227857992884
3.6568579928840004
3.209657992884
3.1878579928840005
3.5960579928840004
3.5760579928840004
3.751657992884
3.7558579928840006
3.178857992884
3.4546579928840004
3.5502579928840006
3.466057992884
3.505657992884
3.8130579928840005
3.502657992884
3.3302579928840004
3.7848579928840005
3.548057992884
3.5658579928840006
3.6792579928839997
3.407257992884
3.2356579928840006
3.4064579928840004
3.740457992884
3.4820579928840005
3.644457992884
3.571257992884
3.6012579928840003
3.385257992884
3.373657992884
3.4872579928840004
3.539257992884
3.631657992884
3.6996579928840005
3.6268579928840006
3.2346579928840002
3.374657992884
3.505257992884
3.518857992884
3.3632579928840003
3.518457992884
3.1774579928840003
3.368857992884
3.771257992884
3.6576579928840003
3.3860579928840004
3.4800579928840003
3.552057992884
3.5198579928840004
3.5516579928840004
3.4582579928840005
3.4872579928839995
3.384857992884
3.645657992884
3.574857992884
3.4674579928840004
3.5448579928840003
3.656057992884
3.607257992884
3.4724579928840003
10010
3.0832579928839996
3.0004579928840003
3.0168579928840003
3.350857992884
3.207257992884
3.046457992884
3.127657992884
3.036257992884
2.875857992884
3.172457992884
2.9638579928840003
2.9180579928839996
3.013657992884
2.852057992884
3.3144579928840003
3.0208579928840003
2.930457992884
3.223657992884
2.668457992884
3.067657992884
2.882857992884
2.886457992884
2.9934579928839997
10011
3.9728579928839998
3.8296579928839996
10012
3.4688579928839998
3.8372579928839996
3.4348579928839995
3.4668579928839995
3.704857992884
3.736857992883999
3.2150579928839997
3.383457992884
3.4272579928839995
3.556457992884
3.7274579928839997
3.4528579928839997
3.4476579928839994
10013
3.602257992884
3.4400579928839994
3.556057992884
3.6418579928840003
3.504257992884
3.557057992884
3.420657992884
3.609457992884
3.4872579928839995
3.6964579928839996
3.2936579928840004
3.8000579928839997
3.5446579928840003
3.578457992884
3.3934579928839996
3.471057992884
3.3036579928839997
3.420657992884
3.4928579928840002
3.286257992884
3.378657992884
3.286257992884
3.451857992884
3.662257992884
3.6452579928840003
3.4256579928839996
3.493857992884
3.2056579928839994
3.3480579928839993
3.515857992884
3.370457992884
3.350857992884
3.352657992884
3.6914579928839997
3.434057992884
3.3552579928840003
3.5126579928839994
3.763257992884
3.731257992884
3.275857992884
3.8158579928839997
3.479257992884
3.6028579928839997
3.6114579928839996
3.5028579928839996
3.2702579928839994
3.468257992884
3.549857992884
3.388057992884
3.603857992884
3.375857992884
3.413657992884
3.5974579928840003
3.677457992884
3.463457992884
3.204457992884
3.7010579928840004
10014
3.339257992884
3.704857992884
3.192057992884
3.664257992884
3.413657992884
10015
3.697257992884
3.492457992884
3.3388579928840003
3.5938579928839998
3.7518579928839997
3.579257992884
3.8088579928839996
3.720057992884
3.7498579928840003
3.5936579928840002
3.768457992884
3.642057992884
3.5470579928839996
3.826457992884
3.826457992884
3.5806579928840003
3.6690579928840004
3.8434579928840003
3.625257992884
3.8230579928840003
4.247257992884
3.8336579928840004
4.034057992884
3.520057992884
3.453257992884
3.5052579928839998
3.884057992884
3.6568579928840004
10016
3.0522579928840003
2.930457992884
3.067657992884
3.2470579928839998
3.625257992884
10017
3.322857992884
3.5036579928840004
3.4512579928840004
10018
4.049457992883999
3.814657992884
3.3144579928840003
3.4262579928839996
3.5780579928839997
3.714057992884
3.6422579928839993
3.4946579928839996
3.1550579928839997
3.811057992884
3.5780579928839997
3.7884579928839996
3.5902579928839997
3.717657992884
3.475257992884
3.7056579928840003
3.6062579928839993
3.6552579928839997
3.5044579928840003
3.6552579928839997
3.782257992884
3.4528579928839997
3.8286579928839997
3.8718579928840002
3.562457992884
3.8098579928839995
3.697257992884
3.721657992884
3.7610579928839996
3.845657992884
10019
3.561257992884
3.126457992884
3.6868579928839997
3.388857992884
3.9308579928840004
3.881657992884
3.5924579928840004
3.230857992884
3.706057992884
3.5622579928839997
3.974857992884
3.3600579928839998
3.375657992884
3.476457992884
3.6924579928840005
3.621057992884
3.7280579928839996
3.612857992884
3.530057992884
3.9540579928840005
3.6924579928840005
3.706057992884
3.6964579928839996
3.6076579928839996
3.758457992884
3.683057992884
3.4226579928840004
3.4860579928839996
3.5302579928839997
3.6924579928840005
3.6010579928840003
3.412257992884
3.6924579928840005
3.786257992884001
3.484057992884
3.7964579928839997
3.128857992884
3.6948579928839997
3.765857992884
3.8052579928839996
3.792257992884
3.8744579928839995
3.7388579928840002
3.7268579928839998
3.872457992884
3.358457992884
3.7076579928839997
3.8552579928840003
3.6610579928840004
3.620657992884
3.4236579928840003
3.501657992884
3.7494579928839995
3.4936579928840006
3.003457992884
3.134057992884
3.280657992884
3.4612579928839997
3.9348579928839995
3.483457992884
3.3510579928840003
3.5364579928840003
3.7778579928840004
3.531657992884
3.763857992884
4.092457992884
3.525457992884
4.074257992884
3.6132579928840003
1002
3.5262579928839997
3.274657992884
3.5168579928840003
3.5942579928839997
3.417257992884
3.626057992884
3.7996579928839997
3.146057992884
3.5726579928840003
3.600857992884
3.825257992884
3.565257992884
3.506057992884
3.394857992884
10020
3.7936579928839995
3.8418579928839995
3.706457992884
3.895057992884
3.756657992884
3.6702579928839993
3.7472579928839997
3.9156579928839994
3.8796579928840003
3.7930579928839996
3.769857992884
4.173057992884
3.782057992884
3.7280579928839996
3.789857992884
3.771857992884
3.910657992884
3.6076579928839996
3.8738579928839996
3.634657992884
3.9638579928840003
3.5470579928839996
3.7174579928839995
3.7086579928839996
3.511857992884
3.191857992884
3.891457992884
10021
3.059457992884
3.2224579928840003
3.266857992884
2.964257992884
10022
3.0592579928839996
3.4968579928840002
3.347657992884
3.293857992884
3.541257992884
3.503857992884
3.182057992884
3.1948579928839997
10023
3.7752579928839998
3.7412579928840004
3.7574579928839995
3.6162579928840004
4.118657992884001
3.6178579928840002
3.534657992884
3.726257992884
3.5878579928839995
3.7722579928839997
3.959457992884
10024
3.578857992884
3.772057992884
3.551057992884
3.7188579928839998
3.590057992884
3.5248579928840003
3.403257992884
3.468257992884
3.6656579928840003
3.6732579928839995
10025
3.322457992884
10027
4.030657992884
3.750857992884
3.676857992884
3.690257992884
3.4110579928839995
3.672857992884
3.584657992884
4.0352579928840004
3.4958579928840003
3.938657992884
3.7190579928839993
3.7524579928839996
3.843057992884
3.574657992884
3.764257992884
4.000857992884
3.6376579928840003
3.837457992884
3.890457992884
3.8220579928839995
3.5744579928839997
3.7906579928840003
3.7330579928839995
3.7448579928839996
3.9134579928839996
3.8302579928839995
3.962057992884
4.011857992884
4.171257992884
4.018657992884
4.0402579928839994
3.8684579928839993
3.5214579928839997
3.705057992884
3.907057992884
3.9602579928840003
4.109257992883999
3.8330579928839996
3.8530579928839996
3.632257992884
3.935057992884
3.9448579928840006
4.234257992883999
3.7050579928839995
3.6714579928839997
3.9668579928839995
3.837057992884
3.785857992884
3.9336579928839996
3.9446579928839993
3.7666579928839994
3.927457992884
3.683457992884
3.6498579928840003
3.602657992884
3.8434579928839994
3.6218579928840002
3.640257992884
3.9702579928839996
3.898657992884
3.679457992883999
3.613057992884
3.7790579928840002
3.5134579928839997
4.024257992884
4.210657992883999
3.548857992884
3.8690579928839997
3.5314579928839995
3.9174579928839997
3.886257992884
3.873057992884
3.890857992884
3.8098579928839995
4.027857992884
3.8034579928839998
3.922257992884
3.7772579928839995
3.3842579928839998
3.690257992884
4.113857992884
4.159857992884
3.4940579928839997
3.761857992884
3.833857992884
3.937457992884
3.734457992884
3.8458579928839995
10028
3.4232579928839995
3.521257992884
3.405457992884
3.8240579928839997
3.949257992884
3.3794579928840003
3.947257992884
10029
3.411257992884
3.776457992884
3.745657992884
3.3036579928839997
10031
3.4860579928839996
3.2568579928839996
3.6156579928839996
3.139457992884
3.7360579928839996
3.345657992884
3.238457992884
3.067657992884
3.252657992884
10032
3.438057992884
4.121457992884
3.8682579928839997
3.912257992884
3.828257992884
3.2944579928840008
3.603857992884
3.541657992884
3.7226579928840002
3.187257992884
3.445657992884
3.8838579928840007
4.081457992884
3.5766579928840003
3.8570579928840005
3.2970579928840005
3.6548579928839997
3.5714579928840005
3.5562579928840004
3.6614579928840003
3.470257992884
3.6096579928840002
3.509857992884
3.5872579928840005
3.6772579928840003
3.4134579928840005
3.469657992884
3.595057992884
3.928857992884
3.4750579928840004
3.625857992884
3.711457992884
3.852057992884
3.702657992884
3.388257992884
3.797457992884
3.5930579928840003
3.4998579928840003
3.557857992884
3.591057992884
3.598657992884
3.647457992884
3.570857992884
3.393857992884
3.542257992884
3.636257992884
3.777457992884
10033
3.727057992884
3.5492579928840002
3.2214579928840004
3.6274579928839996
3.452057992884
3.313257992884
3.462457992884
3.401457992884
3.617057992884
3.4190579928840004
3.6684579928839995
3.5430579928840005
4.055857992884
3.751057992884
10034
2.7864579928840003
3.310257992884
10035
3.241657992884
4.072657992883999
4.066657992884
3.9404579928840002
3.9896579928839997
3.9696579928839997
3.752057992884
3.648457992884
3.6720579928839996
3.6370579928840003
3.8204579928839997
3.751657992884
3.8240579928839997
3.877657992884
3.7600579928839997
3.7708579928839994
3.832857992884
3.9114579928840003
3.9126579928839993
4.298857992884001
10036
3.689257992884
3.5586579928839996
3.633857992884
3.532057992884
3.769857992884
3.7132579928840004
3.4164579928839998
3.705457992884
3.3442579928839997
3.441257992884
3.4988579928839996
3.665457992884
3.8272579928840003
3.782657992884
4.053457992884001
3.818657992884
3.680457992884
3.8058579928839995
3.245457992884
3.439857992884
3.7158579928839996
3.5586579928839996
4.056057992884
3.7940579928839995
3.725857992884
3.898657992884
3.759857992884
3.7832579928839998
3.7952579928840002
3.4094579928839996
3.6564579928840004
3.438257992884
3.404657992884
3.5698579928839997
3.4650579928839997
3.6080579928840004
3.722257992884
3.704257992884
3.6182579928839997
3.792857992884
3.566657992884
3.7086579928839996
3.9214579928839997
3.774057992884
3.788657992884
3.8680579928839998
4.0428579928840005
4.152057992883999
3.473057992884
3.8438579928839998
3.5290579928840002
3.730257992884
3.6888579928840004
3.406657992884
3.6610579928839995
3.8382579928840004
3.5650579928840003
4.158257992884001
3.584657992884
3.839057992884
3.739257992884
3.9644579928839994
3.508257992884
3.995057992884
3.474257992884
4.017457992884
3.687057992884
3.7586579928839994
3.7494579928839995
3.8138579928839995
4.084657992884
3.8388579928840003
3.762857992884
3.5374579928839998
3.7738579928839995
3.900057992884
3.8732579928839996
3.498657992884
3.865457992884
3.8626579928840004
3.712057992884
3.6336579928839994
4.070257992884001
3.835457992884
3.364457992884
3.7388579928839993
3.620057992884
3.7742579928840003
3.777057992884
3.6030579928839996
3.4068579928840004
3.9134579928839996
3.625857992884
3.875057992884
3.638657992884
3.521857992884
3.504857992884
3.781057992884
3.6018579928839998
3.877657992884
3.890257992884
3.542257992884
3.6222579928839997
3.9872579928839995
3.5862579928839997
3.390457992884
3.9336579928839996
3.481857992884
3.6228579928839997
3.760257992884
3.752257992884
3.563057992884
3.605857992884
3.728657992884
3.5978579928839998
3.6746579928839997
4.058657992883999
3.5698579928839997
3.6302579928839998
3.7894579928840004
3.700257992884
3.7422579928840003
3.780457992884
3.6552579928839997
3.773457992884
3.538057992884
3.8326579928839997
4.025457992884
3.6304579928839997
3.546857992884
3.8556579928839994
3.480257992884
3.515857992884
4.058657992883999
3.6476579928839996
3.511457992884
3.7854579928839995
3.722257992884
3.867457992884
3.4170579928839997
4.046057992884
3.8848579928839997
3.616057992884
3.681057992884
3.5018579928839997
4.078657992884
3.561257992884
3.745457992884
3.5826579928839997
3.540257992884
3.8534579928840005
3.775057992884
3.839257992884
3.621257992884
3.6644579928840004
3.579857992884
4.141057992884
3.6904579928840002
3.667657992884
3.9790579928840004
3.849857992884
3.6178579928840002
3.7874579928839998
3.840657992884
3.688257992884
3.687657992884
3.837057992884
3.963057992884
3.807257992884
3.6144579928839997
3.542257992884
3.6218579928840002
3.880257992884
3.627257992884
3.7914579928839998
3.7714579928839997
3.631057992884
3.839057992884
3.8082579928839997
3.9754579928840004
3.690257992884
3.972657992884
3.504657992884
3.743857992884
4.0966579928839995
3.649457992884
3.6808579928840004
3.606257992884
3.8168579928840005
3.686257992884
3.6994579928839997
3.5058579928839997
3.778657992884
4.086457992884
3.8494579928839996
3.408457992884
3.6900579928840003
3.842057992884
3.4652579928839997
3.729857992884
3.7234579928839997
3.722657992884
3.5982579928839997
3.761857992884
3.3672579928840003
4.150257992883999
3.726257992884
3.9120579928840002
3.694457992884
3.645457992884
3.668857992884
3.585857992884
3.963057992884
3.630657992884
3.5938579928839998
10037
3.788257992884
3.4064579928839995
3.5196579928839995
3.7278579928839997
3.672257992884
3.6914579928839997
3.5016579928839997
3.290457992884
3.5044579928839994
3.6934579928839995
3.496657992884
3.5016579928839997
3.4232579928840003
3.5394579928839995
10038
3.8594579928840007
3.4320579928840003
3.431057992884
3.426057992884
3.427057992884
3.6186579928840006
3.619457992884
3.346257992884
10039
2.791257992884
1004
3.0824579928839997
3.0232579928840004
3.299857992884
3.2226579928840002
3.398657992884
3.3336579928840004
3.244457992884
3.603857992884
3.021457992884
3.3438579928839998
3.4042579928839998
3.5490579928840007
3.480257992884
3.433057992884
3.1848579928840004
3.021457992884
3.269857992884
3.380057992884
3.2268579928839998
3.3116579928839998
3.3854579928839996
3.381057992884
3.352857992884
2.775857992884
3.1580579928840002
2.998057992884
3.297457992884
3.325857992884
3.147857992884
3.3418579928840004
3.2372579928840004
10040
3.370457992884
3.4012579928840005
3.686257992884
10041
3.6900579928840003
3.3326579928839997
3.435257992884
3.2482579928839996
3.3918579928840003
3.388257992884
3.6558579928840005
3.3714579928840003
3.032057992884
3.2634579928840006
2.7536579928840004
3.510857992884
3.692257992884
3.1642579928840004
3.4394579928840003
3.5082579928840003
3.413857992884
3.211457992884
3.323857992884
3.124257992884
3.3110579928840003
3.441257992884
3.2790579928840002
3.363657992884
3.498657992884
3.1118579928840004
3.451457992884
3.194457992884
3.4434579928840003
3.2110579928839997
3.483857992884
10042
4.066457992884
3.8204579928840006
4.044657992884
3.881057992884
3.999657992884
4.297257992884001
4.252457992884
3.8966579928839997
4.258457992884
3.9180579928840005
4.0844579928839995
3.9192579928840003
4.128857992884
3.9888579928840002
4.040857992884
4.164857992884
3.796857992884
4.2448579928840005
4.173457992884001
4.063657992884
4.226457992884001
4.190457992884
3.664857992884
3.997657992884
4.054057992884
4.267257992884
4.162057992884
3.560057992884
4.114457992884001
4.069257992883999
4.083257992884
4.108857992883999
4.037657992884
4.209057992884
4.084057992884
4.300057992884
4.007857992884
4.183057992884001
3.922457992884
3.771057992884
4.080857992884
3.958457992884
3.9248579928839993
3.8682579928839997
4.135657992884001
4.211257992884
4.043657992884
3.8460579928840004
4.009257992884001
3.8308579928840003
3.950457992884
4.176457992884
4.263257992884
3.5588579928839996
4.363257992884
4.223657992884
3.737457992884
4.084857992884
3.787657992884
3.9576579928839997
4.035057992884
4.0478579928839995
4.050857992884
4.016657992884
3.6948579928840006
3.7680579928840006
3.934457992884
4.289857992884
4.013257992884
3.8354579928840002
3.892057992884
3.9430579928840004
4.048057992884
3.909657992884
3.782257992884
4.255657992884
4.183257992884
3.9972579928839997
4.016857992884001
4.119257992884
3.814857992884
4.138457992884001
4.089457992884
4.015457992884
4.214457992884
3.898457992884
4.109457992884001
4.111257992884
3.770057992884
4.226057992884
3.907657992884
4.073257992884
4.469457992884
3.975257992884
3.999257992884
4.0600579928839995
3.949657992884
4.044857992883999
4.021657992884
3.9236579928840003
4.145657992884
4.169257992884001
3.856657992884
4.332857992884
4.130057992884
3.9652579928839997
4.008057992884
4.023257992884
4.306257992884
4.0470579928840005
4.218857992884
4.038857992884
3.9354579928840003
4.158857992884
3.8972579928840005
4.005057992884
4.048657992884
3.829257992884
4.066057992884
4.2780579928839995
3.7838579928840006
4.2902579928839994
4.0108579928840005
4.319257992884
4.136457992884
4.421457992884
3.773657992884
3.916657992884
4.066457992884
3.860457992884
3.9012579928839997
4.058657992884
4.0108579928840005
3.2792579928839998
3.977657992884
4.013257992884
4.3058579928839995
4.414457992884
3.8686579928839997
4.392657992884001
3.973657992884
4.3416579928840004
3.9964579928840003
3.8604579928839997
4.049257992884
3.984057992884
4.079257992884
3.733857992884
3.8672579928840003
4.169257992884001
3.9012579928839997
4.092857992884
4.402457992884
4.032457992884
4.143257992884
3.8682579928839997
3.9408579928839997
3.7406579928840005
3.808057992884
4.119257992884
3.703457992884
4.224857992884
4.0360579928839995
4.065857992884
3.881857992884
4.216857992884
3.9312579928840004
3.908457992884
3.974657992884
4.055657992884
4.199257992884
4.200457992884
3.850857992884
3.980857992884
4.1876579928840005
3.9232579928839995
4.105457992884
4.274457992884
4.380857992884
4.001657992884
3.9414579928839997
4.2730579928840005
4.341457992884
3.926457992884
4.054857992884
4.278857992884
3.892857992884
3.735857992884
3.9632579928840004
4.188857992884
3.8890579928840006
4.012457992884
4.1716579928840005
3.846657992884
4.193657992884001
4.280257992884
4.2048579928839995
3.985857992884
4.041657992884
4.0604579928839994
4.090657992884
4.167057992884
4.069257992884
4.046257992884
4.107657992884
3.479257992884
4.119257992884
4.058457992884
4.080657992884
3.9376579928839996
3.8924579928839997
3.9460579928840005
4.257657992884
4.232857992884
4.288057992884
4.1804579928839996
4.286457992884
4.119257992884
4.012057992884
4.129257992884
3.9860579928839996
4.134057992884
4.231257992884
4.152057992884
4.049257992884
4.108857992883999
4.188457992884
3.904457992884
4.164657992884001
4.023857992884
4.045257992884
4.054857992884
4.104857992884
4.236657992884
4.264657992884
4.000657992883999
4.3530579928840005
3.898657992884
4.171457992884
4.052057992884
3.892057992884
4.318457992884
4.045457992884001
4.1652579928839994
4.121657992884001
4.288457992884
4.342857992884
4.156257992883999
4.010057992884
4.095657992884
3.769057992884
4.042857992884
4.353657992884
3.9860579928839996
3.936057992884
4.188257992884
3.870657992884
4.138457992884
4.111857992884
3.812057992884
3.9088579928840006
3.953457992884
3.980257992884
4.276857992884
3.7208579928840004
3.9704579928840005
4.121257992884
4.146457992884001
3.989457992884
3.9292579928839997
4.026057992884001
4.215657992884
3.990057992884
3.8888579928839997
4.073257992884
3.8580579928840004
4.022057992883999
4.069257992884
4.165857992884
4.094257992884001
4.015657992884
3.9042579928840007
4.152457992884
3.9372579928839997
4.106057992884
3.946857992884
3.8952579928839994
4.199257992884
3.920857992884
4.0992579928840005
4.102057992884
3.839057992884
4.125657992883999
3.892057992884
4.017057992884
3.8518579928840007
3.958857992884
4.100857992883999
3.9440579928840003
3.9708579928840004
4.126857992884
4.057257992884
4.072057992884
4.057057992884
3.7820579928840004
4.0352579928840004
4.004057992884
4.138257992884
4.111257992884001
4.025857992884
4.031657992884
3.9970579928839998
4.309457992884001
4.045857992884001
4.006457992884
4.233457992884
4.016457992884001
4.208057992884
4.181257992884
3.927657992884
4.123257992884
3.924857992884
4.187257992884
4.118257992884
4.198257992884001
4.169657992884
4.192057992884
4.062457992884
4.239257992884
4.019257992884
4.201257992884
4.287657992884
3.7912579928840002
4.162057992884
3.920857992884
4.110057992884
4.166257992884001
4.358257992884001
3.9272579928840003
4.221257992884
4.207257992884
4.205857992884
4.204257992884
4.456657992884001
3.8820579928839996
4.133457992884
4.135257992884
4.284257992884
3.910057992884
4.172857992884
4.288457992884
3.9180579928840005
4.168057992884
4.016057992884
3.8220579928840004
4.077257992884
4.150857992884
4.167657992884
3.9484579928840007
4.0950579928840005
3.914657992884
3.9140579928839996
4.001657992884001
4.028257992883999
4.028457992884
3.9602579928840003
3.828257992884
3.9080579928840002
4.319257992884
4.1400579928840004
4.357657992884
4.016457992884
3.9960579928840003
3.9562579928840003
4.045057992884
4.326457992884
3.7668579928840003
3.695057992884
4.086857992884
4.107457992883999
4.026057992884001
4.055657992884
3.8000579928839997
4.0504579928840005
3.924057992884
4.189257992884
4.026657992884
3.9476579928840003
3.8488579928839997
4.032857992884
4.043257992884
3.885857992884
4.034457992884
3.794457992884
3.8620579928839995
4.334057992884
4.044457992884
3.8320579928839997
3.994057992884
4.060857992884
3.9860579928839996
3.9724579928840003
3.8850579928839997
3.9318579928839994
4.0116579928839995
4.035057992884
4.119257992884
3.991657992884
3.7396579928839997
4.159257992883999
4.221657992884
3.845057992884
4.084457992884
3.999657992884
4.189257992884
4.085657992884
3.8484579928839997
4.279257992884
4.067057992884
3.767457992884
4.404857992884
4.034057992884
4.097257992884
4.272457992884
4.058057992884001
3.8826579928840004
4.173657992884
4.290057992884
4.165257992884
3.946857992884
3.9242579928840002
4.201657992884
3.827857992884
4.051657992884
4.233057992884
3.776657992884
3.9780579928839996
3.5176579928839997
3.9192579928840003
4.255457992884001
4.217657992884001
4.2292579928839995
4.040857992884
4.036857992884
4.230857992884
4.1918579928840005
4.201057992884
4.062457992884
3.956057992884
3.835657992884
3.9404579928840002
4.219657992884001
3.973657992884
4.176457992884
4.255257992883999
4.211657992884
3.866457992884
4.096457992884
3.906057992884
4.168657992884
4.027257992884
3.9470579928840004
3.9364579928840002
3.840057992884
4.439257992884
4.0356579928839995
4.246657992884001
3.9628579928840004
4.110857992884
4.327657992884
4.113657992884
4.007857992884
3.922457992884
4.242457992884001
4.2616579928839995
4.178857992884
4.104857992884
4.278457992883999
3.883257992884
3.785257992884
4.0672579928840005
4.100457992884
3.9576579928839997
3.8610579928840005
4.447257992884
3.892457992884
4.113057992884
4.005457992884
4.0790579928840005
3.898057992884
4.0272579928839995
3.925257992884
3.810057992884
4.044457992884
4.015057992884
4.143657992884
3.9668579928840004
4.061657992883999
4.040057992884
3.883257992884
3.8382579928840004
3.7976579928840004
4.004857992884
3.841657992884
3.7300579928840003
4.251257992884
4.097257992884
4.154057992884
3.7894579928839995
4.059657992884
4.023257992884
4.169657992884
4.041257992884001
3.971257992884
4.158457992884
4.179657992884
4.347257992884001
4.323257992884
3.8994579928840003
3.9632579928839995
4.154457992884
3.896857992884
3.8600579928839998
3.9820579928839996
4.346057992884001
4.089857992884
4.004857992884
3.7302579928840003
3.6960579928839996
4.300857992884
4.122057992884001
3.847257992884
3.989257992884
4.135257992884
4.2608579928840005
3.9404579928840002
4.342857992884
4.337257992884
4.184457992884
4.019257992884
3.8540579928840004
4.194457992884
4.132857992884
4.013857992884001
4.218457992884
4.426457992884001
3.7778579928840004
4.345057992884
4.258657992884
4.032457992884
3.8184579928840003
3.606657992884
4.238457992883999
3.144257992884
3.966057992884
4.158457992884
3.991657992884
3.917257992884
3.8326579928840006
4.214057992883999
3.9616579928840006
3.848057992884
4.138457992884
4.007657992884
4.136857992884
4.209657992884
3.963657992884
3.8308579928840003
4.0356579928839995
3.7784579928839994
3.9886579928840007
3.654657992884
3.795657992884
4.223257992883999
3.862857992884
4.199457992884
4.022857992884
3.7192579928840006
4.021257992884
4.021657992884
4.314857992884
3.8008579928840005
3.9674579928840004
3.874257992884
3.9720579928840003
4.064657992884
4.1198579928840005
4.234857992884001
4.233657992884
4.076857992883999
3.9940579928839997
4.042657992884
3.8656579928840005
3.9156579928840003
3.751057992884
4.007257992884
4.0920579928839995
4.115257992884
3.9476579928840003
3.836457992884
4.046857992883999
4.182657992884001
4.031057992884
3.900857992884
3.708057992884
4.089457992884
3.9628579928839995
3.979257992884
4.262057992884
3.808057992884
3.9324579928839993
3.8482579928839997
4.377257992884
4.109657992884
3.881057992884
3.942057992884
3.8192579928840003
4.341857992884
4.042257992884
3.872457992884
3.8168579928840005
4.005257992883999
4.064857992884
3.9530579928839997
3.812457992884
4.041657992884
3.7594579928839997
3.717257992884
4.081657992884
3.9640579928840003
4.054457992884
4.120657992884
4.061257992884
3.929857992884
4.008857992884
3.846857992884
4.344857992884
4.0428579928840005
4.048657992884
4.259257992884
4.0546579928840005
3.8336579928840004
4.0992579928840005
4.076057992884
4.1610579928839995
4.144857992884001
4.3344579928839995
3.957257992884
3.960857992884
3.958057992884
3.977857992884
4.022457992884
4.039257992884
4.099057992884
4.2044579928840005
4.136457992884
3.982857992884
4.210857992884
3.9612579928839997
4.082457992884001
3.6412579928840003
4.223657992884
3.735257992884
3.979857992884
4.136457992884
4.206857992884
3.9932579928839997
3.839257992884
3.9440579928840003
4.061857992884
4.018057992884001
3.910057992884
4.165057992884
4.238457992883999
4.337657992884
4.096057992884001
3.8012579928839996
4.0626579928840005
3.9278579928840003
3.911657992884
4.2658579928839995
3.941257992884
4.135257992884
3.813657992884
4.011457992884
3.942057992884
3.9628579928839995
4.391057992884001
3.942057992884
3.952657992884
3.9048579928839997
4.232457992884
4.021257992884
3.971257992884
4.017857992884
4.090057992884001
4.103457992884
4.168457992884
4.0280579928839995
4.017257992884
4.206857992884
3.647857992884
4.044057992884
4.097257992884
4.101257992884
4.167257992884
3.9860579928839996
3.9296579928839996
3.8820579928840004
3.9966579928840007
3.990457992884
3.858257992884
4.0600579928839995
4.185257992884
4.086057992883999
4.202857992884
4.117257992884
4.060857992884
4.225657992884
4.045457992884001
3.841657992884
4.206857992884
4.2814579928839995
4.073057992884
3.783657992884
3.896457992884
4.074457992884
3.5860579928839997
3.817257992884
3.8504579928840004
4.050057992884
3.9876579928840004
4.245857992884
3.884857992884
4.229057992884
4.0966579928839995
3.9536579928839997
3.9896579928839997
4.219257992884001
3.759857992884
4.017257992884
4.018057992884001
3.765857992884
4.139457992884
3.956857992884
4.015657992884
4.194457992884
4.134057992884
4.128057992884
4.2860579928839995
3.883257992884
4.237657992884
4.240857992884
4.026457992884
4.083657992884
4.198857992884
0.93
