10080:
4.1
3.9
4.0
3.8
4.1
4.0
4.2
4.3
4.0
3.9
3.9
4.3
4.1
4.0
3.8
3.7
3.9
4.1
4.4
4.2
4.0
3.9
4.2
4.0
4.1
4.2
3.8
4.1
3.9
3.8
4.2
4.2
4.0
3.6
3.9
3.9
4.3
3.9
4.3
3.9
3.9
3.9
4.0
4.0
4.2
4.3
4.1
4.2
4.0
4.0
4.1
3.8
4.1
4.0
3.7
3.5
4.1
3.7
4.0
4.1
4.3
3.9
4.2
3.6
3.8
3.8
3.4
3.7
3.5
3.7
3.9
4.1
4.4
3.9
4.1
4.0
4.2
3.8
4.1
4.0
4.1
4.4
4.3
4.1
3.9
3.8
3.9
4.0
3.6
4.1
3.9
4.0
4.1
4.1
4.0
3.9
4.1
4.0
4.1
3.9
4.1
4.4
4.3
3.8
4.3
4.0
4.1
4.1
4.1
4.2
4.3
4.0
4.1
3.9
3.7
4.7
4.1
3.8
3.9
3.9
4.0
4.2
3.8
4.2
3.7
4.1
4.2
3.8
3.7
3.8
4.1
4.4
4.1
4.1
3.8
4.0
3.9
3.7
4.0
4.1
4.4
3.9
4.0
3.9
3.9
4.0
4.1
3.9
3.9
4.4
4.2
4.2
3.9
4.4
3.7
4.0
3.7
3.7
4.2
3.9
4.2
4.1
3.7
3.9
3.8
4.3
3.8
3.9
4.3
3.9
4.1
4.1
4.3
3.9
4.2
4.0
3.9
4.0
4.2
4.1
3.6
4.1
4.2
3.9
4.3
4.1
4.0
3.8
3.8
4.2
4.2
3.8
3.7
4.1
3.7
4.2
4.2
3.7
4.2
4.0
4.1
4.2
3.7
3.9
3.9
3.9
4.0
4.5
4.0
3.9
4.3
3.8
3.8
3.7
3.6
4.0
4.1
3.9
3.9
3.7
4.1
4.1
4.0
3.6
4.3
4.2
3.8
3.9
4.3
4.0
4.3
4.2
4.1
3.7
4.0
4.4
4.1
3.8
4.0
4.1
3.9
4.0
4.1
3.6
4.3
4.1
4.4
4.3
3.9
3.7
4.2
3.6
4.0
3.9
4.3
4.0
4.2
4.0
3.8
3.8
4.1
4.0
3.9
4.2
4.0
4.1
3.7
3.8
4.1
4.2
3.9
4.0
4.0
3.9
4.1
4.0
4.0
4.3
4.0
4.0
3.8
3.7
4.2
4.0
3.9
4.3
4.1
3.9
3.7
3.8
4.0
4.0
3.6
4.1
3.8
4.3
3.9
3.7
3.9
3.9
3.7
4.0
4.0
3.9
3.9
3.6
4.0
4.2
4.1
3.9
4.2
4.2
4.3
4.1
4.0
3.9
4.1
4.1
4.0
3.9
4.1
4.1
3.9
4.3
4.3
4.3
4.2
3.8
4.1
4.0
4.1
3.7
3.6
4.2
3.9
4.0
4.1
3.6
4.2
3.8
3.7
4.1
3.8
3.9
3.8
3.9
3.9
4.3
4.0
4.0
3.9
4.4
4.0
4.0
4.1
3.8
3.5
4.1
3.9
4.0
3.9
4.2
3.9
4.1
3.7
4.2
4.3
4.4
4.1
3.7
4.1
3.9
4.2
3.2
4.0
4.2
4.0
4.0
3.8
4.1
4.4
4.0
4.4
4.1
4.2
4.2
4.4
3.7
3.9
3.8
4.1
4.1
3.7
4.2
3.7
4.0
4.0
4.2
3.9
4.1
3.8
4.3
4.2
4.0
3.8
4.0
3.9
3.7
4.0
3.9
4.2
4.0
3.7
4.0
4.1
4.0
3.9
4.1
4.0
3.8
4.0
3.7
3.8
4.1
3.8
4.1
4.0
4.1
4.2
3.7
4.0
3.9
4.4
3.9
4.1
4.2
4.3
4.3
3.9
3.6
3.9
4.0
4.2
3.7
4.1
4.1
3.6
3.9
4.1
4.0
3.8
4.2
4.0
4.1
4.2
4.0
3.8
4.0
4.1
4.1
4.2
3.9
3.8
3.8
4.0
3.6
4.1
4.1
4.1
4.0
3.9
4.1
4.0
4.1
3.9
4.2
3.9
3.9
3.8
3.5
4.0
4.2
3.8
4.1
4.1
4.0
4.0
4.2
3.8
4.0
4.2
3.9
4.1
3.8
4.1
3.9
4.0
3.9
3.7
4.2
3.9
3.9
4.0
4.3
4.2
4.1
4.1
4.5
3.9
3.8
4.0
3.9
3.8
3.9
4.4
4.1
4.1
4.0
3.9
4.2
4.3
3.9
3.7
3.8
3.7
4.0
4.1
3.8
3.9
4.0
4.1
4.0
4.0
4.1
4.0
4.2
4.1
3.8
3.7
3.9
4.0
4.2
4.1
3.6
3.9
4.2
4.2
3.9
4.2
4.2
3.6
4.0
4.0
4.0
3.8
4.2
4.1
3.8
3.8
4.2
3.9
4.0
3.8
3.9
3.8
3.8
3.6
4.2
3.9
3.9
3.8
4.2
3.7
4.0
4.1
4.4
4.1
4.1
4.2
4.2
4.0
4.0
3.2
4.1
4.1
4.2
4.1
4.3
4.0
3.9
3.8
4.1
4.0
4.1
4.0
4.1
3.9
4.0
4.1
4.0
4.3
3.9
4.3
3.8
3.9
3.8
3.8
4.3
4.0
3.8
4.3
4.0
4.7
4.1
4.0
3.8
4.0
10081:
3.5
3.6
3.5
3.6
3.6
3.4
3.4
10082:
3.3
2.9
3.0
3.6
3.2
3.4
2.9
3.3
3.1
3.2
2.7
3.7
3.4
3.1
3.3
3.3
3.0
3.8
3.0
3.5
3.1
2.8
3.3
2.9
2.9
2.6
2.6
3.4
2.8
3.8
3.1
3.2
3.1
3.0
3.4
3.1
3.3
2.9
3.3
2.7
3.3
3.2
2.6
3.2
3.3
3.2
3.0
3.1
3.1
2.7
3.2
3.0
3.0
2.8
3.6
3.2
3.2
3.6
3.2
2.6
3.0
3.4
3.1
2.9
3.1
3.0
3.0
3.3
2.9
3.1
3.2
3.5
3.1
3.3
2.9
3.0
3.2
3.2
3.6
2.7
3.2
2.8
3.1
3.3
2.5
3.1
3.0
2.9
3.1
3.4
3.4
3.1
2.6
3.4
3.4
2.7
2.7
3.4
3.4
2.9
3.0
2.9
3.3
3.4
2.9
3.3
2.8
2.9
3.3
2.9
3.1
2.7
3.0
3.0
2.8
3.4
3.2
3.1
3.0
2.9
3.3
3.0
2.9
3.0
2.9
3.6
2.8
3.5
3.3
2.9
3.0
3.2
3.2
3.3
2.8
3.0
3.1
3.0
3.1
3.0
2.9
3.1
2.7
3.1
3.2
3.0
3.2
3.0
3.0
2.9
3.1
3.1
2.9
3.5
3.1
3.2
3.2
2.8
3.6
3.1
3.0
3.3
3.1
2.7
3.4
2.8
3.2
3.2
3.1
3.1
3.6
2.6
3.0
3.0
2.9
3.1
3.4
2.6
3.5
3.5
3.3
3.2
2.7
3.0
3.0
2.7
3.1
3.1
3.1
2.9
3.3
3.4
3.0
3.1
3.5
3.1
3.2
3.3
3.1
3.1
3.0
3.4
3.0
3.1
3.1
2.8
3.6
3.2
2.8
3.4
2.8
3.3
3.7
3.0
3.0
3.7
2.7
2.8
3.2
3.2
2.8
3.0
2.9
3.3
3.3
3.0
3.0
2.9
10083:
3.2
3.5
3.5
3.4
3.4
3.4
3.3
3.3
3.1
3.3
3.3
3.5
3.3
3.3
3.4
3.5
3.3
3.4
3.4
3.4
3.8
3.3
3.5
3.1
3.1
3.3
3.3
3.2
3.5
3.1
3.2
10084:
4.1
3.5
3.5
4.0
3.5
3.9
3.7
3.6
3.7
3.8
3.8
3.8
3.6
3.7
3.7
3.6
3.4
3.8
3.8
4.1
3.8
3.2
3.5
3.6
3.9
3.5
3.8
4.0
3.7
3.5
3.7
3.9
4.0
3.9
3.6
3.9
3.6
3.7
3.8
3.9
3.3
4.1
3.7
3.7
10085:
2.9
3.3
3.4
3.0
2.7
3.4
3.5
3.3
3.0
2.7
10086:
3.5
3.5
10087:
3.3
4.2
3.9
3.6
3.2
3.5
3.5
3.9
3.5
3.9
3.6
3.7
3.5
3.6
3.9
3.9
10088:
3.7
3.5
3.7
3.1
4.4
3.6
3.3
3.3
4.0
3.7
4.0
3.8
3.6
4.0
3.9
3.6
3.3
3.6
3.4
3.7
3.6
3.8
3.6
3.7
3.4
3.7
3.8
3.8
3.5
3.5
3.9
3.8
3.6
4.0
4.0
4.0
3.8
3.7
3.4
3.6
3.8
3.9
4.0
3.7
3.7
3.7
3.4
3.9
3.5
3.6
3.5
3.9
3.9
3.8
3.7
3.6
3.5
3.5
3.6
3.9
3.6
3.4
3.6
4.0
3.8
3.5
3.9
3.7
3.7
4.0
3.9
3.7
3.7
3.9
4.0
3.6
3.4
3.5
4.2
3.6
4.0
3.7
3.7
3.9
3.8
3.6
3.5
3.7
3.5
3.7
3.6
3.8
3.9
3.5
4.0
3.5
3.7
4.1
3.9
4.2
3.7
3.8
3.7
3.5
3.4
3.6
4.1
3.6
4.0
3.6
3.6
3.8
3.6
3.6
3.6
3.8
3.6
3.8
3.9
3.7
3.9
3.6
10089:
3.1
3.4
3.0
3.3
3.7
1009:
3.3
10090:
3.4
3.9
4.0
3.7
3.9
3.8
3.8
4.1
3.9
4.0
3.5
3.9
3.7
3.7
3.9
3.9
4.0
3.8
3.8
3.9
4.4
3.8
4.0
3.7
3.8
4.3
10091:
3.0
2.9
3.1
3.3
10092:
3.7
3.6
3.7
3.9
3.6
3.9
3.7
3.6
3.8
3.7
3.4
10094:
3.6
3.5
3.8
3.6
3.7
3.3
3.2
3.2
3.7
4.2
3.7
3.5
3.7
3.5
3.6
3.5
3.3
3.6
3.7
3.5
3.4
3.3
3.6
3.4
3.6
3.8
3.8
3.3
3.4
3.5
3.1
3.5
3.7
3.4
4.0
3.6
3.5
3.7
3.5
3.8
3.4
3.1
3.3
3.8
3.7
3.5
3.6
3.8
3.2
3.2
3.9
3.4
3.6
3.2
3.6
3.1
3.6
3.7
3.5
3.5
3.8
3.6
3.4
3.4
3.5
3.5
3.5
3.8
3.3
3.6
3.2
3.5
3.9
3.6
3.5
3.6
3.7
10095:
3.9
3.5
3.6
4.0
3.8
3.3
3.9
3.8
3.8
3.8
3.9
4.0
3.8
3.3
4.0
3.7
3.8
3.6
3.2
3.5
3.5
3.8
3.6
3.7
3.7
3.6
3.7
3.7
3.9
3.7
3.9
3.5
4.0
3.5
3.6
3.5
4.3
3.7
4.1
3.8
4.2
3.7
3.6
4.0
3.5
3.7
3.9
3.7
3.6
3.6
3.7
10096:
4.0
3.6
3.3
3.6
3.6
3.3
3.8
3.9
3.7
3.5
3.5
3.7
3.5
3.3
3.7
3.7
3.4
3.8
3.8
3.9
3.7
3.5
3.4
3.9
3.5
3.6
3.2
3.4
4.0
3.8
3.6
3.6
3.3
3.6
3.8
3.6
4.2
3.6
4.0
3.8
3.3
3.1
3.5
3.7
3.4
3.7
3.5
3.0
3.5
3.2
3.6
3.7
3.4
3.6
3.7
3.7
3.5
3.7
3.8
3.5
3.7
3.9
3.5
3.8
3.7
3.5
4.1
10097:
3.1
3.0
2.6
2.8
2.7
2.9
2.8
2.9
3.1
2.8
2.8
2.7
2.6
3.0
3.4
3.5
3.2
2.7
2.8
3.2
2.7
3.3
3.4
3.4
3.0
3.2
3.4
3.2
3.3
2.9
10098:
2.5
3.2
2.9
3.2
2.7
3.0
3.1
10099:
3.7
3.7
4.1
4.3
3.8
3.9
3.7
3.9
3.8
101:
4.1
3.2
3.3
3.4
3.4
3.9
1010:
3.6
10100:
3.2
3.6
3.5
3.1
3.2
2.8
3.3
2.9
3.0
3.0
2.7
10101:
4.1
3.6
3.9
3.5
3.5
3.6
3.8
3.8
3.9
4.0
3.6
3.6
4.0
4.0
3.7
3.3
3.7
3.6
3.8
3.9
3.5
3.2
3.5
3.4
3.9
4.1
3.6
3.7
10102:
3.4
3.2
3.6
3.2
3.3
3.2
3.3
3.5
3.5
3.3
3.6
3.2
2.9
3.3
3.5
3.7
3.6
3.4
2.7
3.3
10103:
4.2
3.6
3.5
3.7
3.8
3.7
4.3
3.9
3.8
3.3
3.9
3.6
3.6
3.9
4.0
3.7
3.9
4.1
3.7
3.9
3.9
3.7
3.6
3.8
3.9
3.8
3.8
3.8
3.7
3.4
3.4
3.5
3.7
3.7
3.4
3.8
3.6
3.8
3.7
3.6
4.0
4.0
3.6
3.7
3.7
3.8
3.9
4.1
3.7
3.9
3.4
3.5
3.7
3.7
3.6
3.7
3.7
3.3
3.7
3.8
3.6
3.6
3.6
3.7
3.4
3.4
4.0
3.9
3.7
4.0
3.9
3.6
4.0
3.8
3.4
3.5
3.9
4.0
10104:
3.6
10105:
3.3
3.4
3.5
3.2
3.5
3.4
3.5
3.3
3.5
4.0
3.3
3.9
3.4
2.9
3.5
3.5
3.2
3.5
3.6
3.4
3.8
3.1
3.5
3.9
3.7
3.7
3.2
3.8
3.3
3.6
3.6
3.6
3.0
3.9
3.9
3.4
3.5
3.6
3.7
3.7
3.6
3.5
3.6
3.0
3.6
3.3
3.5
3.4
3.7
3.3
3.5
3.6
3.6
3.2
3.3
3.7
3.5
3.1
3.5
3.0
2.9
3.2
3.3
3.5
3.6
3.4
4.2
3.5
3.4
3.5
3.6
3.4
3.5
3.5
3.5
3.4
3.6
3.6
10106:
3.1
3.6
3.3
3.6
3.2
2.9
3.9
10107:
3.4
3.6
3.6
3.1
3.3
3.4
3.5
3.3
3.2
3.5
3.0
10108:
2.8
2.6
2.6
10109:
3.4
3.3
3.4
3.4
3.3
3.2
3.2
3.1
3.1
3.2
3.8
3.2
3.2
3.4
1011:
3.3
3.5
3.4
3.6
3.5
3.5
3.6
3.5
3.5
3.6
3.4
3.6
3.6
3.4
3.3
3.2
3.4
3.6
3.2
3.3
3.5
3.5
3.9
3.6
3.6
3.5
3.7
3.3
3.1
3.6
3.6
3.6
2.8
3.5
3.6
3.3
3.4
3.5
3.6
3.3
3.5
3.4
3.4
3.7
3.7
3.7
3.7
3.1
3.6
3.0
3.6
3.5
3.5
3.8
3.7
3.3
3.2
3.4
3.3
3.2
2.9
3.4
3.4
3.4
3.5
3.6
3.8
3.8
2.9
3.2
3.5
3.4
3.8
3.4
3.4
3.6
3.5
3.7
3.6
0.98
