9965:
4.0
4.0
5.0
2.0
4.0
4.0
3.0
4.0
9966:
3.0
4.0
5.0
3.0
5.0
3.0
5.0
5.0
3.0
4.0
3.0
5.0
4.0
4.0
4.0
5.0
3.0
4.0
5.0
5.0
5.0
3.0
3.0
3.0
3.0
3.5
5.0
3.0
4.0
2.5
5.0
1.0
3.0
5.0
2.0
4.5
3.0
3.0
3.0
3.6666666666666665
1.0
3.0
3.0
3.0
5.0
5.0
1.0
4.0
1.0
3.5
3.0
3.0
4.0
4.0
3.0
2.5
4.0
5.0
2.0
3.0
5.0
2.0
1.0
4.0
4.0
3.0
3.0
3.0
1.0
3.0
4.0
2.0
2.0
3.0
5.0
3.3333333333333335
4.0
4.0
4.0
4.0
4.0
1.0
4.0
3.0
9967:
4.0
2.0
9968:
3.0
5.0
9969:
2.0
3.0
997:
4.0
4.0
3.0
4.0
4.0
4.0
4.0
3.0
5.0
3.0
9970:
4.0
5.0
3.0
4.0
2.0
3.0
3.0
4.0
5.0
1.0
2.0
4.0
3.0
5.0
4.0
4.0
5.0
3.0
4.0
3.0
1.0
4.0
4.0
2.0
4.5
4.0
4.0
4.0
5.0
3.5
4.0
3.0
5.0
5.0
4.0
4.0
5.0
1.0
4.0
3.0
9971:
2.0
5.0
4.0
5.0
9972:
3.3333333333333335
3.0
1.0
3.0
5.0
1.0
2.0
1.0
4.0
4.0
3.0
4.0
3.0
9974:
3.0
4.0
4.0
4.0
3.0
3.0
2.0
3.0
3.0
4.0
3.0
3.0
5.0
4.0
3.0
2.0
3.0
9975:
1.0
2.0
1.0
1.0
2.0
3.0
3.0
1.0
9976:
4.0
3.0
4.0
5.0
4.0
3.0
4.0
3.0
4.0
3.0
5.0
4.0
5.0
3.0
2.5
2.5
4.0
5.0
3.0
3.5
4.0
4.5
5.0
4.0
4.0
4.0
3.0
4.5
5.0
2.0
9977:
4.0
4.0
3.0
3.0
2.0
3.0
1.0
4.0
3.0
4.0
4.0
3.0
4.0
4.0
3.0
3.0
3.0
4.0
4.0
9978:
2.5
3.0
2.5
5.0
2.0
9979:
5.0
5.0
5.0
4.0
3.0
998:
5.0
3.6666666666666665
3.0
5.0
3.0
9980:
5.0
4.5
4.0
2.0
2.0
3.0
3.0
3.0
9981:
4.0
5.0
4.0
4.0
5.0
5.0
5.0
3.5
5.0
4.0
4.0
5.0
5.0
4.0
3.0
3.0
5.0
5.0
5.0
5.0
4.0
4.0
5.0
5.0
4.0
4.0
1.0
4.0
5.0
5.0
5.0
1.0
3.5
1.0
5.0
5.0
4.0
5.0
3.0
5.0
1.0
3.0
4.0
3.0
5.0
1.0
5.0
5.0
5.0
4.0
1.0
5.0
4.0
3.0
5.0
5.0
1.0
4.0
4.0
5.0
5.0
4.0
5.0
3.0
1.0
5.0
5.0
4.0
5.0
5.0
1.0
4.0
1.0
4.0
5.0
4.0
3.0
5.0
4.0
5.0
4.0
5.0
4.0
5.0
5.0
5.0
4.0
4.0
5.0
5.0
5.0
5.0
5.0
4.0
3.0
4.0
5.0
5.0
4.0
5.0
4.0
5.0
5.0
4.0
4.0
5.0
5.0
4.0
3.0
2.0
5.0
5.0
5.0
5.0
5.0
4.0
4.0
4.0
4.0
9982:
4.0
4.0
2.0
4.0
4.0
4.0
9983:
3.5
5.0
2.0
5.0
4.0
5.0
3.0
3.5
5.0
1.0
3.0
3.5
3.0
4.0
4.0
4.0
5.0
4.0
5.0
4.0
1.0
5.0
4.0
3.0
3.0
5.0
5.0
4.0
4.0
5.0
4.5
4.0
4.0
5.0
5.0
5.0
5.0
4.0
4.0
5.0
9984:
4.0
4.0
4.0
4.0
4.0
4.0
4.0
4.0
5.0
3.0
4.0
5.0
5.0
4.0
3.0
4.0
4.5
3.0
5.0
5.0
3.0
4.5
5.0
4.0
5.0
4.0
5.0
5.0
4.0
4.0
4.0
5.0
3.5
5.0
4.0
4.666666666666667
4.0
5.0
5.0
2.0
5.0
4.0
3.0
5.0
5.0
4.0
1.0
5.0
5.0
5.0
5.0
5.0
4.0
5.0
4.0
3.0
3.0
3.0
4.0
3.0
4.0
5.0
2.0
3.0
4.0
4.0
5.0
5.0
5.0
4.0
2.0
3.0
3.0
5.0
1.0
5.0
3.0
2.0
3.0
5.0
3.0
5.0
4.5
4.0
4.0
5.0
9985:
2.0
1.0
4.0
5.0
4.0
3.0
4.0
3.0
4.0
1.0
5.0
3.0
4.0
3.0
1.0
3.0
2.0
5.0
4.0
1.0
5.0
5.0
5.0
4.0
5.0
3.0
5.0
3.0
2.0
3.0
3.0
1.0
4.0
4.0
3.0
2.0
1.0
2.0
4.0
3.0
3.0
3.0
2.0
3.0
3.0
4.0
3.0
3.0
5.0
5.0
1.0
4.0
1.0
1.0
2.0
3.0
5.0
3.0
3.0
5.0
1.0
2.0
3.0
4.0
4.0
4.0
4.0
2.0
3.0
9986:
3.0
4.0
4.0
4.0
4.0
4.0
4.0
4.0
4.0
4.0
4.0
4.0
4.0
5.0
4.0
3.5
3.0
4.0
3.0
4.0
4.0
3.0
3.0
5.0
4.0
5.0
3.0
4.0
4.0
3.0
3.0
4.0
3.0
3.0
4.0
5.0
5.0
4.0
2.0
4.0
4.0
4.0
5.0
5.0
1.0
4.0
4.0
3.0
4.0
5.0
3.0
4.0
2.0
4.0
4.0
1.0
4.0
5.0
3.0
9987:
5.0
3.0
4.0
5.0
5.0
4.0
3.0
5.0
4.0
5.0
4.0
5.0
5.0
5.0
3.0
4.0
4.0
3.0
4.0
3.0
1.0
2.0
4.0
3.0
3.0
4.0
5.0
4.0
4.0
5.0
4.0
5.0
3.0
5.0
3.0
5.0
4.0
4.0
4.0
5.0
4.0
3.0
3.0
4.0
4.0
3.0
5.0
5.0
4.0
5.0
2.0
4.0
4.0
5.0
5.0
4.0
4.0
4.0
4.0
9988:
5.0
1.0
2.0
4.0
5.0
4.0
2.5
4.0
5.0
5.0
5.0
3.0
1.0
4.0
5.0
2.0
4.0
5.0
5.0
5.0
5.0
5.0
4.0
4.0
9989:
3.0
2.0
2.0
4.0
999:
4.0
2.0
1.0
2.0
3.0
2.0
3.0
2.0
1.0
3.0
3.0
3.0
2.0
3.0
3.0
1.0
2.0
9990:
4.0
3.5
4.666666666666667
5.0
3.0
5.0
3.0
5.0
2.0
9991:
3.0
5.0
4.0
3.0
2.5
3.0
4.0
4.0
1.0
5.0
4.0
3.0
5.0
5.0
3.0
5.0
5.0
4.0
5.0
5.0
5.0
3.0
3.0
5.0
4.5
4.0
5.0
3.0
2.0
1.0
1.0
5.0
5.0
2.0
4.0
5.0
3.0
2.0
5.0
2.0
4.0
4.0
4.0
2.0
3.0
5.0
3.0
5.0
3.0
1.0
4.0
2.0
5.0
5.0
2.0
4.0
5.0
2.0
2.0
4.0
3.0
5.0
5.0
3.0
2.0
5.0
5.0
5.0
2.0
3.0
5.0
4.0
1.0
4.0
4.0
5.0
2.0
4.0
4.0
4.0
4.0
1.0
4.0
4.5
2.0
4.0
1.0
3.0
4.0
1.0
4.0
3.5
3.0
5.0
4.0
3.0
3.0
1.0
4.0
3.5
5.0
3.0
5.0
5.0
4.0
3.0
1.0
2.0
5.0
5.0
4.0
4.0
5.0
4.0
9992:
1.0
2.0
9993:
5.0
4.0
4.0
5.0
3.0
4.0
5.0
9994:
3.0
3.0
4.0
5.0
3.5
9995:
3.25
2.75
3.0
2.0
3.0
5.0
4.0
3.0
1.0
2.6666666666666665
3.0
3.0
4.0
2.0
4.0
3.3333333333333335
3.0
3.0
2.0
3.0
4.0
2.5
3.5
2.8
3.0
4.0
4.0
4.333333333333333
4.0
3.5
3.5
4.0
3.0
5.0
3.5
3.5
3.0
5.0
3.5
3.5
3.0
5.0
5.0
4.0
3.0
3.0
3.6
3.0
2.0
3.0
4.0
4.5
2.5
4.0
2.5
3.5
4.0
4.0
2.3333333333333335
4.5
3.75
3.0
2.5
4.0
2.0
4.0
5.0
2.6666666666666665
4.0
5.0
3.0
3.0
2.0
3.0
4.0
3.0
4.0
2.6666666666666665
3.6666666666666665
4.0
2.0
3.0
3.5
4.0
3.5
5.0
4.0
4.0
5.0
3.3333333333333335
3.5
3.0
3.0
2.0
3.4
3.3333333333333335
4.0
5.0
4.0
2.0
3.0
5.0
4.0
3.0
1.0
3.0
2.5
3.0
3.0
3.5
3.3333333333333335
4.0
3.0
3.0
4.0
4.0
4.0
4.0
4.0
3.0
3.0
3.6666666666666665
2.8
4.0
3.0
5.0
2.0
5.0
3.0
2.0
1.6666666666666667
2.0
2.5
3.0
4.0
4.0
3.5
2.6666666666666665
4.0
3.0
4.5
2.5
3.3333333333333335
3.0
3.0
4.0
2.0
2.0
3.5
4.0
3.5
4.0
1.0
3.0
4.0
5.0
3.6666666666666665
3.5
1.0
3.5
3.5
2.0
3.0
3.0
5.0
3.0
5.0
4.5
3.3333333333333335
4.0
5.0
3.0
5.0
2.3333333333333335
4.0
2.3333333333333335
3.5
3.0
4.5
5.0
4.0
3.0
2.6666666666666665
3.0
2.0
3.6666666666666665
3.5
3.0
1.8333333333333333
3.3333333333333335
3.6666666666666665
4.0
3.5
2.0
3.0
5.0
4.0
2.0
4.0
4.0
2.5
2.3333333333333335
9996:
5.0
5.0
1.5
5.0
5.0
3.0
1.0
3.0
1.0
3.0
3.0
4.0
5.0
4.0
5.0
1.0
2.0
5.0
4.0
9997:
4.0
4.0
2.0
3.0
9998:
3.0
4.0
5.0
9999:
2.0
0.37
