14307:
3.56
4.76
4.91
4.54
4.08
4.01
4.31
3.87
4.50
4.91
4.07
4.11
4.42
4.17
4.28
4.15
4.22
3.89
4.31
3.79
2.85
4.13
4.44
4.30
4.07
4.11
4.01
4.06
4.91
3.82
4.50
4.05
4.31
4.62
3.71
3.76
4.28
4.91
4.08
4.15
14308:
3.02
2.99
2.91
2.39
2.93
2.95
3.24
3.15
2.73
2.43
2.75
2.83
2.94
2.50
2.76
2.58
2.96
2.51
2.63
2.62
2.98
2.12
2.70
2.61
2.95
2.40
2.51
2.58
14309:
3.10
3.43
3.15
3.67
3.74
3.10
3.21
3.52
2.99
3.55
3.25
3.29
2.95
3.43
3.02
3.20
3.41
3.52
3.60
3.62
4.13
3.39
4.11
1431:
2.83
2.77
2.95
2.65
2.55
2.85
2.66
2.85
3.14
14310:
1.37
1.25
2.06
1.81
1.49
2.13
2.17
1.74
1.74
14311:
4.30
3.17
3.33
3.87
3.54
3.11
3.37
3.46
3.86
3.81
3.19
3.78
14312:
3.94
3.78
3.79
3.98
4.22
3.71
2.27
4.33
4.37
4.06
3.93
4.01
3.31
4.07
3.96
4.06
3.98
3.84
3.59
3.87
4.11
4.47
3.98
3.56
4.09
4.26
3.98
4.09
3.46
3.88
3.94
3.36
3.38
3.41
4.11
3.74
4.06
4.17
3.65
3.95
3.85
3.90
3.97
4.20
4.09
3.97
3.69
3.93
4.17
4.03
3.77
3.73
4.49
3.89
3.81
4.30
3.91
4.25
3.84
3.94
4.14
3.64
3.86
3.84
3.96
3.78
3.90
4.18
4.12
3.56
4.66
3.87
4.21
3.92
3.11
3.49
3.69
3.83
4.26
4.33
3.91
4.58
3.53
4.11
4.28
3.67
4.03
3.88
3.62
4.30
3.83
3.91
3.94
4.11
3.89
4.08
4.21
4.31
4.30
3.78
3.60
3.84
4.28
4.23
4.07
3.94
3.93
3.96
3.72
4.00
4.05
4.18
4.08
3.93
3.96
4.33
4.15
3.86
3.53
3.55
3.93
3.95
3.76
4.19
4.11
4.34
3.73
3.96
4.06
3.98
4.13
4.19
4.08
3.74
3.69
3.81
4.19
3.95
4.21
3.63
4.13
4.14
4.30
4.11
4.19
3.91
4.21
3.67
3.40
3.92
3.75
3.63
3.75
4.17
3.96
4.22
4.10
4.06
3.96
3.93
4.31
4.49
3.93
4.13
4.18
3.78
4.36
4.09
4.36
4.03
4.06
4.41
3.96
4.22
3.77
3.61
4.06
4.17
3.79
3.76
3.68
4.17
4.06
4.13
4.14
4.07
3.90
4.14
3.83
3.90
4.04
3.81
3.88
3.72
3.70
4.02
4.13
4.16
4.44
3.81
3.90
3.55
3.88
3.56
4.02
3.51
3.94
3.69
4.31
3.50
4.03
4.14
4.04
3.69
3.89
4.16
3.79
4.43
4.06
3.95
3.73
3.94
3.90
3.96
3.80
4.00
3.95
3.70
4.12
3.89
4.26
3.95
4.16
3.95
3.92
3.78
3.89
3.25
4.02
4.29
3.69
4.06
4.03
3.96
4.02
4.24
3.59
3.86
3.46
4.33
4.01
3.92
4.34
4.37
4.25
3.72
3.81
4.16
3.43
3.74
3.95
4.25
3.98
4.02
4.66
3.79
3.92
3.89
3.76
4.24
3.89
4.44
3.36
4.01
4.13
4.66
4.07
4.19
4.05
3.67
3.44
4.30
3.72
4.36
3.82
3.87
3.87
3.92
3.59
4.36
4.12
14313:
3.86
3.77
4.52
3.98
3.99
4.02
3.89
4.27
3.94
3.56
4.12
3.75
4.31
4.62
3.69
3.85
3.50
3.39
4.47
3.88
4.06
3.76
4.62
3.95
3.85
3.62
4.27
3.76
3.80
4.07
3.88
3.59
3.22
3.56
3.80
4.29
3.96
3.54
3.97
3.95
3.69
3.83
3.80
4.28
3.54
4.06
4.10
3.65
4.02
4.02
3.73
4.11
4.09
3.77
4.02
3.59
4.17
4.22
4.25
3.58
3.88
3.94
3.35
3.76
3.72
4.12
4.02
3.68
3.68
3.90
3.86
4.02
3.19
3.99
3.69
3.95
4.20
4.26
3.89
3.90
3.90
3.76
4.17
3.62
4.22
3.54
3.87
4.02
4.27
3.80
3.73
3.94
4.09
3.77
3.80
4.22
3.60
3.67
3.96
3.73
4.06
4.02
3.43
4.32
4.23
3.67
3.94
3.98
3.76
3.89
3.71
3.62
4.02
3.48
4.02
4.33
3.83
3.50
3.94
3.64
4.32
4.21
3.38
3.84
4.28
3.54
4.02
4.34
3.76
4.12
3.75
3.91
4.16
4.11
4.12
4.11
3.76
3.12
3.84
4.20
3.88
3.71
3.78
3.89
3.80
4.13
3.50
3.87
3.61
3.70
4.36
4.09
4.36
3.47
4.05
3.57
3.74
3.66
3.78
4.21
3.70
4.42
4.10
4.02
4.19
4.24
4.10
3.93
4.06
4.07
4.55
3.62
4.06
3.60
4.12
4.38
3.61
3.47
3.74
4.32
3.59
3.59
3.58
4.41
4.41
3.73
4.05
3.52
4.19
3.61
4.11
3.84
3.72
3.70
3.82
3.62
4.55
3.84
4.38
4.62
3.74
4.12
4.06
3.96
3.82
4.33
4.11
3.52
4.16
3.62
4.06
4.32
3.51
3.75
3.89
4.04
3.79
3.69
3.68
4.02
3.94
3.68
3.94
3.97
3.81
3.75
4.12
3.58
3.66
4.18
4.32
3.25
3.94
3.97
3.74
4.11
4.62
4.01
3.75
3.73
3.65
4.25
3.72
3.02
3.92
3.82
4.10
4.14
3.51
4.11
4.02
3.97
4.21
4.39
4.11
3.72
3.59
3.42
4.09
3.68
3.98
3.53
4.17
4.47
4.10
3.69
3.64
4.37
4.06
4.03
4.19
3.87
4.39
4.40
4.21
4.51
3.88
4.04
3.98
4.02
3.42
4.07
3.96
3.84
4.62
3.56
3.31
3.76
3.70
3.28
3.99
4.02
3.51
4.06
3.62
4.62
4.07
4.02
3.87
3.70
4.05
4.20
3.52
3.54
3.53
3.93
4.02
4.32
4.25
3.61
3.82
3.64
3.66
3.62
4.17
3.83
4.00
3.70
4.02
3.52
3.68
4.32
3.84
4.26
4.18
4.00
3.85
4.22
4.02
3.42
3.70
3.80
4.09
3.81
3.61
4.19
4.07
4.02
4.02
4.17
4.27
4.12
14314:
3.23
14315:
3.74
3.60
3.00
3.49
3.20
3.33
3.47
3.46
3.03
3.38
3.63
3.30
2.83
3.03
3.25
3.40
3.71
2.99
3.27
3.60
3.13
3.18
3.21
2.95
3.18
3.55
3.85
3.30
3.37
3.34
3.20
3.20
3.83
3.56
3.35
3.15
3.18
3.31
3.30
3.12
2.95
3.13
3.33
3.32
3.56
3.17
3.36
2.60
3.21
3.48
4.19
14316:
2.15
3.23
2.83
2.61
14317:
3.17
3.36
2.83
2.64
2.58
3.06
3.46
3.19
3.34
3.68
3.68
3.04
3.05
3.17
2.43
3.16
2.69
3.10
3.13
3.05
2.85
2.74
3.14
3.19
3.07
3.19
2.67
3.00
2.55
2.81
2.84
3.05
2.72
2.29
2.76
3.29
2.81
2.95
2.79
2.53
2.90
2.69
2.88
2.14
3.40
3.28
3.34
2.89
2.59
3.06
2.89
2.62
2.59
2.97
2.99
2.93
3.01
3.13
3.07
3.01
3.17
2.52
2.92
2.74
2.81
2.82
2.59
3.35
2.86
3.30
3.02
2.99
2.59
3.30
3.42
3.29
3.00
2.91
2.93
3.04
3.27
2.78
3.05
3.22
3.28
2.94
3.04
3.22
2.89
1.99
1.39
2.55
3.28
3.56
3.30
2.83
3.08
3.06
2.86
3.27
2.86
3.30
2.76
2.86
2.37
2.53
2.95
2.90
2.71
2.89
3.28
3.28
2.56
2.95
3.05
3.57
3.13
2.78
2.89
3.24
3.31
3.07
2.79
1.99
2.89
3.12
3.25
2.89
3.38
2.40
2.45
3.14
3.19
2.68
3.04
2.55
2.84
1.69
2.59
2.91
3.02
2.84
3.19
2.78
2.94
2.96
3.23
3.10
3.11
2.81
2.79
2.70
3.19
2.80
2.59
3.27
1.99
3.09
3.29
2.97
2.66
2.86
3.10
2.53
2.66
2.95
3.22
2.55
3.04
3.31
2.96
3.02
3.16
1.39
2.95
2.91
3.57
2.94
2.85
3.04
3.03
1.79
1.39
2.74
2.81
3.63
3.49
3.30
3.40
3.12
2.27
2.87
2.91
2.72
3.09
2.96
2.83
3.23
3.02
3.31
3.78
