1:
3.7022
3.564
3.6372
4.1224
3.7172
3.7956
3.5923999999999996
3.7112000000000003
3.8504000000000005
3.6552000000000002
3.346
3.6635999999999997
3.8602
3.8360000000000003
3.3499999999999996
3.8722
3.7154
4.0158000000000005
3.8899999999999997
3.91
3.4676
4.2592
3.6374
10:
3.2717
3.1679000000000004
1000:
3.4063999999999997
3.2777
3.1731000000000003
3.9731
3.5847
3.489
3.4268
3.6879000000000004
3.3293
3.1745
3.4299000000000004
3.5418
3.4119
3.8403
3.6831
3.3311
3.3175000000000003
3.3283
3.3931
3.5731
3.5197000000000003
3.6827
3.0595000000000003
3.3359
3.7387
3.3523
3.5619
10000:
3.5128000000000004
3.5223999999999998
10001:
3.6323999999999996
3.9524
3.7521999999999998
3.3196
3.9252
3.5902000000000003
3.6128
3.8204
3.8128
3.4972
3.8891999999999998
3.8952
3.4023999999999996
3.9095999999999997
3.714
3.7151999999999994
3.9896
10002:
3.8864
3.5004000000000004
4.065200000000001
3.7591
10003:
2.824
10004:
4.3454
3.9528
4.043799999999999
3.8808
4.1898
4.046200000000001
4.0957
4.0242
4.0314
3.9938000000000002
4.0136
3.8731999999999998
4.027699999999999
3.8468999999999998
4.3052
4.1003
4.0898
4.087400000000001
4.1638
4.127
4.0181000000000004
3.9250000000000007
3.8846
3.9738999999999995
4.4418
3.8458000000000006
3.9822999999999995
4.0606
3.6513
4.2028
4.1370000000000005
10005:
3.5351000000000004
3.7203000000000004
3.3879
3.2925
3.4319000000000006
10006:
3.5483000000000002
3.3183000000000007
3.6235000000000004
3.1139
10007:
2.81
3.0673999999999997
2.9090000000000003
2.8852
2.7858
2.9914
2.8416
3.1272
2.9506
3.0896
2.8832
3.0406
2.9352
10008:
4.0692
3.5098000000000003
3.5904000000000003
3.325
3.8788000000000005
3.7832000000000003
3.7740000000000005
10009:
3.4658
3.5014000000000003
3.9650000000000003
3.1892000000000005
3.1380000000000003
3.4626
1001:
3.6350000000000002
3.5006000000000004
3.4898
3.3484
3.741
3.7078
3.5982
3.5312
3.1748
3.5770000000000004
3.5558
3.7036
3.2638
3.5664
3.4642000000000004
3.427
3.7066
3.6266000000000003
3.2724
3.3766000000000003
3.335
3.5902
3.4303999999999997
3.2086
3.5172
3.286
3.5466
3.5624
3.6468
3.757
3.5714
3.9922
3.2882000000000002
3.4898000000000002
3.4528000000000003
3.496
3.735
3.1922
3.3360000000000003
3.5938
3.6906000000000003
3.3106
3.5574
3.705
3.7414
3.6069999999999998
3.4618
3.3414
3.3822
3.7334
3.3722
3.011
3.1122
3.5504
3.6872
3.7699999999999996
3.3978
3.4534000000000002
3.5101999999999998
3.3660000000000005
3.4698
3.3522000000000003
3.3243000000000005
3.2672000000000003
3.7226
3.3184
3.2198
3.2998
3.7014
3.491
3.2741999999999996
3.3892
3.5166
3.2992
3.1684
3.5974
3.1502000000000003
3.1284
3.5366000000000004
3.5166
3.6921999999999997
3.6963999999999997
3.1193999999999997
3.3952000000000004
3.4908
3.4063999999999997
3.4461999999999997
3.7536
3.4432
3.2708
3.7254
3.4886000000000004
3.5064
3.6198
3.3478
3.1762
3.3468
3.681
3.4226
3.585
3.5118
3.5418
3.3255999999999997
3.3142000000000005
3.4278000000000004
3.4798
3.5722
3.6402
3.5674
3.1752000000000002
3.3152
3.4457999999999998
3.4594
3.3038000000000003
3.459
3.118
3.3094
3.7118
3.5982000000000003
3.3266
3.4206
3.4926
3.4604
3.4922
3.3988
3.4278
3.3254
3.5862000000000003
3.5154
3.408
3.4854
3.5966
3.5478
3.413
10010:
2.8422
2.7594000000000003
2.7758000000000003
3.1098
2.9662
2.8054
2.8866000000000005
2.7952000000000004
2.6348000000000003
2.9314
2.7228000000000003
2.6770000000000005
2.7725999999999997
2.6109999999999998
3.0734000000000004
2.7798000000000003
2.6894
2.9826000000000006
2.4274
2.8266
2.6418
2.6454000000000004
2.7523999999999997
10011:
4.1078
3.9646000000000003
10012:
3.3424
3.7108000000000003
3.3084
3.3404000000000003
3.5784000000000002
3.6104
3.0886
3.257
3.3007999999999997
3.43
3.601
3.3264
3.3212
10013:
3.5324999999999998
3.3703
3.4863
3.5721
3.4345
3.4873
3.3509
3.5397
3.4175
3.6267000000000005
3.2239
3.7303
3.4749
3.5086999999999997
3.3236999999999997
3.4013
3.2338999999999998
3.3508999999999998
3.4231
3.2165
3.3089
3.2165000000000004
3.3821
3.5925000000000002
3.5755
3.3559
3.4241
3.1359
3.2782999999999998
3.4460999999999995
3.3007
3.2811000000000003
3.2828999999999997
3.6216999999999997
3.3643
3.2855
3.4429
3.6935000000000002
3.6614999999999998
3.2060999999999997
3.7461
3.4112
3.5331
3.5417
3.4331
3.2005
3.3985000000000003
3.4801
3.3183000000000002
3.5341
3.3061
3.3439
3.5277
3.6076999999999995
3.3937
3.1346999999999996
3.6313
10014:
3.2662000000000004
3.6318
3.119
3.5911999999999997
3.3406000000000002
10015:
3.7365999999999997
3.5318000000000005
3.3782
3.6332
3.7912
3.6186
3.8482000000000003
3.7594
3.7892
3.633
3.8078000000000003
3.6814000000000004
3.5864
3.8658
3.8658
3.62
3.7084000000000006
3.8828
3.6646000000000005
3.8624
4.2866
3.8729999999999998
4.0733999999999995
3.5593999999999997
3.4926
3.5445999999999995
3.9292000000000002
3.6961999999999997
10016:
2.9122999999999997
2.7905
2.9276999999999997
3.1070999999999995
3.4853000000000005
10017:
3.1852000000000005
3.3907000000000007
3.3136
10018:
4.043
3.8082000000000003
3.3232
3.4198
3.5716
3.7076000000000002
3.6358
3.4882
3.1486
3.8046
3.5716
3.782
3.5838
3.7112
3.4688000000000003
3.6992
3.5998
3.6488000000000005
3.5321
3.6488000000000005
3.791
3.4464
3.8222000000000005
3.8653999999999997
3.556
3.8034
3.6908
3.7304000000000004
3.7546
3.8392
10019:
3.5149999999999997
3.0955999999999997
3.6406
3.3426
3.8846
3.8354
3.5462
3.1845999999999997
3.6597999999999997
3.516
3.9286000000000003
3.3137999999999996
3.3293999999999997
3.4302
3.6461999999999994
3.5747999999999998
3.6818
3.5665999999999998
3.4837999999999996
3.9078
3.6461999999999994
3.6613999999999995
3.6502
3.5614
3.7122
3.6368
3.3764000000000003
3.4398
3.484
3.6461999999999994
3.5547999999999997
3.3676000000000004
3.6461999999999994
3.7399999999999998
3.4394
3.7501999999999995
3.0826000000000002
3.6486
3.7196
3.7589999999999995
3.746
3.8282
3.6925999999999997
3.6806
3.8262
3.3122
3.6630000000000003
3.809
3.6148
3.5744
3.3773999999999997
3.4554
3.7032
3.4474
2.9587999999999997
3.0877999999999997
3.2344
3.415
3.8885999999999994
3.4372
3.3048
3.4901999999999997
3.7316000000000003
3.4853999999999994
3.7176
4.0462
3.4791999999999996
4.028
3.567
1002:
3.4916000000000005
3.24
3.4822
3.5596000000000005
3.3826
3.5914
3.7650000000000006
3.1114
3.5380000000000003
3.5662000000000003
3.7906000000000004
3.5306
3.4714000000000005
3.3602000000000003
10020:
3.8363000000000005
3.8845000000000005
3.7491000000000003
3.9377000000000004
3.7993000000000006
3.7129
3.7899000000000003
3.9583
3.9223000000000003
3.8357
3.8125
4.2157
3.8247
3.7707000000000006
3.8317
3.8145000000000002
3.9533000000000005
3.6503000000000005
3.9165
3.6773000000000007
4.0065
3.5897000000000006
3.7601
3.7513000000000005
3.5545
3.2345
3.9341
10021:
2.7007000000000003
2.8637
2.9081
2.6757
10022:
2.9544999999999995
3.3921
3.2429
3.1890999999999994
3.4365000000000006
3.3991
3.0772999999999997
3.0900999999999996
10023:
3.7813
3.7473000000000005
3.7634999999999996
3.6223
4.1247
3.6239
3.5407
3.7323
3.5939000000000005
3.7783
3.9654999999999996
10024:
3.5509999999999997
3.7344000000000004
3.5134000000000003
3.6812
3.5524000000000004
3.4872
3.3656
3.4306
3.6280000000000006
3.6356
10025:
3.2293999999999996
10027:
4.0715
3.7917
3.7177000000000002
3.7311000000000005
3.4519
3.7137000000000002
3.6255
4.0761
3.5407000000000006
3.9795000000000003
3.7599
3.7933000000000003
3.8839
3.6155000000000004
3.8051000000000004
4.0417000000000005
3.6862
3.8783000000000003
3.9313000000000002
3.8629000000000002
3.6153000000000004
3.8355000000000006
3.7739000000000003
3.7857
3.9543
3.8711
4.0029
4.052700000000001
4.2120999999999995
4.0595
4.0811
3.9093
3.5623
3.7459000000000002
3.9478999999999997
4.0011
4.1501
3.8739
3.8939
3.6731
3.9759
3.9897000000000005
4.2751
3.7459000000000002
3.7123
4.0077
3.8779000000000003
3.8267
3.9745000000000004
3.9855
3.8075
3.9683
3.7243000000000004
3.6907
3.6435000000000004
3.8843
3.6627
3.6811000000000003
4.0111
3.9395000000000002
3.7203000000000004
3.6539
3.8239
3.5543000000000005
4.0651
4.2515
3.5897
3.9099
3.5723
3.9583000000000004
3.9271000000000003
3.9139
3.9357000000000006
3.8507000000000002
4.068700000000001
3.8443
3.9631000000000003
3.8181000000000003
3.4251000000000005
3.7311
4.1547
4.2007
3.5349000000000004
3.8027
3.8747000000000003
3.9783000000000004
3.7753000000000005
3.8867000000000003
10028:
3.2426
3.3406
3.2248
3.6434
3.7686
3.1988000000000003
3.7666
10029:
3.2962000000000002
3.6614
3.6306
3.1886
10031:
3.4204
3.1911999999999994
3.55
3.0738000000000003
3.6704
3.28
3.1728
3.002
3.1870000000000003
10032:
3.4527
4.136100000000001
3.8829000000000002
3.9269000000000003
3.8429
3.3091
3.6185
3.5563
3.7373
3.2019
3.4603
3.8985
4.0961
3.5913
3.8717000000000006
3.3117
3.6695
3.5861000000000005
3.5709
3.6761000000000004
3.4849
3.6243
3.5245
3.5996
3.6919000000000004
3.4281
3.4843
3.6097
3.9435000000000002
3.4897000000000005
3.6405
3.7261
3.8667
3.7173000000000003
3.4029000000000003
3.8121
3.6054000000000004
3.5145000000000004
3.5725000000000002
3.6057000000000006
3.6133
3.6621
3.5855
3.4085
3.5569
3.6509
3.7921
10033:
3.5783
3.4005
3.0727000000000007
3.4787000000000003
3.36
3.1645000000000003
3.3704
3.2527000000000004
3.4683
3.2703
3.5197000000000003
3.3943000000000003
3.9071000000000002
3.6023000000000005
10034:
2.5913
3.1151
10035:
3.3266
4.1576
4.1516
4.0254
4.074599999999999
4.0546
3.8370000000000006
3.7333999999999996
3.757
3.722
3.9054000000000006
3.8366
3.909
3.9626
3.8449999999999998
3.8557999999999995
3.9178000000000006
3.9964000000000004
3.9976000000000003
4.3838
10036:
3.7306999999999997
3.6001
3.6753
3.5734999999999997
3.8113
3.7547
3.4579
3.7469
3.3857
3.4827
3.5403000000000002
3.7069
3.8760999999999997
3.8241
4.0949
3.8601
3.7218999999999998
3.8472999999999997
3.2869
3.4813
3.7573
3.6001
4.0975
3.8354999999999997
3.7672999999999996
3.9400999999999997
3.8087
3.8247
3.8367
3.4509
3.6979
3.4871
3.4461
3.6112999999999995
3.5065
3.6494999999999997
3.7637
3.7457
3.6597
3.8343000000000003
3.6081
3.7500999999999998
3.9629
3.8228999999999997
3.8301
3.9095000000000004
4.0917
4.193499999999999
3.5145
3.8853
3.5705
3.7791
3.7302999999999997
3.4480999999999997
3.7024999999999997
3.8797
3.6064999999999996
4.2071000000000005
3.6335000000000006
3.8805
3.7807
4.0059000000000005
3.5496999999999996
4.0365
3.5157
4.0589
3.7285
3.8000999999999996
3.7908999999999997
3.8552999999999997
4.1261
3.8803
3.8042999999999996
3.5788999999999995
3.8152999999999997
3.9415
3.9147
3.5475
3.9068999999999994
3.9041
3.7535000000000003
3.6750999999999996
4.1117
3.8769
3.4059
3.7803
3.6615
3.8157
3.8185000000000002
3.6445
3.4482999999999997
3.9549
3.6673
3.9165
3.6801
3.5633
3.5537
3.8225
3.6433
3.9191
3.9317
3.5837
3.6636999999999995
4.0361
3.6277
3.4318999999999997
3.9751
3.5307
3.6643
3.8017
3.7937
3.6045000000000003
3.6473
3.7701
3.6392999999999995
3.7234999999999996
4.1001
3.6113
3.6717
3.8309
3.7417000000000002
3.7837
3.8218999999999994
3.7040999999999995
3.8223000000000003
3.5795
3.8740999999999994
4.0668999999999995
3.6719
3.5882999999999994
3.9044999999999996
3.5217
3.5573
4.100099999999999
3.6891
3.5529
3.8268999999999997
3.7636999999999996
3.9089
3.4585
4.0875
3.9263
3.6575
3.7225
3.5507000000000004
4.1201
3.6026999999999996
3.7943000000000002
3.6241
3.5816999999999997
3.8949
3.8239000000000005
3.8807
3.6627
3.7059
3.6212999999999997
4.1825
3.7393000000000005
3.7165
4.0205
3.8913
3.6593
3.8289
3.8821
3.7297
3.7291
3.8785
4.0045
3.8486999999999996
3.6559
3.5911
3.6633
3.9217
3.6687000000000003
3.8328999999999995
3.8129
3.6725
3.8879
3.8497000000000003
4.0169
3.7316999999999996
4.0141
3.5461
3.7853
4.1381
3.6909
3.7222999999999997
3.6477000000000004
3.8583
3.7351000000000005
3.7409000000000003
3.5547
3.8201
4.1279
3.8909
3.4499
3.7314999999999996
3.8835
3.5067
3.7713
3.7649
3.7641
3.6397
3.8033
3.4161
4.1991000000000005
3.7676999999999996
3.9535
3.7359
3.6869
3.7103
3.6273
4.0045
3.6721
3.6353
0.98
