16525:
3.8
4.0
3.4
3.6
3.7
3.5
3.6
3.5
3.5
3.3
3.4
3.5
3.1
3.7
3.2
3.4
3.4
3.9
3.1
3.5
3.6
3.4
3.6
3.3
3.5
3.1
3.6
3.8
3.5
3.8
3.7
3.5
3.6
3.3
3.6
3.5
3.3
3.6
3.5
3.4
3.9
3.5
3.3
3.5
3.7
3.1
3.8
3.5
4.0
3.4
3.5
3.5
3.4
3.6
3.6
3.5
3.6
3.1
3.5
3.9
3.4
3.5
3.7
3.1
3.5
3.7
3.6
3.4
3.6
3.5
3.6
3.5
3.4
3.4
3.6
3.3
3.6
3.5
3.5
3.3
16526:
3.8
3.3
3.2
2.7
16527:
2.8
2.7
2.9
2.8
2.5
2.8
3.0
3.0
2.3
3.6
2.9
16528:
3.3
3.8
1653:
2.6
3.3
16530:
3.8
3.3
16531:
3.1
2.9
3.1
3.6
3.2
3.1
2.7
3.2
14167:
3.3
3.3
3.0
3.0
3.5
3.3
3.0
3.0
3.2
3.1
3.3
3.2
3.2
3.3
3.4
3.4
3.6
3.3
3.3
3.3
3.7
3.2
3.6
3.1
3.7
3.2
3.6
3.8
3.1
3.2
3.6
3.5
2.8
3.1
3.3
3.8
3.3
2.8
3.6
3.3
3.3
3.4
3.1
3.5
3.3
3.5
3.1
3.3
3.0
3.1
2.6
14168:
3.7
3.7
3.2
3.8
14169:
3.3
3.7
3.1
3.2
3.2
3.7
3.2
1417:
3.1
2.8
2.6
14170:
3.5
3.0
3.4
4.0
3.1
3.6
3.5
3.6
3.3
3.7
3.7
3.9
3.0
3.5
3.7
3.9
3.5
3.8
3.5
14171:
3.7
3.6
4.0
3.4
3.6
3.2
3.8
4.2
3.7
3.4
3.5
3.7
3.7
3.7
3.8
3.9
14172:
3.5
14173:
3.6
3.5
3.6
3.9
3.5
3.8
3.9
2.9
3.3
3.5
3.5
3.4
3.5
3.3
3.5
3.7
3.5
3.2
3.6
3.5
3.1
3.7
3.4
3.4
3.4
3.7
3.5
3.7
3.5
2.9
3.2
3.5
3.5
3.9
3.9
14174:
3.1
3.6
3.2
3.1
2.8
14175:
3.3
3.6
3.4
3.5
4.0
3.9
3.5
3.8
3.4
3.9
3.4
3.5
3.8
3.9
3.1
3.9
3.9
3.2
4.1
3.6
3.5
3.1
3.9
3.5
3.8
3.7
3.9
3.9
3.8
3.7
3.4
3.6
3.5
4.0
3.9
3.3
4.0
3.3
3.4
3.8
2178:
4.1
3.6
3.6
3.8
3.8
3.7
3.3
4.1
3.9
3.8
3.6
3.7
3.5
3.5
3.7
3.4
4.1
3.7
3.5
3.5
3.8
3.8
3.8
3.7
3.8
3.7
3.8
3.9
3.7
3.8
3.6
4.2
3.7
3.7
4.1
3.6
3.7
3.6
3.8
4.2
3.8
3.7
3.8
3.6
3.9
4.1
3.6
3.8
4.0
3.6
3.4
3.4
4.1
3.7
3.7
3.6
4.0
3.9
3.5
3.4
3.8
3.7
3.7
3.6
3.6
4.1
3.2
4.4
3.6
4.1
4.1
3.8
4.1
3.8
3.6
4.1
4.0
4.0
3.9
3.7
3.7
3.7
4.1
4.1
4.1
3.7
3.6
4.0
3.5
3.8
3.7
3.9
3.7
3.7
3.8
3.7
3.7
4.1
4.1
3.5
3.9
3.5
3.8
3.7
3.7
3.7
3.8
3.3
4.1
4.1
3.8
3.8
4.0
3.3
3.8
4.0
3.7
3.5
3.7
3.6
4.1
3.8
3.8
4.1
3.6
4.0
4.3
3.8
3.3
3.8
3.7
3.8
3.5
4.1
4.4
3.7
4.1
3.6
3.6
4.3
3.9
4.0
4.1
4.0
3.8
4.2
3.9
3.7
3.6
3.7
3.8
3.2
3.8
3.7
3.6
4.3
4.2
4.1
3.8
3.8
3.9
4.3
4.1
3.8
3.7
3.8
3.8
3.8
3.8
4.1
3.8
3.8
4.1
4.0
3.7
3.8
3.6
4.1
4.5
4.0
4.1
3.7
4.0
3.8
3.7
3.8
3.8
3.7
4.0
4.2
3.7
3.7
3.8
3.7
3.8
4.1
3.8
3.9
3.6
3.6
3.7
3.8
4.4
3.7
3.7
3.8
3.3
3.7
4.1
3.6
4.1
3.6
4.3
3.7
3.7
4.1
3.5
3.6
4.1
3.8
4.2
3.9
3.6
3.7
3.9
3.8
3.6
3.7
4.0
4.0
3.8
3.2
3.9
3.7
3.7
3.5
4.1
4.1
4.1
3.7
4.2
3.8
3.9
4.1
3.7
4.1
3.7
3.7
3.8
4.0
3.5
3.7
3.2
3.9
3.8
3.6
3.7
3.0
3.7
4.0
3.9
3.9
4.1
3.6
3.8
3.7
3.6
4.1
3.3
4.0
3.8
3.8
3.7
4.0
4.0
3.7
4.0
4.1
3.8
4.1
3.7
4.1
3.7
4.1
3.6
3.8
3.6
3.7
3.8
4.3
3.2
4.1
3.7
3.8
4.1
4.2
3.6
3.7
4.0
4.2
3.7
4.1
3.5
3.7
3.9
3.5
3.8
3.8
4.0
3.3
4.6
3.8
3.7
3.8
3.8
3.7
3.2
3.9
4.1
3.5
3.7
3.7
3.8
3.7
4.3
3.8
4.2
3.6
4.0
3.8
4.0
3.6
3.7
3.9
3.7
4.2
3.6
3.8
3.7
4.0
4.2
4.1
3.7
3.8
3.8
3.6
3.8
4.1
4.1
4.2
3.6
3.6
3.6
3.8
3.8
3.9
3.7
3.5
3.9
3.9
4.0
3.6
3.9
3.8
3.9
3.8
3.8
4.1
3.6
3.6
3.8
3.9
4.1
3.8
3.7
3.8
3.8
4.1
4.1
3.9
3.3
3.6
3.8
3.9
3.6
3.9
3.8
3.9
3.7
3.5
3.7
3.6
4.2
4.1
3.7
4.1
4.1
3.8
4.1
3.7
3.6
3.6
4.0
3.5
3.8
4.1
3.9
3.9
4.2
3.6
3.7
3.4
3.8
3.9
3.8
3.2
3.6
4.2
3.9
3.7
3.5
3.6
3.7
3.2
3.8
3.8
4.2
3.9
4.0
3.8
3.7
3.6
3.8
4.2
4.1
3.7
4.1
3.8
3.8
3.7
3.5
3.8
3.4
3.8
3.8
3.9
3.9
3.8
3.8
3.8
4.1
3.6
3.7
3.7
3.8
4.1
3.8
4.0
4.2
3.3
4.2
3.8
4.1
3.6
3.5
4.3
3.7
4.1
3.7
4.1
4.2
3.8
4.1
3.7
3.5
3.8
3.4
3.6
3.8
3.5
3.6
3.7
3.6
3.6
3.9
3.7
3.7
3.9
3.5
3.7
3.8
3.6
3.7
3.7
3.6
3.6
3.7
3.3
3.6
3.7
4.1
3.7
3.9
3.6
3.7
3.7
3.9
3.7
3.3
3.6
4.1
3.8
4.1
3.7
3.3
3.9
4.2
3.9
3.9
3.9
3.7
3.8
4.2
3.6
4.1
3.8
3.5
3.6
4.1
3.8
3.7
3.7
4.1
3.1
3.9
3.7
4.1
4.2
3.9
3.4
4.2
3.8
3.7
3.6
3.6
3.7
4.1
4.1
2889:
3.2
3.4
3.9
3.9
3.4
3.5
3.6
3.7
3.6
4.0
3.6
3.4
3.3
3.4
3.4
3.6
3.3
3.5
3.4
3.1
3.5
3.8
3.8
3.3
3.4
3.6
3.5
3.3
3.4
3.7
3.6
3.4
3.4
3.5
3.6
3.6
3.5
3.4
3.0
3.6
3.6
3.4
3.4
3.5
3.2
3.4
3.6
3.5
3.3
3.3
3.4
3.8
3.8
3.6
3.4
3.7
3.4
3.5
3.5
3.2
3.5
3.5
3.3
3.7
3.3
289:
3.6
3.0
2.8
3.1
3.5
3.6
2.9
2.8
2.4
3.1
2.9
3.0
3.6
3.1
3.4
3.4
3.0
3.0
2.4
3.1
3.0
3.0
2.9
3.1
3.1
3.0
2.9
3.0
3.1
2.8
3.0
2.9
3.2
3.6
3.1
3.4
2.9
3.0
3.1
2.3
3.0
3.1
2.9
3.5
3.1
2.2
3.0
3.6
3.6
3.4
2890:
4.1
4.2
4.6
3.8
4.1
3.9
3.9
3.9
3.9
3.5
3.9
3.7
3.8
3.7
4.2
3.7
3.6
4.1
4.4
3.4
3.9
4.5
3.9
3.8
3.7
3.7
3.8
3.7
3.8
4.1
3.8
4.1
4.2
4.3
3.9
3.9
3.8
3.9
3.7
4.0
3.8
3.9
4.1
4.1
3.8
4.1
4.2
3.9
4.4
3.8
3.7
3.6
4.1
3.7
4.2
3.8
3.8
4.0
4.2
4.2
3.8
4.1
3.5
3.9
4.1
3.9
4.3
4.2
3.9
3.9
3.8
3.7
3.8
3.4
4.3
3.8
3.7
3.8
3.9
3.7
3.9
4.2
4.1
3.6
3.8
4.2
4.1
3.9
4.1
3.8
4.1
3.9
4.1
3.8
4.2
4.2
4.1
4.1
3.9
3.8
3.8
3.7
3.6
3.9
3.8
4.1
3.8
4.1
3.3
3.9
3.9
3.7
3.7
4.2
4.2
4.1
3.8
3.8
3.7
4.2
3.9
4.1
4.1
3.7
3.8
3.6
3.8
3.8
3.6
3.9
4.3
3.9
3.7
4.2
3.9
0.98
