1:
4.0634999999999994
4.329000000000001
3.2438333333333333
3.6325
3.789
3.6655
3.8225
3.5705
3.8245
3.9444999999999997
4.5
3.871
3.692
3.456
3.1635
3.6675
3.5665
3.7350000000000003
3.722
3.9595000000000002
3.9385
3.517
4.2275
2:
3.6336000000000004
4.2736
4.2701
3.4071
3.8501000000000003
3.1461
3.5321000000000007
3.4626
3.7081
3.5736
3:
4.0029
3.6549000000000005
3.6989
4.1364
3.6824000000000003
3.4349000000000003
3.8114
3.6254
3.7874
3.4664
3.8389000000000006
2.5844000000000005
3.5199000000000007
3.8214000000000006
3.2564
4.3804
2.4974
3.5064
3.6898999999999997
3.2044
3.6029
3.6764
4.1144
3.3509
3.9334000000000007
3.5839
3.5389
3.5269000000000004
4:
3.2091000000000003
3.4126000000000003
3.6110999999999995
3.8586
5:
3.9066
3.4061000000000003
3.9176
4.0426
3.0231000000000003
4.0116
3.5866000000000002
4.5676000000000005
3.5861
3.8791
3.4176
3.5771
3.4766000000000004
3.9246000000000003
4.0816
4.2936
3.8996
3.6341
3.6826000000000003
3.0861
3.7176
4.3176000000000005
3.7901000000000002
3.5656
3.6666000000000003
3.5886
3.6676
4.057600000000001
3.9221
4.1975999999999996
4.0266
3.9701
3.9731
4.079933333333333
4.0811
3.6901
3.9971
3.6936
3.6746000000000003
3.8841
4.1856
4.0021
4.1586
3.7916000000000003
3.3676000000000004
4.1581
3.5831
4.398766666666667
4.0161
3.8959333333333337
4.0366
4.021100000000001
4.1406
3.9341000000000004
3.7376
4.1926000000000005
3.9591
3.5756
3.8246
3.9081
3.2596000000000003
4.1801
3.3711
4.2686
6:
3.2796000000000003
3.0071000000000003
3.2836
3.4696
3.4591000000000003
3.5530999999999997
2.9920999999999998
3.3906
3.3966000000000003
3.5031
3.0921000000000003
3.1051
3.6831
2.8546
3.9106
3.0921
3.3121
3.0881
3.8331
3.6021
3.2086
3.3131000000000004
3.5651
2.6791
3.6166
3.3026
2.5871000000000004
3.9261
3.2996
3.7066
3.2851
3.4846
1.9016
3.3921
3.8261
3.5311000000000003
7:
3.3081
3.1100999999999996
2.4641
8:
3.476
3.4065000000000003
3.4945000000000004
3.5504999999999995
3.803
3.1385
3.4654999999999996
3.5200000000000005
3.4185
3.665
3.048
3.5885
3.7286666666666664
3.4515000000000002
3.5854999999999997
3.3045
3.476
3.2510000000000003
3.4885
3.6205
3.262833333333333
3.2965
3.2989999999999995
3.780333333333333
3.225
3.178
3.66
2.971
3.5095
3.6189999999999998
3.3635
3.4766666666666666
3.338
3.5324999999999998
3.8795
3.941
3.2525000000000004
3.6565000000000003
4.2365
3.151
3.5460000000000003
3.55
3.3465
3.776
3.622
3.0715000000000003
3.098
3.5940000000000003
3.3084999999999996
3.3315
3.828166666666667
3.2779999999999996
3.365
3.3804999999999996
3.216
3.4505
3.3095
3.3205
3.6014999999999997
3.113
3.2385
3.553
3.5439999999999996
3.4574999999999996
3.3365
3.4189999999999996
3.6901666666666664
3.6715
3.42
3.6654999999999998
3.2199999999999998
3.676
3.776
3.681
3.3525
3.418
3.3325000000000005
3.873
3.718
3.476
3.1310000000000002
3.6085000000000003
3.6559999999999997
3.6094999999999997
3.4545000000000003
3.4273333333333333
3.4995000000000003
3.3425000000000002
3.7465
3.4284999999999997
3.2095000000000002
3.5275
3.6685
3.4325
3.5650000000000004
3.5685000000000002
3.6585
3.3209999999999997
3.3905000000000003
3.5620000000000003
3.33
3.5140000000000002
3.7264999999999997
3.8819999999999997
3.1925
3.0460000000000003
3.1945
3.6494999999999997
3.5965
3.262
3.8285
3.164
3.7115
3.3425000000000002
3.0534999999999997
3.3484999999999996
3.7424999999999997
2.9925
3.801
3.4559999999999995
3.437833333333333
3.7485
3.726
3.108
3.5904999999999996
2.8335
3.54
3.3579999999999997
3.4465000000000003
3.8205
3.5759999999999996
3.5095
2.717
3.6100000000000003
3.3194999999999997
3.6870000000000003
3.5095
3.7245
3.0425
3.476
3.5965
3.5454999999999997
3.502
3.266
3.2815000000000003
3.2460000000000004
3.3070000000000004
4.121
3.4775
3.442
3.9425
3.982
3.461333333333333
3.3665000000000003
3.3041666666666663
3.8675000000000006
3.574
3.1615
3.4000000000000004
3.4829999999999997
3.5825000000000005
3.167
3.221
3.3804999999999996
3.731
3.5575
2.952
3.6165000000000003
3.9299999999999997
3.463
3.474
3.3434999999999997
2.749
3.627
3.6610000000000005
3.5168333333333335
3.6914999999999996
2.726
3.1351666666666667
3.285166666666667
3.4395
3.5035
3.3914999999999997
3.4459999999999997
3.5170000000000003
3.2889999999999997
2.9285
3.415
3.5199999999999996
3.5060000000000002
3.8045
3.3825000000000003
3.582
3.551
3.3335
3.2145
3.9560000000000004
3.8465
3.396
3.3445
3.2485
3.412
3.63
3.097
3.4405
2.9939999999999998
3.1605
3.5945
3.4530000000000003
3.452166666666667
3.718
3.623
3.4014999999999995
3.0585000000000004
3.4965
2.8895
3.7640000000000002
3.242
2.623
3.6835000000000004
3.2975000000000003
3.558
3.699
3.133
3.6414999999999997
3.46
3.2675
3.3309999999999995
2.9225000000000003
3.216
3.151
3.2545
2.8905000000000003
3.6434999999999995
3.1340000000000003
3.2635
3.4894999999999996
3.662
3.186
4.107
3.702
3.2925000000000004
3.1566666666666667
3.208333333333333
3.6725000000000003
3.3020000000000005
3.482
3.8105
3.3200000000000003
3.037
3.487333333333333
3.5595
3.343
3.8455000000000004
3.2965
3.8735
3.3545
3.8685
3.664833333333333
3.2345
3.4366666666666665
3.4755000000000003
3.6025
3.601
3.6901666666666664
2.8470000000000004
3.7095000000000002
3.4509999999999996
3.3455000000000004
3.763
3.441
3.3244999999999996
3.6639999999999997
3.1703333333333337
3.3506666666666662
3.18
3.8810000000000002
3.6029999999999998
3.213
3.466333333333333
3.106
3.6935000000000002
3.292
3.5071666666666665
3.3469999999999995
3.23
3.280666666666667
3.5069999999999997
3.3070000000000004
3.1895
3.2439999999999998
3.6944999999999997
3.036
3.2385
3.2405
3.1425
3.0700000000000003
3.574
3.4560000000000004
3.34
3.4005
3.7135
3.727333333333333
3.556
3.537
3.6535
3.5324999999999998
3.4593333333333334
3.3309999999999995
3.333
3.0440000000000005
3.6739999999999995
3.6405000000000003
3.838
4.0885
3.383
3.449
3.676
3.7954999999999997
3.867
3.2809999999999997
3.5534999999999997
3.5525
3.715
3.3760000000000003
3.2235
3.3834999999999997
4.076
3.386
3.226
3.6494999999999997
3.442
3.2365000000000004
3.3760000000000003
3.197
2.9095000000000004
3.6205
3.4405
3.282
3.107
3.287
3.0885
3.548
3.248
3.066
3.3325000000000005
3.7275
3.5785
3.1045
3.5875000000000004
3.636
3.5445
3.27
3.104
3.4145000000000003
3.8209999999999997
3.681
3.4050000000000002
3.5885
2.7990000000000004
3.0564999999999998
3.814
3.201
3.8235
2.9725
3.2065
3.662166666666667
3.3715
3.7545
3.2805
3.5789999999999997
3.5300000000000002
3.641
2.987
3.4444999999999997
3.3499999999999996
3.5515
3.7504999999999997
3.6615
3.415
2.7925
3.543
3.3884999999999996
3.8339999999999996
3.2521666666666667
3.71
3.7215
3.4035
3.5995
3.212666666666667
3.7329999999999997
3.151
3.6354999999999995
3.487
3.41
3.6215
3.5045
3.476
3.7735000000000003
3.301
3.5780000000000003
3.0534999999999997
3.5090000000000003
3.274
3.6674999999999995
4.018
3.439
3.4321666666666664
3.676
3.5949999999999998
3.2135
3.285
3.5759999999999996
3.333
3.5115
3.136
3.402
3.3985000000000003
3.4405
3.3105
3.526
3.458
3.607
3.9050000000000002
3.5300000000000002
3.3099999999999996
3.3895
3.8760000000000003
3.3518333333333334
3.5236666666666663
3.048
3.567166666666667
3.0469999999999997
2.91
3.525833333333333
3.1195000000000004
3.479
3.8840000000000003
3.8705
3.2885
3.8404999999999996
3.5705
3.2794999999999996
3.4154999999999998
2.997
3.6585
3.885
3.265
3.6259999999999994
3.4755000000000003
3.2615
3.4844999999999997
3.2625
3.3520000000000003
3.436
3.3914999999999997
3.141
3.1319999999999997
3.6265
3.4405
4.01
3.6630000000000003
3.044
3.8440000000000003
3.6345
3.026
3.0845000000000002
3.325
3.5805
3.633
3.465
3.5549999999999997
3.2860000000000005
2.768
3.471166666666667
3.8085000000000004
3.3955
3.4314999999999998
3.8660000000000005
3.5125
3.6198333333333332
3.3760000000000003
3.2495000000000003
3.4093333333333335
3.064
3.4245
3.5280000000000005
3.423
3.449
3.1745
3.3415
3.192
3.857
3.4541666666666666
3.157
3.201
3.4299999999999997
3.354
3.901
2.9589999999999996
3.2945
3.5709999999999997
3.7995
3.513
3.6135
3.3475
3.8129999999999997
3.431166666666667
3.5035
3.4385000000000003
3.215
3.9880000000000004
3.2910000000000004
3.7615
3.4615
3.63
3.3826666666666663
2.9364999999999997
3.520833333333333
3.6260000000000003
3.1576666666666666
3.316
3.6304999999999996
3.5385
3.2645
3.622
3.226
3.0855
3.170166666666667
3.3021666666666665
2.8680000000000003
3.487
3.668
3.6899999999999995
3.9074999999999998
2.8455000000000004
2.8970000000000002
3.401
3.1870000000000003
3.479
3.1155
3.2595
3.0875000000000004
3.6675000000000004
2.926
3.5705
3.3760000000000003
3.1863333333333337
3.444
3.2155
3.3655
3.6265
3.0435
3.5035
3.7975000000000003
3.34
2.6734999999999998
3.162
3.333
3.423
3.7515
3.7595
3.6261666666666663
3.4395
3.6494999999999997
3.649
3.0805
3.5625
3.1113333333333335
3.6055
3.22
3.3615000000000004
3.7861666666666665
3.676
3.3419999999999996
3.628
3.1295
3.6079999999999997
3.5069999999999997
3.221
3.5925000000000002
3.5035
3.5439999999999996
3.0010000000000003
3.2824999999999998
3.3979999999999997
3.596
3.6224999999999996
3.5125
3.902
3.2705
3.2714999999999996
3.3205
3.2555
3.2
3.726
3.2750000000000004
3.551
3.2915
3.4355
3.5885
2.9305000000000003
3.5835
3.277
3.316
3.4411666666666667
2.8840000000000003
3.072
3.365
4.026
3.7125000000000004
3.4905
3.473
3.5108333333333333
3.4555
3.6399999999999997
3.5805
3.433
3.7465
3.4059999999999997
3.5285
3.5300000000000002
3.158
3.1390000000000002
3.4204999999999997
3.4563333333333333
3.3215000000000003
3.8545
3.466
3.1765
3.0295
3.4185
3.9610000000000003
3.676
3.38
3.7575000000000003
3.2355
3.1775
3.8845
3.7720000000000002
3.0813333333333333
3.6079999999999997
3.1765
3.3365
3.8125
3.1565000000000003
3.2455
3.2545
3.352666666666667
3.2535
3.4444999999999997
3.6425
3.5564999999999998
3.2344999999999997
3.135
3.2510000000000003
3.5004999999999997
3.5519999999999996
3.7474999999999996
3.1815
3.1565000000000003
3.433
3.8791666666666664
2.8390000000000004
3.4208333333333334
4.0445
3.6704999999999997
3.3825000000000003
3.106
3.2590000000000003
2.923
3.3019999999999996
3.428
3.599
4.2205
3.6310000000000002
3.9425
3.3575
2.9335000000000004
3.9074999999999998
3.2649999999999997
3.5184999999999995
3.3425000000000002
3.1433333333333335
3.6310000000000002
3.6125
3.3975
3.6025
3.3775000000000004
3.774
3.1879999999999997
3.7045000000000003
3.4385000000000003
3.157
3.6390000000000002
3.3845
3.4485
3.5919999999999996
2.9903333333333335
3.7635000000000005
3.1260000000000003
3.3425000000000002
3.5765000000000002
3.449
3.3225
3.5568333333333335
3.3445
3.3490714285714285
3.0426666666666664
3.678
3.201
3.3979999999999997
3.4814999999999996
3.622
3.8760000000000003
2.747
3.255
3.2465
3.3778333333333332
3.769166666666667
3.7115
3.1805000000000003
3.1505
3.4165
3.7510000000000003
3.681
3.2744999999999997
3.5825000000000005
3.385
3.3376666666666663
2.933
3.615
2.9563333333333333
3.476
3.5575
3.8209999999999997
3.5195
3.194
3.338
3.1515000000000004
3.4105
3.3934999999999995
3.7076666666666664
3.4565
3.732
3.2315000000000005
3.351
3.6310000000000002
3.2805
3.5069999999999997
3.3586666666666662
3.4515000000000002
3.1685
3.4619999999999997
3.0005
3.79
3.399
3.276
4.0945
3.6740000000000004
3.298
3.2695
3.4669999999999996
3.6805000000000003
3.1475
3.4025
2.9375
3.944
3.6743333333333332
3.146166666666667
3.54
3.5015
4.107
3.3715
3.293
3.7495000000000003
3.351
3.316
3.7204999999999995
3.7104999999999997
3.0615
3.5759999999999996
3.505
3.750166666666667
3.4868333333333332
3.5484999999999998
3.4524999999999997
3.2675
3.3205
3.6370000000000005
3.333
3.261
3.747
3.6585
3.3545
3.6425
3.3609999999999998
3.6209999999999996
3.3215000000000003
3.3001666666666667
3.4945000000000004
3.5645
3.7359999999999998
3.8870000000000005
3.6405000000000003
3.2794999999999996
3.0735
3.4690000000000003
3.3689999999999998
3.5060000000000002
3.359
3.3994999999999997
3.5588333333333333
2.7615
3.415
3.2615
3.8449999999999998
3.2155
3.441
3.2720000000000002
3.8019999999999996
3.5205
3.5839999999999996
3.295
3.5895
3.6544999999999996
3.3685
3.8425000000000002
4.0775
3.865
3.4829999999999997
3.295
3.394
3.6574999999999998
3.776
3.104
3.5735
3.1205
3.699
3.1775
3.1093333333333337
3.7035
3.3025
3.6535
3.418
3.643
3.064
3.3049999999999997
3.481
3.2095000000000002
3.676
3.3449999999999998
3.4035
3.5410000000000004
3.3659999999999997
3.924666666666667
3.4585
3.0465
3.5279999999999996
4.1095
3.5294999999999996
3.176
3.6715
3.2195
3.093
3.676
3.4665
3.359
3.129
3.614
3.5745000000000005
3.75
3.3920000000000003
3.351
3.6265
3.5534999999999997
3.26
3.8129999999999997
3.2456666666666667
3.2815000000000003
3.246
2.995
3.915
3.7800000000000002
3.075
3.4290000000000003
3.3689999999999998
3.354
3.7204999999999995
3.4595000000000002
2.9515000000000002
3.7430000000000003
3.2590000000000003
3.8970000000000002
3.4385000000000003
3.197
3.5735
3.633
3.6574999999999998
3.5295000000000005
3.0615
3.146
3.3310000000000004
3.4405
3.3760000000000003
3.2560000000000002
3.5595
3.5970000000000004
2.676
3.5759999999999996
3.7314999999999996
3.426
3.3905000000000003
3.0845000000000002
3.6449999999999996
3.2796666666666665
3.42
3.5945
3.9290000000000003
3.7835
3.6375
3.51
3.4210000000000003
3.8130000000000006
3.6914999999999996
3.4575000000000005
3.2388333333333335
3.6245000000000003
3.7089999999999996
3.6849999999999996
3.5025000000000004
3.5395000000000003
3.0545
3.349
3.5229999999999997
3.63
3.0505
3.7575000000000003
3.58
3.9585
3.293
3.2940000000000005
2.9755000000000003
3.3789999999999996
3.388
3.3015
3.0538333333333334
3.7095000000000002
3.6845
3.6704999999999997
3.851
3.364
3.38
3.388
3.4655000000000005
3.4955
4.005
9:
2.5594
3.7249
10:
3.2769000000000004
3.1499
11:
3.221
3.5824999999999996
3.0220000000000002
3.276
3.5785
2.71
3.3335
3.894
3.33
3.1185
3.6635
3.1185
3.5874999999999995
12:
3.0342000000000002
3.7202
3.5582000000000003
3.7786999999999997
3.5822000000000003
3.3027
3.7542
3.9112
3.3047000000000004
4.1852
13:
4.3298
4.5708
4.1663
3.7598000000000003
4.2258000000000004
4.2448
14:
3.3735
3.367
3.135
3.6155
3.31
2.0309999999999997
3.3425
3.0305
3.3
3.385
15:
3.5779
3.2569
3.6479
3.1254
3.1734
3.3959
3.4509
3.3334
3.5364
4.2959
3.6799
16:
3.2936
4.1566
3.5111000000000003
3.3756000000000004
2.9576000000000002
3.5076000000000005
3.5556
3.4641
3.4176
3.1621000000000006
3.5031000000000003
3.3606000000000003
2.9356
3.6796
3.4641
3.7576
3.4631000000000003
3.9086000000000003
3.6286000000000005
3.3901000000000003
3.2216000000000005
3.0821000000000005
3.8946
3.5541
3.3476000000000004
3.3686000000000003
2.6711
3.2951000000000006
2.8916000000000004
3.2741000000000002
3.5991
3.9201
3.0021000000000004
3.3586
3.7576
3.6391000000000004
3.1401000000000003
3.1886
3.4891
3.0971
3.3886000000000003
3.3246
3.9161
3.5006000000000004
3.1326
3.5461000000000005
3.5226000000000006
3.2956000000000003
3.4226
17:
3.0322
3.7832000000000003
3.4842
3.3907
3.1052
3.2292
3.7697000000000003
3.7455333333333334
3.0362
3.3542
3.3962
2.8692
3.0617
3.2317
3.9362000000000004
3.1112
3.3737000000000004
3.3552
2.9901999999999997
3.4933666666666667
3.5257
3.5342000000000002
3.241366666666667
2.8377
3.1932
2.6776999999999997
3.0517
3.4832
3.4837
3.2452
3.3798666666666666
3.3007
3.3947
3.4552
3.5572
3.2132
4.105700000000001
3.5366999999999997
3.1837
3.1922
3.1145333333333336
3.1002
2.9488666666666665
3.1327
3.271866666666667
2.9602000000000004
3.4110333333333336
3.2392000000000003
3.3392
3.3252
3.3402000000000003
2.5997000000000003
3.3527
3.5787000000000004
3.2782
3.0112
3.8942
3.3782
3.3622
2.8577
3.577866666666667
3.3247
3.1577
3.5612
2.8697
3.1322
2.8612
3.3752
3.5822
3.4987
3.4717000000000002
2.6962
3.5302000000000002
3.0247
3.5252
2.9692
3.799033333333333
3.3462
3.3322000000000003
3.5911999999999997
3.0392
3.2092
2.6588666666666665
2.6912000000000003
3.2422
3.3411999999999997
3.7357
3.1407
3.2002
3.7721999999999998
3.4142
3.3382
2.8266999999999998
3.3483666666666667
3.3677
3.5150333333333332
3.5637
3.9352
3.4257
3.6262
3.7387
3.8332
3.3192
3.5162
3.5642
2.7112
3.3400333333333334
3.2777000000000003
3.3962000000000003
3.2923666666666667
3.4817
3.2737000000000003
3.3197
3.3940333333333332
3.2702
2.8777
3.2282
3.3667
3.0831999999999997
3.7327
3.6942
3.6397
3.3277
3.2257
3.0532000000000004
2.989866666666667
3.1742
3.0952
2.7397
2.9567
3.4057
3.276533333333333
3.1630333333333334
3.4657
3.2946999999999997
3.1432
3.0422000000000002
3.2442
3.4522000000000004
3.8322
3.1735333333333333
3.5097
3.1112
3.4272
3.5572
3.6727
2.7112
3.2612
3.4647
3.1347
2.7677
2.9092000000000002
3.1602
2.7712000000000003
3.2553666666666667
4.0702
3.2147
3.3617
3.5177
3.5682
3.6697
3.2112
2.9647
2.9196999999999997
3.4737
3.3792
3.1482
3.3797
3.0637
3.5997
3.3612
3.0257
2.9661999999999997
3.3173666666666666
3.2322
3.7032
3.5342000000000002
2.922366666666667
1.7612
3.4582
3.4112
3.4022
3.6012
2.9442000000000004
3.0467
3.4922
3.0937
3.3542
3.4025333333333334
3.3797
3.611866666666667
2.7332
3.0007
2.6687000000000003
3.350033333333333
3.335366666666667
3.5177
3.1832000000000003
3.9501999999999997
2.8647
3.0352
2.9042000000000003
3.3707000000000003
3.6622
3.5387
3.3667
3.4137
3.1592000000000002
3.697366666666667
3.7767
3.1391999999999998
3.3182
2.9835333333333334
3.4082
3.7612
3.2907
3.3702
3.2447
2.7917
3.3727
3.0002
3.6282
3.4592
3.1477000000000004
3.2772
3.2112
3.4010333333333334
3.2337000000000002
3.2312000000000003
3.3067
3.2267
3.5126999999999997
3.3507000000000002
3.0667
3.1407
3.2786999999999997
3.3627000000000002
3.3552
2.9977
2.7982
3.0563666666666665
3.4455333333333336
3.1677
2.9617
3.1972
3.2705333333333333
3.6787
2.9612
3.1082
3.2365333333333335
3.5357000000000003
3.4092000000000002
3.7427
3.3337
3.0757
3.8997
3.1017
2.8772
3.0682
3.589366666666667
3.082866666666667
3.1432
2.9057000000000004
3.0927
3.5732
3.5747
2.7367
3.1407
3.6412
3.2212
3.4612000000000003
3.5367
3.546866666666667
3.1447000000000003
3.3117
3.2957
3.5582000000000003
3.1497
2.9612
2.8447
3.1727
3.108033333333333
3.4047
3.0217
3.4198666666666666
2.8956999999999997
2.8022
3.2162
3.5918666666666668
3.2072
3.0832
3.4157
2.8587
3.2637
3.0373666666666663
3.0862
3.5392
3.1757
3.1072
3.5167
3.5237
3.3927
3.4362
3.4966999999999997
3.1497
3.3352
3.2807
3.1800333333333333
3.6111999999999997
3.4952
3.5202
2.8627000000000002
3.9932
3.0237
3.1277
3.2397
2.6912000000000003
3.714366666666667
3.0252
3.1252
3.1432
3.0462
3.8222
3.5212
3.8687
3.1897
3.409866666666667
3.5852
3.4477
2.8387000000000002
3.3702
3.7582000000000004
3.4672
2.9927
3.4022
3.0162
3.3152
3.2362
2.7782
3.4527
3.2732
3.4262
3.2267
2.9232
3.2445333333333335
3.7130333333333336
3.6482
3.4872
3.3052
3.6818666666666666
3.0862
3.2732
2.9612
2.9477
3.3318666666666665
3.6612
3.2907
3.4262
2.7937000000000003
3.3152
3.3072
2.9912
3.339366666666667
3.6132
3.3022
3.4575333333333336
3.4707
3.2445333333333335
3.1697
3.0457
3.4175333333333335
3.6517
3.2222
3.2787
3.0157
2.9175333333333335
3.2797
3.4467
3.4332000000000003
3.2702
2.8167
3.2497
3.7401999999999997
3.2727
3.2387
3.3112
3.1442
3.6487
3.2662
2.9423666666666666
3.2857000000000003
3.0777
2.9827000000000004
3.4137000000000004
3.8362
3.8312
3.4362
3.6207
2.6845333333333334
3.1057
2.9661999999999997
3.6437
3.2815333333333334
3.2817
2.4662
3.0320333333333336
3.1322
3.1452
2.9912
3.0077
3.2452
3.5747
3.0852
2.6752000000000002
3.2042
3.1962
3.0235333333333334
3.7150333333333334
3.3597
2.8527
3.1952
3.2552000000000003
2.9687
3.4847
3.3127
3.2432
3.1352
2.9772
3.4832
3.5322
3.7657
3.3942
3.1572
3.3603666666666667
3.4278666666666666
3.7952
3.1267
3.0742000000000003
3.6667
3.9887
3.2887
3.6077
2.8912
3.3317
2.9267
2.8772
3.1071999999999997
3.2481999999999998
3.0477
3.5736999999999997
3.6977
3.2877
3.4432
3.4872
3.1900333333333335
3.5057
3.6422
3.0302
3.0976999999999997
3.2472
3.3697
3.3397
2.6112
3.7172
3.0366999999999997
3.1477000000000004
2.6682
3.1374142857142857
3.2397
3.0141999999999998
3.1108666666666664
3.1282
3.4022
2.8750333333333336
2.8582
3.2120333333333333
3.0807
2.6761999999999997
3.2782
3.2542
3.2547
3.5747
3.2832
3.0112
3.3237
3.1162
3.2647000000000004
3.0402
3.2427
3.6231999999999998
3.5232
4.0332
3.3237
3.2842000000000002
2.8067
3.1187
2.6787
3.6862
3.0957
3.5270333333333337
3.0612000000000004
3.1822
2.8515333333333333
3.1447000000000003
3.4377
3.8812
3.4668666666666668
3.2397
3.0797
3.0472
3.3762
3.0932
3.1072
3.5522
3.4087
3.2052
3.0772
3.4567
3.7297
2.9377000000000004
3.3767
3.3697
3.3257000000000003
3.0797
3.2157
3.6031999999999997
3.5517
3.332866666666667
3.0922
3.4527
3.7232
3.2637
3.0252
3.5502000000000002
3.7637
2.9352
3.1832000000000003
2.9432
2.7832
3.3682
3.1227
3.5877
4.0877
4.1067
2.5395333333333334
3.2612
3.4282000000000004
2.3612
3.3757
2.9177
3.3587
3.0107
3.2352
3.1892
3.1832000000000003
3.4422
4.1242
3.2263666666666664
3.2297000000000002
3.0362
3.2542
3.2197
3.4112
3.1296999999999997
3.6787
3.3927
3.4412000000000003
3.9207
3.4257
3.5257
3.6142000000000003
3.1987
3.2015333333333333
3.3773666666666666
3.6087
3.0993666666666666
3.3827000000000003
3.2842000000000002
3.6802
2.7412
3.0037000000000003
3.2862
2.8152
3.3502
3.3392
3.1122
3.643533333333333
3.3907000000000003
3.1382000000000003
3.1797
3.1777
3.7297
3.4142
3.2507
2.9957000000000003
3.2587
2.9355333333333333
3.2212
3.1952
3.2832
3.5017
3.3507000000000002
3.5038666666666667
3.5342000000000002
3.3798666666666666
3.1590333333333334
2.9282
1.12
