9956:
3.81
9957:
3.72
3.45
3.21
2.99
3.35
9958:
3.25
3.96
3.78
3.65
3.63
3.74
3.85
9959:
3.67
4.0
3.63
3.63
3.43
3.35
3.69
3.66
3.81
3.94
4.13
3.6
3.44
3.47
3.54
3.85
3.48
3.48
4.06
3.79
3.64
3.66
3.57
3.85
3.39
3.84
3.48
3.3
3.57
3.6
3.51
3.09
996:
4.29
3.39
4.13
4.05
4.17
3.92
4.22
3.62
3.15
3.83
4.0
4.16
3.97
3.89
4.53
3.92
4.3
3.79
4.09
3.89
3.9
3.96
4.18
3.65
4.21
4.21
3.2
3.97
4.26
4.05
3.58
3.73
3.97
4.58
3.67
3.8
4.03
3.35
3.92
4.18
3.77
3.69
4.14
3.86
3.73
3.76
3.78
3.25
4.06
4.53
3.61
3.25
3.99
3.77
4.0
3.66
3.9
3.74
4.01
3.72
3.51
4.04
3.74
3.96
3.81
3.99
3.81
3.83
3.49
3.96
3.93
4.39
3.77
4.26
3.97
3.79
4.07
4.0
4.14
3.46
3.89
4.12
3.62
3.79
3.79
3.97
3.9
3.56
3.76
3.23
3.84
3.87
4.21
4.53
4.23
3.66
4.0
4.13
3.8
3.81
4.03
4.08
3.58
4.18
3.96
3.89
3.85
3.34
4.11
3.74
4.29
3.98
3.53
3.81
3.87
3.99
4.25
3.77
3.68
3.79
4.08
4.02
3.66
4.18
3.97
4.16
3.28
4.27
4.24
4.01
4.01
3.59
3.97
3.67
3.78
3.15
4.15
4.0
4.15
3.88
4.01
3.35
3.96
3.56
3.78
4.02
3.89
4.05
3.82
3.98
3.78
3.53
3.6
3.83
3.87
3.66
3.72
4.16
3.8
3.75
3.92
2.95
3.63
3.98
3.99
3.61
3.72
3.9
3.51
4.11
3.72
3.97
3.68
3.79
3.92
3.33
3.79
3.87
3.95
3.71
3.86
4.06
3.51
3.76
4.09
3.48
3.23
4.33
4.17
3.94
4.17
3.78
3.68
4.16
4.19
3.67
3.53
4.0
3.76
4.16
3.72
3.27
3.74
3.75
3.9
3.75
3.7
3.81
3.93
3.85
4.03
3.72
3.85
3.67
4.03
4.08
3.49
3.79
3.77
4.08
4.28
3.98
4.19
4.53
3.02
3.85
4.2
3.7
4.03
9960:
3.92
4.03
3.97
3.73
4.05
3.78
3.54
3.78
3.77
3.4
3.82
3.64
3.99
4.06
4.34
3.97
3.65
3.68
3.81
3.84
4.01
4.27
3.93
3.29
3.97
4.01
3.61
3.92
4.1
3.95
3.8
3.94
4.26
4.01
3.82
3.54
3.85
3.65
3.64
3.93
4.03
4.21
4.13
3.8
3.84
4.11
3.93
4.01
4.19
3.94
4.04
4.32
3.68
3.95
4.09
3.98
4.19
4.18
3.7
4.37
3.65
4.43
4.12
4.21
3.76
4.16
4.15
4.08
3.87
3.96
4.03
3.84
3.87
4.03
4.1
3.98
3.99
4.16
3.35
3.78
4.08
4.15
3.7
4.0
3.98
4.07
3.91
3.89
3.53
4.08
4.53
3.84
4.05
4.03
3.99
4.08
3.87
3.72
4.19
4.29
3.74
3.66
3.82
4.08
3.89
4.05
3.62
4.26
3.61
4.2
3.84
4.24
4.28
3.95
3.05
3.89
4.04
3.82
4.11
4.08
3.69
4.02
3.82
4.46
3.45
3.95
3.99
3.92
3.93
3.89
4.03
4.28
4.53
3.92
4.63
4.13
4.22
3.86
3.92
3.58
4.0
4.06
3.59
3.95
3.87
3.9
4.03
4.15
3.94
3.69
3.7
4.15
3.81
4.23
3.99
3.8
4.29
3.82
4.33
4.19
4.01
4.35
3.89
4.41
3.99
4.49
3.52
3.57
4.29
4.02
4.28
3.78
3.86
3.81
3.82
3.9
4.05
3.71
4.16
3.94
3.63
4.01
3.67
4.23
4.07
3.98
3.92
3.9
4.11
3.68
3.63
3.57
3.9
4.07
3.84
3.98
3.9
4.3
3.85
4.2
4.52
4.08
3.85
4.24
3.83
4.09
3.99
4.01
4.03
4.08
4.51
3.97
3.83
3.98
4.02
4.17
3.76
3.84
3.91
4.27
4.0
3.82
3.74
4.06
4.26
3.93
3.65
3.79
3.37
4.19
3.56
4.0
4.02
3.54
3.78
3.83
4.32
4.04
3.9
4.11
3.61
3.63
4.1
4.09
3.95
3.94
4.06
4.14
3.83
3.99
3.35
3.66
4.26
3.91
3.75
4.04
3.71
3.9
3.89
4.14
3.88
4.09
3.3
3.87
4.0
3.84
3.81
9961:
4.18
3.99
3.51
4.12
4.11
3.94
4.09
3.83
4.41
3.98
3.8
4.18
4.24
4.65
4.03
3.68
4.1
4.12
3.7
3.84
3.69
4.51
3.69
3.68
3.88
3.89
3.85
3.96
4.38
3.91
4.15
3.69
3.77
3.88
3.85
4.18
4.08
3.94
9962:
2.8
3.49
3.21
3.3
9963:
3.29
3.47
2.94
3.23
3.31
3.33
3.13
3.37
9964:
3.52
3.61
3.87
4.3
3.63
4.24
3.92
4.06
3.65
3.56
3.58
3.81
3.79
3.95
3.79
3.8
3.69
4.42
3.71
3.68
3.69
4.05
4.09
4.0
3.84
3.32
3.32
4.06
3.78
4.05
3.5
3.99
4.01
3.9
3.74
3.81
3.48
3.85
4.11
3.9
9965:
3.85
3.87
3.61
3.34
3.09
3.57
3.41
3.46
9966:
3.86
3.97
3.82
3.68
3.77
3.21
3.97
3.73
3.65
3.57
3.5
4.22
3.51
3.42
3.73
3.91
3.64
3.69
3.85
3.99
3.72
3.58
3.41
3.71
3.71
3.6
3.86
3.31
3.87
3.1
3.91
3.52
3.31
4.11
3.23
3.74
3.63
3.54
3.67
3.53
3.59
3.64
3.54
3.32
3.76
3.44
3.6
3.59
3.61
3.65
3.6
3.49
3.7
3.95
3.38
3.62
3.76
3.54
3.65
3.55
3.69
3.37
3.07
3.68
3.86
3.44
3.49
3.68
3.62
3.67
3.48
3.6
3.67
3.23
3.18
3.41
3.57
3.5
3.28
3.56
4.07
3.4
3.67
3.39
9967:
3.42
2.82
9968:
3.62
4.2
9969:
3.48
3.7
997:
3.68
3.44
3.35
3.8
3.23
3.34
3.32
3.71
4.11
3.26
9970:
3.83
3.84
3.41
3.98
3.88
3.99
3.74
3.89
3.97
3.65
3.82
3.72
3.59
4.16
3.66
3.91
4.37
3.95
3.74
3.78
3.75
3.73
3.6
3.9
4.05
4.18
3.73
3.68
3.66
3.73
3.72
3.87
3.98
4.41
3.92
3.76
3.52
3.3
3.77
4.08
9971:
3.16
3.6
3.79
3.64
9972:
3.43
3.33
3.1
3.3
3.86
2.86
2.95
3.4
3.44
3.6
3.51
3.38
3.31
9974:
3.69
3.32
3.57
3.43
3.64
3.5
3.32
3.66
3.47
3.81
3.3
3.31
3.79
3.34
3.36
3.47
3.57
9975:
2.77
2.2
2.99
2.33
2.83
2.58
2.68
2.05
9976:
3.83
3.53
3.47
3.62
3.95
3.65
3.83
3.51
3.87
3.65
3.86
3.66
3.77
4.0
3.28
3.8
3.54
3.79
4.13
3.46
3.68
3.72
3.62
3.72
3.57
3.78
3.68
4.09
3.67
3.69
9977:
3.67
3.58
3.22
3.42
3.55
3.25
3.23
3.52
3.24
3.47
3.58
3.33
3.53
3.39
3.56
3.55
3.44
3.67
3.45
9978:
3.12
3.21
3.2
3.01
3.11
9979:
4.14
4.15
3.72
4.14
4.2
998:
4.0
3.77
3.27
3.7
3.63
9980:
3.77
3.88
3.38
3.39
3.29
3.06
3.39
3.11
9981:
3.46
4.46
3.19
3.98
3.72
4.04
4.03
3.78
4.23
3.6
3.86
4.09
3.93
3.72
3.47
3.47
3.98
3.92
4.24
4.27
3.9
3.88
3.89
3.99
3.57
3.68
4.22
3.44
4.38
4.19
4.19
3.96
3.64
3.75
4.24
4.22
4.12
3.82
3.4
3.91
3.99
3.45
3.98
3.77
3.81
3.82
4.08
4.1
3.99
4.25
3.91
3.84
3.97
3.62
4.02
3.61
3.74
4.03
3.99
3.39
4.25
3.79
3.99
4.21
3.43
3.39
3.79
3.95
3.87
3.98
3.84
3.69
3.77
3.84
4.18
3.96
3.79
3.71
3.96
4.07
3.58
3.98
3.83
3.85
3.69
4.03
4.02
3.37
3.85
4.14
4.05
3.8
4.09
3.66
3.71
3.93
4.26
4.4
4.03
4.3
3.64
3.64
4.02
3.85
4.11
4.01
3.7
3.72
3.78
3.9
4.37
3.87
4.49
4.41
3.99
3.98
3.87
4.05
3.98
9982:
3.62
3.47
3.59
3.59
3.74
3.91
9983:
3.76
3.38
3.61
4.01
3.48
4.06
3.73
3.56
3.88
3.42
3.86
3.37
2.98
3.57
3.41
3.7
3.84
3.41
3.79
3.01
3.7
4.2
3.96
3.72
3.38
3.53
3.72
3.58
3.44
3.93
3.83
3.25
3.85
4.19
3.48
3.73
3.94
3.83
3.77
4.42
9984:
3.73
3.7
3.91
3.56
3.54
3.81
3.41
3.66
3.64
3.49
3.64
4.01
3.66
3.67
4.14
3.68
4.25
3.98
3.74
4.27
3.6
3.42
3.92
3.84
4.27
3.88
3.74
3.71
3.74
3.9
3.67
3.8
3.79
3.96
3.61
3.84
3.52
4.36
3.59
3.39
3.98
3.91
3.72
3.88
4.1
3.53
3.11
3.85
3.81
3.64
3.27
3.88
3.58
4.04
3.8
3.53
3.54
3.96
3.64
3.98
3.9
4.01
3.85
3.75
4.04
3.7
3.83
3.76
3.78
3.5
3.39
3.64
3.83
4.07
2.77
4.13
3.97
3.55
3.47
3.77
3.7
4.13
3.58
3.81
4.0
3.59
9985:
3.08
3.57
3.85
3.82
3.52
3.68
3.54
3.57
3.5
3.85
3.78
3.63
3.77
3.4
3.14
3.4
3.25
4.09
3.6
3.22
3.63
3.66
4.1
3.47
3.53
3.42
3.54
3.42
3.1
3.48
3.53
3.33
3.25
3.55
3.51
3.39
2.94
3.58
3.27
3.55
3.58
3.47
3.24
3.6
3.42
3.73
2.82
3.46
3.79
3.79
3.64
3.89
3.38
3.34
3.39
3.24
4.09
3.85
3.43
3.65
3.13
3.2
3.59
3.72
3.38
3.87
3.55
2.85
3.35
9986:
3.52
3.7
3.65
3.46
3.82
3.59
3.49
3.62
3.34
3.49
3.57
3.5
3.64
3.94
4.0
3.73
3.51
3.86
3.47
3.49
3.51
3.5
3.75
3.5
3.47
4.13
3.44
3.9
3.56
3.21
3.52
3.5
3.63
3.61
3.7
4.02
3.62
3.5
3.54
3.67
3.41
3.58
3.68
3.95
2.52
3.57
3.43
3.45
4.12
3.94
3.71
3.65
3.49
3.88
3.65
3.07
3.81
3.5
3.86
9987:
3.62
3.29
3.45
4.09
3.58
3.8
4.11
4.34
3.44
3.79
3.68
3.83
3.0
3.34
3.69
3.67
3.67
3.5
3.86
3.48
3.97
3.27
3.88
3.53
3.97
3.64
3.57
4.18
3.83
3.94
3.77
4.48
3.84
3.98
3.55
3.67
3.41
3.64
3.81
3.99
3.85
3.74
3.35
3.72
3.69
3.92
3.8
3.75
3.83
3.69
3.94
3.48
3.61
3.93
3.48
3.79
3.65
3.72
3.8
9988:
4.0
3.57
3.51
3.88
4.25
3.61
3.6
3.78
3.84
3.73
3.99
3.83
3.97
3.95
4.02
3.53
3.71
4.0
4.08
4.14
4.12
3.86
3.91
3.46
9989:
2.98
3.35
3.11
3.41
999:
3.19
3.24
3.07
3.38
3.08
3.16
2.91
2.99
2.82
3.36
3.38
3.18
2.79
3.26
3.25
2.59
2.96
9990:
4.19
3.55
3.24
4.18
3.81
3.88
3.57
4.01
3.79
9991:
3.5
3.82
3.7
3.4
3.37
3.92
3.74
3.07
3.2
3.87
3.37
3.2
3.56
4.25
3.12
3.59
4.02
3.62
3.16
3.95
3.81
3.53
3.74
4.11
3.54
3.48
3.76
3.29
3.71
3.74
3.72
3.71
3.85
4.0
3.56
3.94
3.57
3.6
3.89
2.75
3.93
3.71
3.84
3.55
3.76
3.87
3.69
4.3
3.67
3.49
3.83
3.67
3.12
3.65
3.48
3.71
3.89
3.06
3.45
3.38
3.53
4.28
4.07
3.64
3.44
4.08
3.19
3.77
3.38
3.56
4.07
3.64
3.87
3.76
3.61
3.61
3.67
3.32
3.55
3.83
4.0
3.63
3.81
3.58
3.73
3.19
3.01
4.18
3.92
3.17
3.92
3.59
3.44
3.58
3.62
3.65
3.61
3.74
3.46
3.72
4.11
3.79
3.39
3.64
3.64
3.68
3.61
3.84
3.98
3.96
3.9
3.64
3.66
3.55
9992:
2.59
2.66
9993:
4.48
3.73
3.52
3.8
3.74
3.63
3.75
9994:
3.69
3.37
3.58
3.64
3.6
9995:
3.37
3.38
3.41
3.08
3.23
3.64
3.29
3.89
3.25
3.23
3.33
3.28
3.65
3.27
3.38
3.82
3.48
3.04
2.85
3.48
3.32
3.4
3.49
3.19
3.3
3.46
3.53
3.65
3.62
3.2
3.74
3.67
3.34
3.74
3.31
3.58
3.22
3.45
3.57
3.51
3.73
3.41
3.72
3.56
3.46
3.37
3.62
3.36
3.84
3.61
3.3
3.69
3.1
3.62
3.26
3.66
3.27
3.46
3.29
3.89
3.52
3.8
3.49
3.79
2.84
3.58
3.79
3.36
3.64
3.63
3.3
3.55
3.54
3.57
3.72
3.41
3.74
3.67
3.7
3.42
3.08
3.13
3.49
3.69
3.46
3.07
3.57
3.5
4.21
3.28
3.58
3.43
3.51
3.36
3.22
3.45
3.72
3.7
3.45
3.08
3.36
4.02
3.59
3.8
3.24
3.48
3.76
3.33
3.33
2.97
3.73
3.51
3.55
3.42
3.5
3.41
3.5
3.64
3.7
3.59
3.79
3.38
3.28
3.5
3.35
3.82
3.35
3.5
3.18
3.59
2.69
3.5
3.32
3.31
3.47
3.53
3.0
3.32
3.3
3.57
3.58
3.2
3.4
4.01
3.24
3.4
3.67
3.02
3.64
3.93
3.88
3.4
3.83
3.42
3.55
3.43
3.22
3.46
3.61
3.56
3.62
3.27
3.56
3.7
3.64
3.68
3.7
3.72
3.55
3.72
3.87
3.67
3.41
3.49
3.3
3.06
3.4
3.45
3.52
3.72
3.61
3.6
3.42
3.57
3.44
3.43
3.75
3.41
2.88
3.91
3.38
3.66
3.46
3.38
3.47
3.54
3.64
2.31
3.25
3.75
3.3
3.57
9996:
4.14
3.69
3.42
3.73
4.17
3.66
3.93
3.3
3.35
3.3
3.58
3.85
3.72
3.04
3.26
3.54
3.08
3.51
3.4
9997:
3.7
3.79
3.71
3.8
9998:
3.25
3.37
3.69
9999:
2.77
1.01
