5020:
3.2
2.7
2.9
2.9
3.3
3.3
2.9
3.3
1.9
3.1
3.1
3.4
3.1
3.4
3.1
3.1
2.8
3.5
3.4
3.0
3.4
3.2
3.4
2.8
2.8
3.1
2.8
3.2
3.4
3.3
3.3
3.3
3.9
3.5
3.1
3.2
3.3
2.9
3.6
13505:
3.8
3.7
3.6
3.5
3.7
3.5
2062:
3.9
12261:
3.6
2.5
3.2
3.5
1506:
3.7
3.8
4.1
3.6
3.6
3.6
3.1
3.6
3.6
3.4
3.5
3.4
3.5
3.9
3.4
3.9
4.0
4.1
4.1
3.7
3846:
3.6
4228:
3.3
17412:
3.9
3.6
3.9
3.3
3.7
3.2
3.8
4.1
3.7
4.5
3.8
3.8
3.9
3.8
3.5
4.1
3.8
3.6
4.0
3.5
3.8
4.0
3.6
3.9
4.0
4.0
3.5
3.6
3.8
3.8
3.8
3.8
3.9
3.7
4.0
3.8
3.9
2679:
2.9
3.0
3.0
3.1
3.2
9067:
3.3
10983:
3.1
3.2
9073:
3.0
2.9
11164:
3.8
4.3
4.6
4.1
4.3
4.4
3.7
3.9
3.9
4.1
3.7
3.9
4.1
4.0
4.1
3.9
4.1
4.0
3.9
4.1
4.2
4.0
3.9
4.0
3.3
4.2
4.1
4.4
3.8
3.8
4.4
3.9
3.9
4.1
3.8
3.8
4.0
4.6
4.1
4.1
3.9
4.0
4.6
4.1
3.9
4.0
3.9
4.3
4.2
4.6
4.0
3.6
3.6
3.7
4.2
3.6
4.1
4.2
4.3
4.1
4.1
3.8
4.1
4.6
3.9
3.7
4.3
4.1
3.9
3.6
4.0
4.1
3.8
3.5
4.1
3.9
4.1
3.6
3.9
3.5
4.6
3.6
4.0
4.2
4.2
3.9
3.9
3.6
3.9
4.6
3.9
4.6
4.2
4.2
3.9
4.1
4.0
4.6
3.7
4.0
4.0
3.9
4.0
4.2
3.9
4.3
4.0
4.2
3.9
4.2
3.9
4.3
4.1
4.1
4.1
3.7
4.2
3.6
4.4
4.2
3.9
3.4
4.2
3.6
4.1
4.4
3.7
3.7
3.7
4.2
3.7
4.1
3.8
4.0
3.9
4.4
3.6
4.6
4.1
4.0
4.0
3.9
3.8
4.1
3.7
4.0
4.1
3.9
3.6
3.8
4.0
4.0
4.0
4.0
3.9
3.6
3.6
4.1
3.8
4.2
4.2
3.5
3.8
3.9
3.9
5277:
3.0
3.2
3.5
3.6
3.0
3.3
3.2
3.4
3.1
3.4
3.2
3.2
3.3
3.5
3.2
3.4
3.3
3.8
2.9
3.2
3.4
3.5
3.2
3.3
3.2
2.0
3.3
4891:
3.4
7762:
3.7
3.2
3.9
3.3
3.3
3.2
3.4
3.5
3.5
3.7
3.9
4.0
3.6
3.7
4.1
3.4
3.5
3.4
3.5
3.5
3.7
3.4
4.0
3.4
3.9
3.7
3.5
3.6
3.4
3.9
3.3
3.6
17450:
3.2
3.6
3.6
3.5
8984:
3.8
3.1
3.5
2.9
3.2
3828:
3.4
3.1
3.5
3.3
3.9
3.3
3.5
2.8
3.6
3.4
3.2
3.3
3.1
3.3
3.5
5794:
3.1
6707:
3.7
4.2
3.3
357:
3.3
3.3
4.0
3.5
3.3
3.8
3.6
3.3
3.5
3.6
3.7
3.0
3.9
3.5
3.6
3.7
3.4
3.8
3.8
3.4
3.6
3.7
4.0
4.0
3.9
3.1
3.7
3.5
3.6
3.1
3.1
3.7
3.4
3.5
3.8
3.2
3.8
3.7
3.8
3.1
3.1
3.6
3.6
3.6
3.5
3.2
3.3
3.4
3.6
3.4
3.7
3.7
3.6
3.0
3.8
3.6
4.2
3.4
3.7
3.3
3.5
3.2
3.6
4.2
3.5
3.6
3.4
3.7
3.3
3.3
3.9
3.9
3.7
3.8
3.4
3.8
3.3
3.7
3.9
3.6
3.5
3.7
3.1
3.6
3.3
3.8
3.7
3.8
3.5
3.6
3.7
3.5
3.5
3.5
3.4
3.7
3.7
3.6
3.6
3.8
3.4
3.2
3.6
3.5
3.6
3.7
3.5
3.5
3.7
3.6
3.8
3.3
3.5
3.7
3.7
3.5
3.6
3.6
3.4
3.6
3.4
3.4
3.6
3.7
3.4
3.8
3.5
3.5
3.3
3.6
3.5
3.2
3.7
4.0
3.3
3.5
3.6
3.5
3.6
3.7
3.8
3.5
3.6
3.2
3.2
3.7
3.4
3.7
3.3
3.5
4.0
3.6
4.2
3.7
3.5
3.3
3.8
3.3
3.6
3.4
3.7
3.1
3.4
3.7
3.4
3.7
3.7
3.9
3.2
3.7
4.1
3.0
3.6
3.8
3.8
3.4
3.3
4.2
3.4
3.3
3.6
3.4
3.1
3.3
3.3
3.1
3.5
3.7
3.4
3.4
3.7
3.4
3.8
3.8
3.9
2.9
3.8
3.5
3.3
3.4
3.5
3.4
3.3
4.0
3.6
3.7
3.9
3.9
3.5
3.2
3.6
3.8
3.6
2.7
3.4
3.3
3.5
3.9
3.4
3.6
3.4
3.3
3.0
3.2
3.6
3.5
4.2
3.3
3.5
3.6
3.2
2.9
2.9
3.7
3.6
3.1
3.6
3.8
4.0
3.4
3.3
3.7
3.7
4.0
3.5
3.7
3.8
4.1
3.5
3.5
3.7
3.0
3.2
4.0
3.2
3.6
3.6
3.4
3.3
3.3
3.7
2.7
3.2
3.2
3.7
3.8
3.5
3.4
3.7
3.6
3.7
3.5
3.8
3.6
3.6
3.5
3.2
3.7
3.4
3.5
3.6
3.2
3.4
3.9
3.5
3.2
3.6
3.2
3.6
3.9
2.2
3.4
3.4
3.7
3.3
3.7
3.6
3.7
3.5
3.5
3.3
3.2
3.4
3.7
3.2
3.8
3.9
3.5
3.5
4.0
3.9
3.5
3.7
3.6
3.8
3.3
3.8
3.2
3.8
3.5
3.5
3.5
3.6
3.6
3.5
3.7
3.5
3.3
3.5
3.4
3.5
4.1
3.9
3.6
3.5
3.7
3.4
3.7
3.2
3.5
3.5
3.3
3.2
3.5
3.5
3.3
3.4
3.8
3.6
3.5
3.3
3.9
3.9
3.5
3.4
3.6
3.5
3.6
3.4
3.7
3.3
3.8
3.5
3.3
3.6
3.7
3.3
3.6
3.5
3.4
3.7
3.5
3.6
3.6
3.8
3.8
3.7
3.4
3.6
3.2
3.5
3.0
3.7
3.8
3.5
3.5
3.3
3.2
3.6
3.6
3.5
3.2
3.4
3.1
3.2
3.5
3.6
3.5
3.8
4.0
3.7
3.6
3.5
3.4
3.8
3.5
3.5
3.0
3.3
3.6
3.4
3.5
3.4
3.5
3.6
3.3
3.7
3.6
3.5
3.7
3.6
3.8
3.2
3.2
3.5
3.6
3.6
3.6
3.5
3.3
3.2
3.2
3.2
3.3
3.6
3.8
3.5
3.5
3.4
3.4
3.4
3.7
3.4
3.5
3.4
3.6
3.3
3.5
4.0
3.5
3.6
3.6
3.4
3.7
2.4
3.6
3.6
3.9
3.7
4.0
3.6
3.4
3.7
3.8
3.7
3.4
3.5
3.2
3.5
3.8
3.2
3.4
3.3
3.7
3.2
3.5
3.9
3.9
3.6
3.5
3.5
3.7
3.4
3.7
3.7
3.8
3.3
3.4
3.5
3.3
3.5
3.4
3.4
4.0
3.6
3.5
4.1
3.8
3.7
3.7
3.3
2.7
3.6
3.6
3.7
3.6
3.5
3.4
3.4
3.5
3.5
3.4
3.3
3.0
3.3
3.8
3.6
3.6
3.6
3.5
3.5
3.6
3.0
3.2
3.7
3.1
3.9
3.6
3.7
3.5
3.3
3.3
3.7
3.7
3.5
3.6
3.2
3.4
2.8
3.6
3.7
3.8
3.5
3.7
3.8
3.2
3.7
3.5
3.6
3.7
3.6
3.6
3.3
3.5
3.1
3.4
3.4
4.0
3.6
3.9
3.6
3.7
3.3
3.4
3.3
4.2
3.5
3.3
3.3
3.8
4.0
3.8
3.5
3.5
3.6
3.4
3.4
3.0
3.6
3.2
3.6
3.8
3.2
3.6
3.4
3.4
3.9
3.3
3.5
4.0
3.2
3.0
3.4
3.8
3.6
3.4
3.8
3.6
3.4
3.9
3.3
3.3
3.6
3.5
3.6
3.0
3.4
3.6
3.8
3.6
3.3
3.8
3.5
3.7
3.7
3.6
3.4
3.4
3.6
4.1
3.5
3.3
3.5
3.2
3.2
3.6
3.9
3.2
3.3
3.8
3.9
3.6
3.5
3.6
3.4
3.5
4.0
3.5
3.6
3.5
3.6
3.8
3.2
3.8
3.5
3.4
3.7
3.8
3.3
3.5
3.5
3.8
3.6
3.8
4.1
3.1
3.5
3.5
3.8
3.4
3.6
3.6
3.2
3.6
3.2
3.7
3.6
3.6
3.5
3.5
3.8
3.7
3.4
3.6
3.6
3.4
3.0
3.6
3.6
3.8
3.7
3.6
3.7
3.3
3.5
3.8
3.4
3.3
3.6
3.7
3.5
3.5
3.8
3.9
3.7
4.2
3.3
3.4
3.6
3.8
3.7
3.4
3.5
3.6
3.7
3.6
3.6
3.5
3.1
3.4
3.6
3.4
3.6
3.4
3.8
3.6
3.4
3.4
3.4
3.5
3.5
3.5
3.6
3.8
3.5
3.2
4.0
3.5
3.2
3.5
3.2
3.5
3.5
3.6
3.8
3.5
3.9
3.6
3.2
3.6
3.5
3.3
3.7
3.2
3.7
3.2
3.6
3.3
3.1
3.4
3.4
3.5
3.3
3.6
3.7
3.6
4.0
3.6
3.5
3.3
3.8
3.6
3.4
2.8
3.4
3.5
3.4
3.7
3.9
3.0
3.6
3.9
4.2
3.4
3.4
3.8
3.6
3.5
3.3
3.6
3.8
3.7
2.9
3.5
3.8
3.4
3.4
3.5
3.4
3.2
3.7
3.6
3.6
3.8
3.5
3.6
3.8
3.8
3.3
3.8
3.6
3.2
3.4
3.6
3.7
3.5
3.8
3.4
3.3
3.6
3.5
3.7
3.5
3.4
4.0
3.7
3.3
3.6
3.5
3.1
3.8
3.5
3.5
3.5
3.7
3.8
3.7
3.7
3.6
3.5
3.0
11018:
3.3
2380:
3.8
3.4
3.4
3.6
3.9
3.6
3.4
3.8
3.7
3.6
3.9
3.4
3.9
3.4
3.3
3.8
3.8
3.8
3.6
3.9
4.0
3.7
3.8
3.6
3.5
3.6
3.6
3.6
3.5
3.8
3.7
3.8
3.7
3.5
3.5
3.6
4.0
3.4
3.9
3.5
3.5
3.8
3.9
3.6
3.8
3.6
2472:
3.0
2.9
3.1
3.1
2.7
3.2
3.2
14985:
3.3
4.0
3.9
3.4
3.5
3.4
3.5
3.0
3.4
3.4
3.3
3.2
3.4
3.5
3.3
3.8
3.5
4.1
3.1
3.4
3.3
2130:
3.6
3.6
3.7
3.5
3.4
3.5
3.7
3.3
3.8
3.8
3.6
3.8
3.5
4.0
3.9
3.8
3.6
3.4
3.7
3.8
3.3
6442:
2.5
3.1
2.3
2.8
2.7
2.8
3.1
2.7
2.9
9608:
3.4
3.3
1634:
4.0
3.7
4.0
3.6
3.6
4.0
3.6
3.4
1131:
2.3
9530:
1.7
3.6
7161:
3.6
3.8
3.3
4.0
3.5
3.9
4.1
3.8
8077:
3.6
3.2
3.2
3.4
3.2
3.5
3.6
3.1
12300:
3.3
3.3
3.4
3.2
3.6
8532:
3.9
3142:
3.1
3.0
2.9
3.0
2.7
3.3
3.0
2.9
3.0
3.0
2.5
2.6
3.2
3.0
3.1
2.8
2.9
2.9
3.0
3.1
2.7
3.0
5645:
3.7
2007:
2.9
16736:
3.3
3.4
3.4
16070:
3.1
15969:
3.9
3.1
3.6
3.5
3.9
3.5
3.4
3.6
3.4
3.6
3.8
3.7
3.7
1.00
