16104:
2.766
2.523
2.772
2.802
2.711
3.705
2.442
2.642
2.58
2.922
2.172
2.661
2.588
2.769
16105:
1.107
1.637
1.801
1.694
16106:
3.921
3.924
4.021
4.025
4.092
3.764
4.478
3.966
5.025
3.714
3.738
16107:
4.16
4.884
4.884
3.744
4.488
4.462
5.509
4.274
4.274
4.791
3.988
4.26
4.509
4.391
4.909
4.842
4.868
3.942
4.491
4.297
3.265
5.031
4.622
4.65
4.069
4.3
16108:
2.226
2.928
2.005
2.641
2.025
2.045
2.748
2.154
2.555
2.223
3.113
2:
3.573
3.38
2.964
3.366
3.46
3.813
3.577
3.095
4.511
4.644
20:
2.816
3.118
200:
2.687
2.487
2.427
1.766
2.696
3.738
2.533
2.649
2000:
3.799
2.039
3.891
3.469
4.076
3.757
3.322
3.498
3.909
4.225
3.956
3.795
4.435
3.484
3.832
4.264
3.824
4.103
4.385
4.334
3.494
4.729
3.685
3.368
3.969
4.53
3.71
3.828
3.691
3.914
3.965
3.947
3.605
3.296
3.636
3.845
3.664
4.469
4.001
3.959
4.195
3.858
2.828
3.961
3.44
3.783
3.58
4.355
3.376
3.441
3.978
3.844
3.52
3.589
3.973
3.62
4.173
3.999
4.116
3.564
3.809
3.59
3.514
3.912
4.223
4.165
3.786
3.796
3.656
3.801
3.269
4.167
3.358
3.367
3.959
3.309
3.976
3.778
4.153
3.765
3.803
4.095
3.772
3.749
3.799
4.051
3.667
3.704
4.013
4.715
4.122
3.835
3.971
3.962
3.56
3.573
3.307
3.903
3.791
4.143
3.392
4.169
3.77
4.539
4.474
3.6
3.907
3.999
4.198
3.374
3.922
4.141
3.848
3.808
4.096
3.777
4.73
4.112
3.23
3.653
3.85
3.612
4.274
3.602
3.113
4.162
4.41
3.133
4.093
3.974
3.38
3.743
3.645
4.196
3.31
3.745
3.865
3.686
3.501
3.865
3.137
3.901
4.468
3.83
3.605
4.163
3.579
4.373
3.576
3.468
2.958
4.247
3.428
4.146
4.021
3.731
4.357
3.738
4.717
4.041
4.454
3.909
3.655
4.107
3.92
4.164
3.885
3.637
4.196
3.487
3:
3.516
3.7
1.818
3.698
3.893
3.575
3.396
3.184
4.352
3.985
4.689
3.25
3.715
4.591
3.486
3.481
3.95
4.053
2.087
3.622
3.124
4.879
3.393
3.657
3.569
3.353
3.741
3.681
30:
3.398
4.216
3.288
2.956
3.678
2.839
3.929
2.065
4.12
5.043
4.62
4.466
3.617
3.768
3.471
3.406
3.865
3.237
3.458
3.329
4.179
2.645
4.861
4.643
4.238
3.455
4.477
4.365
4.316
3.643
4.461
3.913
3.839
1.547
4:
3.779
2.823
3.255
3.09
40:
3.47
3.039
2.868
2.221
2.83
2.579
2.233
3.606
2.633
3.372
3.298
3.308
3.373
2.963
2.366
2.808
3.859
2.87
2.692
3.013
3.938
1.704
3.534
2.848
2.318
3.041
2.637
2.367
3.505
2.406
3.086
2.88
3.222
3.258
2.528
400:
3.733
3.501
3.737
3.891
4.202
3.953
5.073
4.17
4.783
4.012
3.053
3.24
2.93
4.232
3.758
3.946
3.784
3.117
4.221
4.344
4.091
3.382
4.339
3.896
5.008
3.634
4.208
3.541
4.783
4.279
3.758
4.042
4.43
4.322
4.241
3.258
4.547
4.11
3.561
4.539
2.369
4.403
3.967
3.66
3.379
4.633
4.509
4.117
3.351
3.891
4.674
4.506
4.111
3.913
4.703
4.684
4.43
2.141
4.476
3.175
4.513
3.586
4.425
3.393
4.203
4.021
3.876
4.99
4.433
4.337
4.258
3.237
3.811
3.978
3.187
3.977
3.846
4.051
5.029
4.031
2.591
3.961
3.718
3.62
4.143
3.536
4.114
3.678
3.846
3.279
4.169
2.92
4.714
4.334
3.241
4.424
4.589
4.132
3.878
4.097
3.924
4.339
4000:
1.045
4001:
3.783
3.935
3.813
3.671
3.238
3.497
3.307
3.803
3.142
3.236
3.556
4.237
3.38
3.767
4.612
1.602
4.149
4.418
3.382
4.22
3.891
3.834
4002:
3.222
3.714
4.45
3.606
4.393
3.578
4.064
3.625
4.172
3.779
4003:
1.722
4004:
3.818
3.741
4.593
3.265
3.519
4.065
4.233
4.675
4.154
3.55
3.383
4.282
3.28
3.529
4.012
5:
4.943
4.281
3.186
3.891
4.765
4.37
4.005
3.291
3.482
4.15
4.318
4.07
3.335
4.004
4.096
4.352
4.672
4.371
3.716
4.302
4.621
4.648
3.533
4.529
4.291
3.636
4.186
4.514
4.186
4.319
3.328
4.743
4.437
4.122
4.473
3.698
3.584
4.004
3.729
3.969
4.163
3.905
3.914
3.269
4.196
5.291
4.726
3.743
4.832
3.972
4.609
3.624
3.475
4.541
4.441
3.399
3.791
4.188
3.927
3.409
4.131
3.75
4.263
3.025
50:
4.077
3.161
3.097
3.747
2.824
500:
4.566
3.62
3.603
3.64
3.921
4.14
3.365
4.184
3.071
5000:
3.013
3.399
2.61
3.647
3.402
3.642
4.115
3.381
3.842
3.795
5001:
3.381
2.801
2.375
2.73
3.399
3.736
3.26
2.154
2.66
5002:
2.547
2.368
3.089
5003:
3.871
4.247
5004:
4.141
3.24
3.203
4.567
3.9
3.527
4.468
3.883
2.744
3.729
4.544
3.459
4.292
4.099
3.649
4.07
4.292
4.299
4.094
3.97
3.554
4.332
3.423
3.777
4.173
4.009
4.601
3.582
4.098
3.4
3.387
4.013
4.189
4.041
3.923
3.552
3.55
3.762
3.992
4.586
5.299
4.205
4.296
3.918
3.905
3.398
3.0
3.763
3.459
4.164
3.959
3.04
3.486
3.833
3.952
3.252
3.78
3.626
4.048
3.897
3.439
4.539
4.201
3.857
4.646
4.332
3.313
3.408
4.501
3.412
4.298
4.201
4.058
3.604
4.234
4.899
3.561
3.836
3.459
3.893
3.376
3.457
4.026
4.583
3.775
3.61
3.945
3.435
3.702
3.534
3.68
3.704
3.768
3.758
3.728
3.834
3.89
3.569
4.299
3.747
3.417
4.226
4.213
4.298
3.841
4.082
1.971
3.747
3.678
4.46
3.975
3.239
3.812
3.185
4.002
3.199
3.732
4.267
4.013
3.972
4.445
4.068
3.752
3.816
4.855
2.94
3.545
3.266
3.773
4.023
4.39
4.771
4.184
3.97
3.977
4.108
3.856
4.131
4.357
4.103
3.432
3.965
4.105
4.555
4.56
4.27
3.87
3.049
3.71
4.187
4.274
3.997
3.881
3.864
3.664
4.15
4.125
3.583
4.256
4.209
4.883
3.307
2.632
3.483
3.873
3.571
3.538
2.932
3.314
4.091
4.139
4.108
3.974
3.374
3.764
3.924
3.656
4.045
3.933
4.013
4.261
3.881
4.079
3.257
3.607
4.899
3.966
4.154
3.207
3.698
4.124
3.566
5.049
3.514
4.189
3.927
3.88
2.808
3.587
3.21
3.572
3.974
3.564
3.816
3.979
4.571
4.333
3.171
3.235
2.993
3.809
5.299
4.055
4.151
3.787
2.981
4.663
3.57
3.898
3.53
3.299
3.658
4.177
4.066
3.91
3.825
3.848
4.691
3.763
4.982
4.126
4.099
3.699
4.618
3.799
3.095
4.256
3.988
4.277
3.607
4.304
4.415
2.632
4.197
3.951
4.2
3.927
3.75
3.482
4.275
4.068
3.792
4.631
4.433
3.526
3.707
4.086
4.049
3.788
4.578
3.952
4.636
3.854
3.52
5005:
3.025
3.284
3.21
2.527
2.179
2.546
3.277
2.873
2.976
5006:
3.852
3.473
3.913
5.073
3.823
3.781
4.593
4.006
3.552
3.976
17700:
3.929
17701:
4.142
3.977
3.04
3.113
2.749
3.741
3.457
2.363
3.415
4.086
2.788
3.25
3.249
3.527
2.344
17702:
2.274
3.006
2.511
2.056
2.392
2.487
3.756
2.594
2.824
2.808
2.79
2.489
2.679
2.751
17703:
2.706
2.799
3.468
3.198
1.57
1.454
3.074
3.164
2.608
2.601
2.476
3.521
2.655
2.16
3.15
2.472
2.483
3.237
2.383
3.496
2.945
2.813
1.974
3.163
4.174
3.642
3.211
3.191
2.39
2.901
1.608
2.253
2.29
1.964
2.927
2.323
2.752
3.401
2.567
2.816
2.32
1.903
2.712
2.919
3.147
2.737
1.921
3.099
2.53
3.319
3.251
2.91
3.075
2.793
1.816
3.163
2.8
2.552
2.816
2.82
2.322
2.856
2.437
0.86
3.503
2.943
3.466
3.046
2.917
1.929
1.763
3.697
2.65
1.9
3.044
3.371
3.161
2.653
2.019
2.482
3.165
3.019
2.4
2.682
0.92
